[ 2018-05-24T14:21:27+08:00 ] 127.0.0.1 127.0.0.1 GET /kite/
[ log ] 127.0.0.1/kite/ [运行时间：0.020697s][吞吐率：48.32req/s] [内存消耗：221.02kb] [文件加载：10]
array (
  0 => 'D:\\wamp64\\www\\kite\\index.php',
  1 => 'D:\\wamp64\\www\\kite\\core\\Autoload.php',
  2 => 'D:\\wamp64\\www\\kite\\core\\Common.php',
  3 => 'D:\\wamp64\\www\\kite\\core\\Kite.php',
  4 => 'D:\\wamp64\\www\\kite\\core\\Route.php',
  5 => 'D:\\wamp64\\www\\kite\\Config.php',
  6 => 'D:\\wamp64\\www\\kite\\project\\home\\index.php',
  7 => 'D:\\wamp64\\www\\kite\\core\\Template.php',
  8 => 'D:\\wamp64\\www\\kite\\runtime\\cache\\6a992d5529f459a44fee58c733255e86.php',
  9 => 'D:\\wamp64\\www\\kite\\core\\Log.php',
)

---------------------------------------------------------------
[ 2018-05-24T15:42:12+08:00 ] 127.0.0.1 127.0.0.1 GET /kite/
[ log ] 127.0.0.1/kite/ [运行时间：0.016597s][吞吐率：60.25req/s] [内存消耗：221.02kb] [文件加载：10]
array (
  0 => 'D:\\wamp64\\www\\kite\\index.php',
  1 => 'D:\\wamp64\\www\\kite\\core\\Autoload.php',
  2 => 'D:\\wamp64\\www\\kite\\core\\Common.php',
  3 => 'D:\\wamp64\\www\\kite\\core\\Kite.php',
  4 => 'D:\\wamp64\\www\\kite\\core\\Route.php',
  5 => 'D:\\wamp64\\www\\kite\\Config.php',
  6 => 'D:\\wamp64\\www\\kite\\project\\home\\index.php',
  7 => 'D:\\wamp64\\www\\kite\\core\\Template.php',
  8 => 'D:\\wamp64\\www\\kite\\runtime\\cache\\6a992d5529f459a44fee58c733255e86.php',
  9 => 'D:\\wamp64\\www\\kite\\core\\Log.php',
)

---------------------------------------------------------------
[ 2018-05-24T15:56:58+08:00 ] 127.0.0.1 127.0.0.1 GET /kite/
[ log ] 127.0.0.1/kite/ [运行时间：0.014664s][吞吐率：68.19req/s] [内存消耗：221.07kb] [文件加载：10]
array (
  0 => 'D:\\wamp64\\www\\kite\\index.php',
  1 => 'D:\\wamp64\\www\\kite\\core\\Autoload.php',
  2 => 'D:\\wamp64\\www\\kite\\core\\Common.php',
  3 => 'D:\\wamp64\\www\\kite\\core\\Kite.php',
  4 => 'D:\\wamp64\\www\\kite\\core\\Route.php',
  5 => 'D:\\wamp64\\www\\kite\\Config.php',
  6 => 'D:\\wamp64\\www\\kite\\project\\home\\index.php',
  7 => 'D:\\wamp64\\www\\kite\\core\\Template.php',
  8 => 'D:\\wamp64\\www\\kite\\runtime\\cache\\6a992d5529f459a44fee58c733255e86.php',
  9 => 'D:\\wamp64\\www\\kite\\core\\Log.php',
)

---------------------------------------------------------------
[ 2018-05-24T15:57:11+08:00 ] 127.0.0.1 127.0.0.1 GET /kite/
[ log ] 127.0.0.1/kite/ [运行时间：0.012659s][吞吐率：78.99req/s] [内存消耗：221.07kb] [文件加载：10]
array (
  0 => 'D:\\wamp64\\www\\kite\\index.php',
  1 => 'D:\\wamp64\\www\\kite\\core\\Autoload.php',
  2 => 'D:\\wamp64\\www\\kite\\core\\Common.php',
  3 => 'D:\\wamp64\\www\\kite\\core\\Kite.php',
  4 => 'D:\\wamp64\\www\\kite\\core\\Route.php',
  5 => 'D:\\wamp64\\www\\kite\\Config.php',
  6 => 'D:\\wamp64\\www\\kite\\project\\home\\index.php',
  7 => 'D:\\wamp64\\www\\kite\\core\\Template.php',
  8 => 'D:\\wamp64\\www\\kite\\runtime\\cache\\6a992d5529f459a44fee58c733255e86.php',
  9 => 'D:\\wamp64\\www\\kite\\core\\Log.php',
)

---------------------------------------------------------------
[ 2018-05-24T15:57:28+08:00 ] 127.0.0.1 127.0.0.1 GET /kite/
[ log ] 127.0.0.1/kite/ [运行时间：0.008575s][吞吐率：116.62req/s] [内存消耗：221.02kb] [文件加载：10]
array (
  0 => 'D:\\wamp64\\www\\kite\\index.php',
  1 => 'D:\\wamp64\\www\\kite\\core\\Autoload.php',
  2 => 'D:\\wamp64\\www\\kite\\core\\Common.php',
  3 => 'D:\\wamp64\\www\\kite\\core\\Kite.php',
  4 => 'D:\\wamp64\\www\\kite\\core\\Route.php',
  5 => 'D:\\wamp64\\www\\kite\\Config.php',
  6 => 'D:\\wamp64\\www\\kite\\project\\home\\index.php',
  7 => 'D:\\wamp64\\www\\kite\\core\\Template.php',
  8 => 'D:\\wamp64\\www\\kite\\runtime\\cache\\6a992d5529f459a44fee58c733255e86.php',
  9 => 'D:\\wamp64\\www\\kite\\core\\Log.php',
)

---------------------------------------------------------------
[ 2018-05-24T15:57:34+08:00 ] 127.0.0.1 127.0.0.1 GET /kite/
[ log ] 127.0.0.1/kite/ [运行时间：0.012847s][吞吐率：77.84req/s] [内存消耗：221.07kb] [文件加载：10]
array (
  0 => 'D:\\wamp64\\www\\kite\\index.php',
  1 => 'D:\\wamp64\\www\\kite\\core\\Autoload.php',
  2 => 'D:\\wamp64\\www\\kite\\core\\Common.php',
  3 => 'D:\\wamp64\\www\\kite\\core\\Kite.php',
  4 => 'D:\\wamp64\\www\\kite\\core\\Route.php',
  5 => 'D:\\wamp64\\www\\kite\\Config.php',
  6 => 'D:\\wamp64\\www\\kite\\project\\home\\index.php',
  7 => 'D:\\wamp64\\www\\kite\\core\\Template.php',
  8 => 'D:\\wamp64\\www\\kite\\runtime\\cache\\6a992d5529f459a44fee58c733255e86.php',
  9 => 'D:\\wamp64\\www\\kite\\core\\Log.php',
)

---------------------------------------------------------------
[ 2018-05-24T15:58:36+08:00 ] 127.0.0.1 127.0.0.1 GET /kite/
[ log ] 127.0.0.1/kite/ [运行时间：0.019800s][吞吐率：50.51req/s] [内存消耗：195.59kb] [文件加载：10]
array (
  0 => 'D:\\wamp64\\www\\kite\\index.php',
  1 => 'D:\\wamp64\\www\\kite\\core\\Autoload.php',
  2 => 'D:\\wamp64\\www\\kite\\core\\Common.php',
  3 => 'D:\\wamp64\\www\\kite\\core\\Kite.php',
  4 => 'D:\\wamp64\\www\\kite\\core\\Route.php',
  5 => 'D:\\wamp64\\www\\kite\\Config.php',
  6 => 'D:\\wamp64\\www\\kite\\project\\home\\index.php',
  7 => 'D:\\wamp64\\www\\kite\\core\\Template.php',
  8 => 'D:\\wamp64\\www\\kite\\runtime\\cache\\6a992d5529f459a44fee58c733255e86.php',
  9 => 'D:\\wamp64\\www\\kite\\core\\Log.php',
)

---------------------------------------------------------------
[ 2018-05-24T15:58:44+08:00 ] 127.0.0.1 127.0.0.1 GET /kite/
[ log ] 127.0.0.1/kite/ [运行时间：0.010747s][吞吐率：93.05req/s] [内存消耗：195.63kb] [文件加载：10]
array (
  0 => 'D:\\wamp64\\www\\kite\\index.php',
  1 => 'D:\\wamp64\\www\\kite\\core\\Autoload.php',
  2 => 'D:\\wamp64\\www\\kite\\core\\Common.php',
  3 => 'D:\\wamp64\\www\\kite\\core\\Kite.php',
  4 => 'D:\\wamp64\\www\\kite\\core\\Route.php',
  5 => 'D:\\wamp64\\www\\kite\\Config.php',
  6 => 'D:\\wamp64\\www\\kite\\project\\home\\index.php',
  7 => 'D:\\wamp64\\www\\kite\\core\\Template.php',
  8 => 'D:\\wamp64\\www\\kite\\runtime\\cache\\6a992d5529f459a44fee58c733255e86.php',
  9 => 'D:\\wamp64\\www\\kite\\core\\Log.php',
)

---------------------------------------------------------------
[ 2018-05-24T15:58:44+08:00 ] 127.0.0.1 127.0.0.1 GET /kite/
[ log ] 127.0.0.1/kite/ [运行时间：0.014283s][吞吐率：70.01req/s] [内存消耗：195.63kb] [文件加载：10]
array (
  0 => 'D:\\wamp64\\www\\kite\\index.php',
  1 => 'D:\\wamp64\\www\\kite\\core\\Autoload.php',
  2 => 'D:\\wamp64\\www\\kite\\core\\Common.php',
  3 => 'D:\\wamp64\\www\\kite\\core\\Kite.php',
  4 => 'D:\\wamp64\\www\\kite\\core\\Route.php',
  5 => 'D:\\wamp64\\www\\kite\\Config.php',
  6 => 'D:\\wamp64\\www\\kite\\project\\home\\index.php',
  7 => 'D:\\wamp64\\www\\kite\\core\\Template.php',
  8 => 'D:\\wamp64\\www\\kite\\runtime\\cache\\6a992d5529f459a44fee58c733255e86.php',
  9 => 'D:\\wamp64\\www\\kite\\core\\Log.php',
)

---------------------------------------------------------------
[ 2018-05-24T15:58:45+08:00 ] 127.0.0.1 127.0.0.1 GET /kite/
[ log ] 127.0.0.1/kite/ [运行时间：0.027762s][吞吐率：36.02req/s] [内存消耗：195.63kb] [文件加载：10]
array (
  0 => 'D:\\wamp64\\www\\kite\\index.php',
  1 => 'D:\\wamp64\\www\\kite\\core\\Autoload.php',
  2 => 'D:\\wamp64\\www\\kite\\core\\Common.php',
  3 => 'D:\\wamp64\\www\\kite\\core\\Kite.php',
  4 => 'D:\\wamp64\\www\\kite\\core\\Route.php',
  5 => 'D:\\wamp64\\www\\kite\\Config.php',
  6 => 'D:\\wamp64\\www\\kite\\project\\home\\index.php',
  7 => 'D:\\wamp64\\www\\kite\\core\\Template.php',
  8 => 'D:\\wamp64\\www\\kite\\runtime\\cache\\6a992d5529f459a44fee58c733255e86.php',
  9 => 'D:\\wamp64\\www\\kite\\core\\Log.php',
)

---------------------------------------------------------------
[ 2018-05-24T15:58:48+08:00 ] 127.0.0.1 127.0.0.1 GET /kite/
[ log ] 127.0.0.1/kite/ [运行时间：0.013605s][吞吐率：73.50req/s] [内存消耗：195.63kb] [文件加载：10]
array (
  0 => 'D:\\wamp64\\www\\kite\\index.php',
  1 => 'D:\\wamp64\\www\\kite\\core\\Autoload.php',
  2 => 'D:\\wamp64\\www\\kite\\core\\Common.php',
  3 => 'D:\\wamp64\\www\\kite\\core\\Kite.php',
  4 => 'D:\\wamp64\\www\\kite\\core\\Route.php',
  5 => 'D:\\wamp64\\www\\kite\\Config.php',
  6 => 'D:\\wamp64\\www\\kite\\project\\home\\index.php',
  7 => 'D:\\wamp64\\www\\kite\\core\\Template.php',
  8 => 'D:\\wamp64\\www\\kite\\runtime\\cache\\6a992d5529f459a44fee58c733255e86.php',
  9 => 'D:\\wamp64\\www\\kite\\core\\Log.php',
)

---------------------------------------------------------------
[ 2018-05-24T15:58:52+08:00 ] 127.0.0.1 127.0.0.1 GET /kite/
[ log ] 127.0.0.1/kite/ [运行时间：0.027691s][吞吐率：36.11req/s] [内存消耗：195.65kb] [文件加载：10]
array (
  0 => 'D:\\wamp64\\www\\kite\\index.php',
  1 => 'D:\\wamp64\\www\\kite\\core\\Autoload.php',
  2 => 'D:\\wamp64\\www\\kite\\core\\Common.php',
  3 => 'D:\\wamp64\\www\\kite\\core\\Kite.php',
  4 => 'D:\\wamp64\\www\\kite\\core\\Route.php',
  5 => 'D:\\wamp64\\www\\kite\\Config.php',
  6 => 'D:\\wamp64\\www\\kite\\project\\home\\index.php',
  7 => 'D:\\wamp64\\www\\kite\\core\\Template.php',
  8 => 'D:\\wamp64\\www\\kite\\runtime\\cache\\6a992d5529f459a44fee58c733255e86.php',
  9 => 'D:\\wamp64\\www\\kite\\core\\Log.php',
)

---------------------------------------------------------------
[ 2018-05-24T16:00:34+08:00 ] 127.0.0.1 127.0.0.1 GET /kite/
[ log ] 127.0.0.1/kite/ [运行时间：0.023743s][吞吐率：42.12req/s] [内存消耗：197.45kb] [文件加载：10]
array (
  0 => 'D:\\wamp64\\www\\kite\\index.php',
  1 => 'D:\\wamp64\\www\\kite\\core\\Autoload.php',
  2 => 'D:\\wamp64\\www\\kite\\core\\Common.php',
  3 => 'D:\\wamp64\\www\\kite\\core\\Kite.php',
  4 => 'D:\\wamp64\\www\\kite\\core\\Route.php',
  5 => 'D:\\wamp64\\www\\kite\\Config.php',
  6 => 'D:\\wamp64\\www\\kite\\project\\home\\index.php',
  7 => 'D:\\wamp64\\www\\kite\\core\\Template.php',
  8 => 'D:\\wamp64\\www\\kite\\runtime\\cache\\6a992d5529f459a44fee58c733255e86.php',
  9 => 'D:\\wamp64\\www\\kite\\core\\Log.php',
)

---------------------------------------------------------------
[ 2018-05-24T16:00:40+08:00 ] 127.0.0.1 127.0.0.1 GET /kite/
[ log ] 127.0.0.1/kite/ [运行时间：0.012855s][吞吐率：77.79req/s] [内存消耗：197.34kb] [文件加载：10]
array (
  0 => 'D:\\wamp64\\www\\kite\\index.php',
  1 => 'D:\\wamp64\\www\\kite\\core\\Autoload.php',
  2 => 'D:\\wamp64\\www\\kite\\core\\Common.php',
  3 => 'D:\\wamp64\\www\\kite\\core\\Kite.php',
  4 => 'D:\\wamp64\\www\\kite\\core\\Route.php',
  5 => 'D:\\wamp64\\www\\kite\\Config.php',
  6 => 'D:\\wamp64\\www\\kite\\project\\home\\index.php',
  7 => 'D:\\wamp64\\www\\kite\\core\\Template.php',
  8 => 'D:\\wamp64\\www\\kite\\runtime\\cache\\6a992d5529f459a44fee58c733255e86.php',
  9 => 'D:\\wamp64\\www\\kite\\core\\Log.php',
)

---------------------------------------------------------------
[ 2018-05-24T16:00:41+08:00 ] 127.0.0.1 127.0.0.1 GET /kite/
[ log ] 127.0.0.1/kite/ [运行时间：0.012700s][吞吐率：78.74req/s] [内存消耗：197.34kb] [文件加载：10]
array (
  0 => 'D:\\wamp64\\www\\kite\\index.php',
  1 => 'D:\\wamp64\\www\\kite\\core\\Autoload.php',
  2 => 'D:\\wamp64\\www\\kite\\core\\Common.php',
  3 => 'D:\\wamp64\\www\\kite\\core\\Kite.php',
  4 => 'D:\\wamp64\\www\\kite\\core\\Route.php',
  5 => 'D:\\wamp64\\www\\kite\\Config.php',
  6 => 'D:\\wamp64\\www\\kite\\project\\home\\index.php',
  7 => 'D:\\wamp64\\www\\kite\\core\\Template.php',
  8 => 'D:\\wamp64\\www\\kite\\runtime\\cache\\6a992d5529f459a44fee58c733255e86.php',
  9 => 'D:\\wamp64\\www\\kite\\core\\Log.php',
)

---------------------------------------------------------------
[ 2018-05-24T16:00:41+08:00 ] 127.0.0.1 127.0.0.1 GET /kite/
[ log ] 127.0.0.1/kite/ [运行时间：0.023858s][吞吐率：41.91req/s] [内存消耗：197.34kb] [文件加载：10]
array (
  0 => 'D:\\wamp64\\www\\kite\\index.php',
  1 => 'D:\\wamp64\\www\\kite\\core\\Autoload.php',
  2 => 'D:\\wamp64\\www\\kite\\core\\Common.php',
  3 => 'D:\\wamp64\\www\\kite\\core\\Kite.php',
  4 => 'D:\\wamp64\\www\\kite\\core\\Route.php',
  5 => 'D:\\wamp64\\www\\kite\\Config.php',
  6 => 'D:\\wamp64\\www\\kite\\project\\home\\index.php',
  7 => 'D:\\wamp64\\www\\kite\\core\\Template.php',
  8 => 'D:\\wamp64\\www\\kite\\runtime\\cache\\6a992d5529f459a44fee58c733255e86.php',
  9 => 'D:\\wamp64\\www\\kite\\core\\Log.php',
)

---------------------------------------------------------------
[ 2018-05-24T16:00:41+08:00 ] 127.0.0.1 127.0.0.1 GET /kite/
[ log ] 127.0.0.1/kite/ [运行时间：0.023420s][吞吐率：42.70req/s] [内存消耗：197.34kb] [文件加载：10]
array (
  0 => 'D:\\wamp64\\www\\kite\\index.php',
  1 => 'D:\\wamp64\\www\\kite\\core\\Autoload.php',
  2 => 'D:\\wamp64\\www\\kite\\core\\Common.php',
  3 => 'D:\\wamp64\\www\\kite\\core\\Kite.php',
  4 => 'D:\\wamp64\\www\\kite\\core\\Route.php',
  5 => 'D:\\wamp64\\www\\kite\\Config.php',
  6 => 'D:\\wamp64\\www\\kite\\project\\home\\index.php',
  7 => 'D:\\wamp64\\www\\kite\\core\\Template.php',
  8 => 'D:\\wamp64\\www\\kite\\runtime\\cache\\6a992d5529f459a44fee58c733255e86.php',
  9 => 'D:\\wamp64\\www\\kite\\core\\Log.php',
)

---------------------------------------------------------------
[ 2018-05-24T16:00:41+08:00 ] 127.0.0.1 127.0.0.1 GET /kite/
[ log ] 127.0.0.1/kite/ [运行时间：0.023237s][吞吐率：43.03req/s] [内存消耗：197.34kb] [文件加载：10]
array (
  0 => 'D:\\wamp64\\www\\kite\\index.php',
  1 => 'D:\\wamp64\\www\\kite\\core\\Autoload.php',
  2 => 'D:\\wamp64\\www\\kite\\core\\Common.php',
  3 => 'D:\\wamp64\\www\\kite\\core\\Kite.php',
  4 => 'D:\\wamp64\\www\\kite\\core\\Route.php',
  5 => 'D:\\wamp64\\www\\kite\\Config.php',
  6 => 'D:\\wamp64\\www\\kite\\project\\home\\index.php',
  7 => 'D:\\wamp64\\www\\kite\\core\\Template.php',
  8 => 'D:\\wamp64\\www\\kite\\runtime\\cache\\6a992d5529f459a44fee58c733255e86.php',
  9 => 'D:\\wamp64\\www\\kite\\core\\Log.php',
)

---------------------------------------------------------------
[ 2018-05-24T16:00:43+08:00 ] 127.0.0.1 127.0.0.1 GET /kite/
[ log ] 127.0.0.1/kite/ [运行时间：0.009125s][吞吐率：109.59req/s] [内存消耗：197.34kb] [文件加载：10]
array (
  0 => 'D:\\wamp64\\www\\kite\\index.php',
  1 => 'D:\\wamp64\\www\\kite\\core\\Autoload.php',
  2 => 'D:\\wamp64\\www\\kite\\core\\Common.php',
  3 => 'D:\\wamp64\\www\\kite\\core\\Kite.php',
  4 => 'D:\\wamp64\\www\\kite\\core\\Route.php',
  5 => 'D:\\wamp64\\www\\kite\\Config.php',
  6 => 'D:\\wamp64\\www\\kite\\project\\home\\index.php',
  7 => 'D:\\wamp64\\www\\kite\\core\\Template.php',
  8 => 'D:\\wamp64\\www\\kite\\runtime\\cache\\6a992d5529f459a44fee58c733255e86.php',
  9 => 'D:\\wamp64\\www\\kite\\core\\Log.php',
)

---------------------------------------------------------------
[ 2018-05-24T16:00:52+08:00 ] 127.0.0.1 127.0.0.1 GET /kite/
[ log ] 127.0.0.1/kite/ [运行时间：0.030839s][吞吐率：32.43req/s] [内存消耗：197.34kb] [文件加载：10]
array (
  0 => 'D:\\wamp64\\www\\kite\\index.php',
  1 => 'D:\\wamp64\\www\\kite\\core\\Autoload.php',
  2 => 'D:\\wamp64\\www\\kite\\core\\Common.php',
  3 => 'D:\\wamp64\\www\\kite\\core\\Kite.php',
  4 => 'D:\\wamp64\\www\\kite\\core\\Route.php',
  5 => 'D:\\wamp64\\www\\kite\\Config.php',
  6 => 'D:\\wamp64\\www\\kite\\project\\home\\index.php',
  7 => 'D:\\wamp64\\www\\kite\\core\\Template.php',
  8 => 'D:\\wamp64\\www\\kite\\runtime\\cache\\6a992d5529f459a44fee58c733255e86.php',
  9 => 'D:\\wamp64\\www\\kite\\core\\Log.php',
)

---------------------------------------------------------------
[ 2018-05-24T16:02:01+08:00 ] 127.0.0.1 127.0.0.1 GET /kite/
[ log ] 127.0.0.1/kite/ [运行时间：0.020657s][吞吐率：48.41req/s] [内存消耗：198.27kb] [文件加载：10]
array (
  0 => 'D:\\wamp64\\www\\kite\\index.php',
  1 => 'D:\\wamp64\\www\\kite\\core\\Autoload.php',
  2 => 'D:\\wamp64\\www\\kite\\core\\Common.php',
  3 => 'D:\\wamp64\\www\\kite\\core\\Kite.php',
  4 => 'D:\\wamp64\\www\\kite\\core\\Route.php',
  5 => 'D:\\wamp64\\www\\kite\\Config.php',
  6 => 'D:\\wamp64\\www\\kite\\project\\home\\index.php',
  7 => 'D:\\wamp64\\www\\kite\\core\\Template.php',
  8 => 'D:\\wamp64\\www\\kite\\runtime\\cache\\6a992d5529f459a44fee58c733255e86.php',
  9 => 'D:\\wamp64\\www\\kite\\core\\Log.php',
)

---------------------------------------------------------------
[ 2018-05-24T16:02:26+08:00 ] 127.0.0.1 127.0.0.1 GET /kite/
[ log ] 127.0.0.1/kite/ [运行时间：0.027160s][吞吐率：36.82req/s] [内存消耗：222.05kb] [文件加载：10]
array (
  0 => 'D:\\wamp64\\www\\kite\\index.php',
  1 => 'D:\\wamp64\\www\\kite\\core\\Autoload.php',
  2 => 'D:\\wamp64\\www\\kite\\core\\Common.php',
  3 => 'D:\\wamp64\\www\\kite\\core\\Kite.php',
  4 => 'D:\\wamp64\\www\\kite\\core\\Route.php',
  5 => 'D:\\wamp64\\www\\kite\\Config.php',
  6 => 'D:\\wamp64\\www\\kite\\project\\home\\index.php',
  7 => 'D:\\wamp64\\www\\kite\\core\\Template.php',
  8 => 'D:\\wamp64\\www\\kite\\runtime\\cache\\6a992d5529f459a44fee58c733255e86.php',
  9 => 'D:\\wamp64\\www\\kite\\core\\Log.php',
)

---------------------------------------------------------------
[ 2018-05-24T16:02:37+08:00 ] 127.0.0.1 127.0.0.1 GET /kite/
[ log ] 127.0.0.1/kite/ [运行时间：0.013784s][吞吐率：72.55req/s] [内存消耗：221.89kb] [文件加载：10]
array (
  0 => 'D:\\wamp64\\www\\kite\\index.php',
  1 => 'D:\\wamp64\\www\\kite\\core\\Autoload.php',
  2 => 'D:\\wamp64\\www\\kite\\core\\Common.php',
  3 => 'D:\\wamp64\\www\\kite\\core\\Kite.php',
  4 => 'D:\\wamp64\\www\\kite\\core\\Route.php',
  5 => 'D:\\wamp64\\www\\kite\\Config.php',
  6 => 'D:\\wamp64\\www\\kite\\project\\home\\index.php',
  7 => 'D:\\wamp64\\www\\kite\\core\\Template.php',
  8 => 'D:\\wamp64\\www\\kite\\runtime\\cache\\6a992d5529f459a44fee58c733255e86.php',
  9 => 'D:\\wamp64\\www\\kite\\core\\Log.php',
)

---------------------------------------------------------------
[ 2018-05-24T16:02:38+08:00 ] 127.0.0.1 127.0.0.1 GET /kite/
[ log ] 127.0.0.1/kite/ [运行时间：0.019948s][吞吐率：50.13req/s] [内存消耗：221.89kb] [文件加载：10]
array (
  0 => 'D:\\wamp64\\www\\kite\\index.php',
  1 => 'D:\\wamp64\\www\\kite\\core\\Autoload.php',
  2 => 'D:\\wamp64\\www\\kite\\core\\Common.php',
  3 => 'D:\\wamp64\\www\\kite\\core\\Kite.php',
  4 => 'D:\\wamp64\\www\\kite\\core\\Route.php',
  5 => 'D:\\wamp64\\www\\kite\\Config.php',
  6 => 'D:\\wamp64\\www\\kite\\project\\home\\index.php',
  7 => 'D:\\wamp64\\www\\kite\\core\\Template.php',
  8 => 'D:\\wamp64\\www\\kite\\runtime\\cache\\6a992d5529f459a44fee58c733255e86.php',
  9 => 'D:\\wamp64\\www\\kite\\core\\Log.php',
)

---------------------------------------------------------------
[ 2018-05-24T16:02:41+08:00 ] 127.0.0.1 127.0.0.1 GET /kite/
[ log ] 127.0.0.1/kite/ [运行时间：0.012754s][吞吐率：78.41req/s] [内存消耗：221.89kb] [文件加载：10]
array (
  0 => 'D:\\wamp64\\www\\kite\\index.php',
  1 => 'D:\\wamp64\\www\\kite\\core\\Autoload.php',
  2 => 'D:\\wamp64\\www\\kite\\core\\Common.php',
  3 => 'D:\\wamp64\\www\\kite\\core\\Kite.php',
  4 => 'D:\\wamp64\\www\\kite\\core\\Route.php',
  5 => 'D:\\wamp64\\www\\kite\\Config.php',
  6 => 'D:\\wamp64\\www\\kite\\project\\home\\index.php',
  7 => 'D:\\wamp64\\www\\kite\\core\\Template.php',
  8 => 'D:\\wamp64\\www\\kite\\runtime\\cache\\6a992d5529f459a44fee58c733255e86.php',
  9 => 'D:\\wamp64\\www\\kite\\core\\Log.php',
)

---------------------------------------------------------------
[ 2018-05-24T16:02:42+08:00 ] 127.0.0.1 127.0.0.1 GET /kite/
[ log ] 127.0.0.1/kite/ [运行时间：0.015968s][吞吐率：62.62req/s] [内存消耗：221.89kb] [文件加载：10]
array (
  0 => 'D:\\wamp64\\www\\kite\\index.php',
  1 => 'D:\\wamp64\\www\\kite\\core\\Autoload.php',
  2 => 'D:\\wamp64\\www\\kite\\core\\Common.php',
  3 => 'D:\\wamp64\\www\\kite\\core\\Kite.php',
  4 => 'D:\\wamp64\\www\\kite\\core\\Route.php',
  5 => 'D:\\wamp64\\www\\kite\\Config.php',
  6 => 'D:\\wamp64\\www\\kite\\project\\home\\index.php',
  7 => 'D:\\wamp64\\www\\kite\\core\\Template.php',
  8 => 'D:\\wamp64\\www\\kite\\runtime\\cache\\6a992d5529f459a44fee58c733255e86.php',
  9 => 'D:\\wamp64\\www\\kite\\core\\Log.php',
)

---------------------------------------------------------------
[ 2018-05-24T16:02:44+08:00 ] 127.0.0.1 127.0.0.1 GET /kite/
[ log ] 127.0.0.1/kite/ [运行时间：0.014942s][吞吐率：66.93req/s] [内存消耗：221.89kb] [文件加载：10]
array (
  0 => 'D:\\wamp64\\www\\kite\\index.php',
  1 => 'D:\\wamp64\\www\\kite\\core\\Autoload.php',
  2 => 'D:\\wamp64\\www\\kite\\core\\Common.php',
  3 => 'D:\\wamp64\\www\\kite\\core\\Kite.php',
  4 => 'D:\\wamp64\\www\\kite\\core\\Route.php',
  5 => 'D:\\wamp64\\www\\kite\\Config.php',
  6 => 'D:\\wamp64\\www\\kite\\project\\home\\index.php',
  7 => 'D:\\wamp64\\www\\kite\\core\\Template.php',
  8 => 'D:\\wamp64\\www\\kite\\runtime\\cache\\6a992d5529f459a44fee58c733255e86.php',
  9 => 'D:\\wamp64\\www\\kite\\core\\Log.php',
)

---------------------------------------------------------------
[ 2018-05-24T16:02:49+08:00 ] 127.0.0.1 127.0.0.1 GET /kite/
[ log ] 127.0.0.1/kite/ [运行时间：0.031318s][吞吐率：31.93req/s] [内存消耗：221.84kb] [文件加载：10]
array (
  0 => 'D:\\wamp64\\www\\kite\\index.php',
  1 => 'D:\\wamp64\\www\\kite\\core\\Autoload.php',
  2 => 'D:\\wamp64\\www\\kite\\core\\Common.php',
  3 => 'D:\\wamp64\\www\\kite\\core\\Kite.php',
  4 => 'D:\\wamp64\\www\\kite\\core\\Route.php',
  5 => 'D:\\wamp64\\www\\kite\\Config.php',
  6 => 'D:\\wamp64\\www\\kite\\project\\home\\index.php',
  7 => 'D:\\wamp64\\www\\kite\\core\\Template.php',
  8 => 'D:\\wamp64\\www\\kite\\runtime\\cache\\6a992d5529f459a44fee58c733255e86.php',
  9 => 'D:\\wamp64\\www\\kite\\core\\Log.php',
)

---------------------------------------------------------------
[ 2018-05-24T16:02:57+08:00 ] 127.0.0.1 127.0.0.1 GET /kite/
[ log ] 127.0.0.1/kite/ [运行时间：0.016661s][吞吐率：60.02req/s] [内存消耗：221.89kb] [文件加载：10]
array (
  0 => 'D:\\wamp64\\www\\kite\\index.php',
  1 => 'D:\\wamp64\\www\\kite\\core\\Autoload.php',
  2 => 'D:\\wamp64\\www\\kite\\core\\Common.php',
  3 => 'D:\\wamp64\\www\\kite\\core\\Kite.php',
  4 => 'D:\\wamp64\\www\\kite\\core\\Route.php',
  5 => 'D:\\wamp64\\www\\kite\\Config.php',
  6 => 'D:\\wamp64\\www\\kite\\project\\home\\index.php',
  7 => 'D:\\wamp64\\www\\kite\\core\\Template.php',
  8 => 'D:\\wamp64\\www\\kite\\runtime\\cache\\6a992d5529f459a44fee58c733255e86.php',
  9 => 'D:\\wamp64\\www\\kite\\core\\Log.php',
)

---------------------------------------------------------------
[ 2018-05-24T16:02:57+08:00 ] 127.0.0.1 127.0.0.1 GET /kite/
[ log ] 127.0.0.1/kite/ [运行时间：0.018550s][吞吐率：53.91req/s] [内存消耗：221.89kb] [文件加载：10]
array (
  0 => 'D:\\wamp64\\www\\kite\\index.php',
  1 => 'D:\\wamp64\\www\\kite\\core\\Autoload.php',
  2 => 'D:\\wamp64\\www\\kite\\core\\Common.php',
  3 => 'D:\\wamp64\\www\\kite\\core\\Kite.php',
  4 => 'D:\\wamp64\\www\\kite\\core\\Route.php',
  5 => 'D:\\wamp64\\www\\kite\\Config.php',
  6 => 'D:\\wamp64\\www\\kite\\project\\home\\index.php',
  7 => 'D:\\wamp64\\www\\kite\\core\\Template.php',
  8 => 'D:\\wamp64\\www\\kite\\runtime\\cache\\6a992d5529f459a44fee58c733255e86.php',
  9 => 'D:\\wamp64\\www\\kite\\core\\Log.php',
)

---------------------------------------------------------------
[ 2018-05-24T16:02:58+08:00 ] 127.0.0.1 127.0.0.1 GET /kite/
[ log ] 127.0.0.1/kite/ [运行时间：0.023655s][吞吐率：42.27req/s] [内存消耗：221.89kb] [文件加载：10]
array (
  0 => 'D:\\wamp64\\www\\kite\\index.php',
  1 => 'D:\\wamp64\\www\\kite\\core\\Autoload.php',
  2 => 'D:\\wamp64\\www\\kite\\core\\Common.php',
  3 => 'D:\\wamp64\\www\\kite\\core\\Kite.php',
  4 => 'D:\\wamp64\\www\\kite\\core\\Route.php',
  5 => 'D:\\wamp64\\www\\kite\\Config.php',
  6 => 'D:\\wamp64\\www\\kite\\project\\home\\index.php',
  7 => 'D:\\wamp64\\www\\kite\\core\\Template.php',
  8 => 'D:\\wamp64\\www\\kite\\runtime\\cache\\6a992d5529f459a44fee58c733255e86.php',
  9 => 'D:\\wamp64\\www\\kite\\core\\Log.php',
)

---------------------------------------------------------------
[ 2018-05-24T16:03:04+08:00 ] 127.0.0.1 127.0.0.1 GET /kite/
[ log ] 127.0.0.1/kite/ [运行时间：0.026020s][吞吐率：38.43req/s] [内存消耗：221.89kb] [文件加载：10]
array (
  0 => 'D:\\wamp64\\www\\kite\\index.php',
  1 => 'D:\\wamp64\\www\\kite\\core\\Autoload.php',
  2 => 'D:\\wamp64\\www\\kite\\core\\Common.php',
  3 => 'D:\\wamp64\\www\\kite\\core\\Kite.php',
  4 => 'D:\\wamp64\\www\\kite\\core\\Route.php',
  5 => 'D:\\wamp64\\www\\kite\\Config.php',
  6 => 'D:\\wamp64\\www\\kite\\project\\home\\index.php',
  7 => 'D:\\wamp64\\www\\kite\\core\\Template.php',
  8 => 'D:\\wamp64\\www\\kite\\runtime\\cache\\6a992d5529f459a44fee58c733255e86.php',
  9 => 'D:\\wamp64\\www\\kite\\core\\Log.php',
)

---------------------------------------------------------------
[ 2018-05-24T16:03:15+08:00 ] 127.0.0.1 127.0.0.1 GET /kite/
[ log ] 127.0.0.1/kite/ [运行时间：0.016014s][吞吐率：62.44req/s] [内存消耗：221.89kb] [文件加载：10]
array (
  0 => 'D:\\wamp64\\www\\kite\\index.php',
  1 => 'D:\\wamp64\\www\\kite\\core\\Autoload.php',
  2 => 'D:\\wamp64\\www\\kite\\core\\Common.php',
  3 => 'D:\\wamp64\\www\\kite\\core\\Kite.php',
  4 => 'D:\\wamp64\\www\\kite\\core\\Route.php',
  5 => 'D:\\wamp64\\www\\kite\\Config.php',
  6 => 'D:\\wamp64\\www\\kite\\project\\home\\index.php',
  7 => 'D:\\wamp64\\www\\kite\\core\\Template.php',
  8 => 'D:\\wamp64\\www\\kite\\runtime\\cache\\6a992d5529f459a44fee58c733255e86.php',
  9 => 'D:\\wamp64\\www\\kite\\core\\Log.php',
)

---------------------------------------------------------------
[ 2018-05-24T16:03:20+08:00 ] 127.0.0.1 127.0.0.1 GET /kite/
[ log ] 127.0.0.1/kite/ [运行时间：0.013228s][吞吐率：75.60req/s] [内存消耗：221.89kb] [文件加载：10]
array (
  0 => 'D:\\wamp64\\www\\kite\\index.php',
  1 => 'D:\\wamp64\\www\\kite\\core\\Autoload.php',
  2 => 'D:\\wamp64\\www\\kite\\core\\Common.php',
  3 => 'D:\\wamp64\\www\\kite\\core\\Kite.php',
  4 => 'D:\\wamp64\\www\\kite\\core\\Route.php',
  5 => 'D:\\wamp64\\www\\kite\\Config.php',
  6 => 'D:\\wamp64\\www\\kite\\project\\home\\index.php',
  7 => 'D:\\wamp64\\www\\kite\\core\\Template.php',
  8 => 'D:\\wamp64\\www\\kite\\runtime\\cache\\6a992d5529f459a44fee58c733255e86.php',
  9 => 'D:\\wamp64\\www\\kite\\core\\Log.php',
)

---------------------------------------------------------------
[ 2018-05-24T16:03:25+08:00 ] 127.0.0.1 127.0.0.1 GET /kite/
[ log ] 127.0.0.1/kite/ [运行时间：0.031627s][吞吐率：31.62req/s] [内存消耗：221.84kb] [文件加载：10]
array (
  0 => 'D:\\wamp64\\www\\kite\\index.php',
  1 => 'D:\\wamp64\\www\\kite\\core\\Autoload.php',
  2 => 'D:\\wamp64\\www\\kite\\core\\Common.php',
  3 => 'D:\\wamp64\\www\\kite\\core\\Kite.php',
  4 => 'D:\\wamp64\\www\\kite\\core\\Route.php',
  5 => 'D:\\wamp64\\www\\kite\\Config.php',
  6 => 'D:\\wamp64\\www\\kite\\project\\home\\index.php',
  7 => 'D:\\wamp64\\www\\kite\\core\\Template.php',
  8 => 'D:\\wamp64\\www\\kite\\runtime\\cache\\6a992d5529f459a44fee58c733255e86.php',
  9 => 'D:\\wamp64\\www\\kite\\core\\Log.php',
)

---------------------------------------------------------------
[ 2018-05-24T16:19:52+08:00 ] 127.0.0.1 127.0.0.1 GET /kite/
[ log ] 127.0.0.1/kite/ [运行时间：0.019077s][吞吐率：52.42req/s] [内存消耗：221.84kb] [文件加载：10]
array (
  0 => 'D:\\wamp64\\www\\kite\\index.php',
  1 => 'D:\\wamp64\\www\\kite\\core\\Autoload.php',
  2 => 'D:\\wamp64\\www\\kite\\core\\Common.php',
  3 => 'D:\\wamp64\\www\\kite\\core\\Kite.php',
  4 => 'D:\\wamp64\\www\\kite\\core\\Route.php',
  5 => 'D:\\wamp64\\www\\kite\\Config.php',
  6 => 'D:\\wamp64\\www\\kite\\project\\home\\index.php',
  7 => 'D:\\wamp64\\www\\kite\\core\\Template.php',
  8 => 'D:\\wamp64\\www\\kite\\runtime\\cache\\6a992d5529f459a44fee58c733255e86.php',
  9 => 'D:\\wamp64\\www\\kite\\core\\Log.php',
)

---------------------------------------------------------------
