[ 2017-10-20T03:44:56+00:00 ] 127.0.0.1 127.0.0.1 GET /kite/
[ log ] 127.0.0.1/kite/ [运行时间：0.008000s][吞吐率：125.00req/s] [内存消耗：177.73kb] [文件加载：11]
array (
  0 => 'D:\\wamp\\www\\kite\\index.php',
  1 => 'D:\\wamp\\www\\kite\\core\\Autoload.php',
  2 => 'D:\\wamp\\www\\kite\\core\\Common.php',
  3 => 'D:\\wamp\\www\\kite\\core\\Kite.php',
  4 => 'D:\\wamp\\www\\kite\\core\\Route.php',
  5 => 'D:\\wamp\\www\\kite\\core\\home\\index\\index.php',
  6 => 'D:\\wamp\\www\\kite\\core\\Template.php',
  7 => 'D:\\wamp\\www\\kite\\core\\Db.php',
  8 => 'D:\\wamp\\www\\kite\\Config.php',
  9 => 'D:\\wamp\\www\\kite\\core\\Log.php',
  10 => 'D:\\wamp\\www\\kite\\runtime\\cache\\8daa49f97ab78e8f4865d90b30bbe71d.php',
)
[ sql ] [ EXPLAIN : array (
  'id' => 1,
  'select_type' => 'SIMPLE',
  'table' => 'k_account',
  'type' => 'ALL',
  'possible_keys' => NULL,
  'key' => NULL,
  'key_len' => NULL,
  'ref' => NULL,
  'rows' => 1,
  'extra' => 'Using where',
) ]

---------------------------------------------------------------
[ 2017-10-20T03:58:12+00:00 ] 127.0.0.1 127.0.0.1 GET /kite/
[ log ] 127.0.0.1/kite/ [运行时间：0.016000s][吞吐率：62.50req/s] [内存消耗：177.73kb] [文件加载：11]
array (
  0 => 'D:\\wamp\\www\\kite\\index.php',
  1 => 'D:\\wamp\\www\\kite\\core\\Autoload.php',
  2 => 'D:\\wamp\\www\\kite\\core\\Common.php',
  3 => 'D:\\wamp\\www\\kite\\core\\Kite.php',
  4 => 'D:\\wamp\\www\\kite\\core\\Route.php',
  5 => 'D:\\wamp\\www\\kite\\core\\home\\index\\index.php',
  6 => 'D:\\wamp\\www\\kite\\core\\Template.php',
  7 => 'D:\\wamp\\www\\kite\\core\\Db.php',
  8 => 'D:\\wamp\\www\\kite\\Config.php',
  9 => 'D:\\wamp\\www\\kite\\core\\Log.php',
  10 => 'D:\\wamp\\www\\kite\\runtime\\cache\\8daa49f97ab78e8f4865d90b30bbe71d.php',
)
[ sql ] [ EXPLAIN : array (
  'id' => 1,
  'select_type' => 'SIMPLE',
  'table' => 'k_account',
  'type' => 'ALL',
  'possible_keys' => NULL,
  'key' => NULL,
  'key_len' => NULL,
  'ref' => NULL,
  'rows' => 1,
  'extra' => 'Using where',
) ]

---------------------------------------------------------------
[ 2017-10-20T03:58:18+00:00 ] 127.0.0.1 127.0.0.1 GET /kite/
[ log ] 127.0.0.1/kite/ [运行时间：0.005000s][吞吐率：200.00req/s] [内存消耗：177.73kb] [文件加载：11]
array (
  0 => 'D:\\wamp\\www\\kite\\index.php',
  1 => 'D:\\wamp\\www\\kite\\core\\Autoload.php',
  2 => 'D:\\wamp\\www\\kite\\core\\Common.php',
  3 => 'D:\\wamp\\www\\kite\\core\\Kite.php',
  4 => 'D:\\wamp\\www\\kite\\core\\Route.php',
  5 => 'D:\\wamp\\www\\kite\\core\\home\\index\\index.php',
  6 => 'D:\\wamp\\www\\kite\\core\\Template.php',
  7 => 'D:\\wamp\\www\\kite\\core\\Db.php',
  8 => 'D:\\wamp\\www\\kite\\Config.php',
  9 => 'D:\\wamp\\www\\kite\\core\\Log.php',
  10 => 'D:\\wamp\\www\\kite\\runtime\\cache\\8daa49f97ab78e8f4865d90b30bbe71d.php',
)
[ sql ] [ EXPLAIN : array (
  'id' => 1,
  'select_type' => 'SIMPLE',
  'table' => 'k_account',
  'type' => 'ALL',
  'possible_keys' => NULL,
  'key' => NULL,
  'key_len' => NULL,
  'ref' => NULL,
  'rows' => 1,
  'extra' => 'Using where',
) ]

---------------------------------------------------------------
[ 2017-10-20T05:59:27+00:00 ] 127.0.0.1 127.0.0.1 GET /kite/
[ log ] 127.0.0.1/kite/ [运行时间：0.015000s][吞吐率：66.67req/s] [内存消耗：177.73kb] [文件加载：11]
array (
  0 => 'D:\\wamp\\www\\kite\\index.php',
  1 => 'D:\\wamp\\www\\kite\\core\\Autoload.php',
  2 => 'D:\\wamp\\www\\kite\\core\\Common.php',
  3 => 'D:\\wamp\\www\\kite\\core\\Kite.php',
  4 => 'D:\\wamp\\www\\kite\\core\\Route.php',
  5 => 'D:\\wamp\\www\\kite\\core\\home\\index\\index.php',
  6 => 'D:\\wamp\\www\\kite\\core\\Template.php',
  7 => 'D:\\wamp\\www\\kite\\core\\Db.php',
  8 => 'D:\\wamp\\www\\kite\\Config.php',
  9 => 'D:\\wamp\\www\\kite\\core\\Log.php',
  10 => 'D:\\wamp\\www\\kite\\runtime\\cache\\8daa49f97ab78e8f4865d90b30bbe71d.php',
)
[ sql ] [ EXPLAIN : array (
  'id' => 1,
  'select_type' => 'SIMPLE',
  'table' => 'k_account',
  'type' => 'ALL',
  'possible_keys' => NULL,
  'key' => NULL,
  'key_len' => NULL,
  'ref' => NULL,
  'rows' => 1,
  'extra' => 'Using where',
) ]

---------------------------------------------------------------
[ 2017-10-20T06:53:55+00:00 ] 127.0.0.1 127.0.0.1 GET /kite/
[ log ] 127.0.0.1/kite/ [运行时间：0.007000s][吞吐率：142.86req/s] [内存消耗：178.52kb] [文件加载：11]
array (
  0 => 'D:\\wamp\\www\\kite\\index.php',
  1 => 'D:\\wamp\\www\\kite\\core\\Autoload.php',
  2 => 'D:\\wamp\\www\\kite\\core\\Common.php',
  3 => 'D:\\wamp\\www\\kite\\core\\Kite.php',
  4 => 'D:\\wamp\\www\\kite\\core\\Route.php',
  5 => 'D:\\wamp\\www\\kite\\project\\home\\index\\index.php',
  6 => 'D:\\wamp\\www\\kite\\core\\Template.php',
  7 => 'D:\\wamp\\www\\kite\\core\\Db.php',
  8 => 'D:\\wamp\\www\\kite\\Config.php',
  9 => 'D:\\wamp\\www\\kite\\core\\Log.php',
  10 => 'D:\\wamp\\www\\kite\\runtime\\cache\\fa05a7a87db183146b9692c488208210.php',
)
[ sql ] [ EXPLAIN : array (
  'id' => 1,
  'select_type' => 'SIMPLE',
  'table' => 'k_account',
  'type' => 'ALL',
  'possible_keys' => NULL,
  'key' => NULL,
  'key_len' => NULL,
  'ref' => NULL,
  'rows' => 1,
  'extra' => 'Using where',
) ]

---------------------------------------------------------------
[ 2017-10-20T06:58:53+00:00 ] 127.0.0.1 127.0.0.1 GET /kite/
[ log ] 127.0.0.1/kite/ [运行时间：0.016000s][吞吐率：62.50req/s] [内存消耗：178.21kb] [文件加载：11]
array (
  0 => 'D:\\wamp\\www\\kite\\index.php',
  1 => 'D:\\wamp\\www\\kite\\core\\Autoload.php',
  2 => 'D:\\wamp\\www\\kite\\core\\Common.php',
  3 => 'D:\\wamp\\www\\kite\\core\\Kite.php',
  4 => 'D:\\wamp\\www\\kite\\core\\Route.php',
  5 => 'D:\\wamp\\www\\kite\\project\\home\\index\\index.php',
  6 => 'D:\\wamp\\www\\kite\\core\\Template.php',
  7 => 'D:\\wamp\\www\\kite\\core\\Db.php',
  8 => 'D:\\wamp\\www\\kite\\Config.php',
  9 => 'D:\\wamp\\www\\kite\\core\\Log.php',
  10 => 'D:\\wamp\\www\\kite\\runtime\\cache\\fa05a7a87db183146b9692c488208210.php',
)
[ sql ] [ EXPLAIN : array (
  'id' => 1,
  'select_type' => 'SIMPLE',
  'table' => 'k_account',
  'type' => 'ALL',
  'possible_keys' => NULL,
  'key' => NULL,
  'key_len' => NULL,
  'ref' => NULL,
  'rows' => 1,
  'extra' => 'Using where',
) ]

---------------------------------------------------------------
[ 2017-10-20T06:59:00+00:00 ] 127.0.0.1 127.0.0.1 GET /kite/
[ log ] 127.0.0.1/kite/ [运行时间：0.006000s][吞吐率：166.67req/s] [内存消耗：178.21kb] [文件加载：11]
array (
  0 => 'D:\\wamp\\www\\kite\\index.php',
  1 => 'D:\\wamp\\www\\kite\\core\\Autoload.php',
  2 => 'D:\\wamp\\www\\kite\\core\\Common.php',
  3 => 'D:\\wamp\\www\\kite\\core\\Kite.php',
  4 => 'D:\\wamp\\www\\kite\\core\\Route.php',
  5 => 'D:\\wamp\\www\\kite\\project\\home\\index\\index.php',
  6 => 'D:\\wamp\\www\\kite\\core\\Template.php',
  7 => 'D:\\wamp\\www\\kite\\core\\Db.php',
  8 => 'D:\\wamp\\www\\kite\\Config.php',
  9 => 'D:\\wamp\\www\\kite\\core\\Log.php',
  10 => 'D:\\wamp\\www\\kite\\runtime\\cache\\fa05a7a87db183146b9692c488208210.php',
)
[ sql ] [ EXPLAIN : array (
  'id' => 1,
  'select_type' => 'SIMPLE',
  'table' => 'k_account',
  'type' => 'ALL',
  'possible_keys' => NULL,
  'key' => NULL,
  'key_len' => NULL,
  'ref' => NULL,
  'rows' => 1,
  'extra' => 'Using where',
) ]

---------------------------------------------------------------
