[ 2017-10-26T06:04:00+00:00 ] 127.0.0.1 127.0.0.1 GET /kite/
[ log ] 127.0.0.1/kite/ [运行时间：0.017000s][吞吐率：58.82req/s] [内存消耗：174.58kb] [文件加载：11]
array (
  0 => 'D:\\wamp\\www\\kite\\index.php',
  1 => 'D:\\wamp\\www\\kite\\core\\Autoload.php',
  2 => 'D:\\wamp\\www\\kite\\core\\Common.php',
  3 => 'D:\\wamp\\www\\kite\\core\\Kite.php',
  4 => 'D:\\wamp\\www\\kite\\core\\Route.php',
  5 => 'D:\\wamp\\www\\kite\\project\\home\\index\\index.php',
  6 => 'D:\\wamp\\www\\kite\\core\\Template.php',
  7 => 'D:\\wamp\\www\\kite\\core\\Db.php',
  8 => 'D:\\wamp\\www\\kite\\Config.php',
  9 => 'D:\\wamp\\www\\kite\\core\\Log.php',
  10 => 'D:\\wamp\\www\\kite\\runtime\\cache\\fa05a7a87db183146b9692c488208210.php',
)
[ sql ] [ EXPLAIN : array (
  'id' => 1,
  'select_type' => 'SIMPLE',
  'table' => 'k_account',
  'type' => 'ALL',
  'possible_keys' => NULL,
  'key' => NULL,
  'key_len' => NULL,
  'ref' => NULL,
  'rows' => 1,
  'extra' => NULL,
) ]

---------------------------------------------------------------
[ 2017-10-26T06:04:20+00:00 ] 127.0.0.1 127.0.0.1 GET /kite/
[ log ] 127.0.0.1/kite/ [运行时间：0.017000s][吞吐率：58.82req/s] [内存消耗：174.58kb] [文件加载：11]
array (
  0 => 'D:\\wamp\\www\\kite\\index.php',
  1 => 'D:\\wamp\\www\\kite\\core\\Autoload.php',
  2 => 'D:\\wamp\\www\\kite\\core\\Common.php',
  3 => 'D:\\wamp\\www\\kite\\core\\Kite.php',
  4 => 'D:\\wamp\\www\\kite\\core\\Route.php',
  5 => 'D:\\wamp\\www\\kite\\project\\home\\index\\index.php',
  6 => 'D:\\wamp\\www\\kite\\core\\Template.php',
  7 => 'D:\\wamp\\www\\kite\\core\\Db.php',
  8 => 'D:\\wamp\\www\\kite\\Config.php',
  9 => 'D:\\wamp\\www\\kite\\core\\Log.php',
  10 => 'D:\\wamp\\www\\kite\\runtime\\cache\\fa05a7a87db183146b9692c488208210.php',
)
[ sql ] [ EXPLAIN : array (
  'id' => 1,
  'select_type' => 'SIMPLE',
  'table' => 'k_account',
  'type' => 'ALL',
  'possible_keys' => NULL,
  'key' => NULL,
  'key_len' => NULL,
  'ref' => NULL,
  'rows' => 1,
  'extra' => NULL,
) ]

---------------------------------------------------------------
[ 2017-10-26T06:04:21+00:00 ] 127.0.0.1 127.0.0.1 GET /kite/
[ log ] 127.0.0.1/kite/ [运行时间：0.006000s][吞吐率：166.67req/s] [内存消耗：174.58kb] [文件加载：11]
array (
  0 => 'D:\\wamp\\www\\kite\\index.php',
  1 => 'D:\\wamp\\www\\kite\\core\\Autoload.php',
  2 => 'D:\\wamp\\www\\kite\\core\\Common.php',
  3 => 'D:\\wamp\\www\\kite\\core\\Kite.php',
  4 => 'D:\\wamp\\www\\kite\\core\\Route.php',
  5 => 'D:\\wamp\\www\\kite\\project\\home\\index\\index.php',
  6 => 'D:\\wamp\\www\\kite\\core\\Template.php',
  7 => 'D:\\wamp\\www\\kite\\core\\Db.php',
  8 => 'D:\\wamp\\www\\kite\\Config.php',
  9 => 'D:\\wamp\\www\\kite\\core\\Log.php',
  10 => 'D:\\wamp\\www\\kite\\runtime\\cache\\fa05a7a87db183146b9692c488208210.php',
)
[ sql ] [ EXPLAIN : array (
  'id' => 1,
  'select_type' => 'SIMPLE',
  'table' => 'k_account',
  'type' => 'ALL',
  'possible_keys' => NULL,
  'key' => NULL,
  'key_len' => NULL,
  'ref' => NULL,
  'rows' => 1,
  'extra' => NULL,
) ]

---------------------------------------------------------------
[ 2017-10-26T06:04:21+00:00 ] 127.0.0.1 127.0.0.1 GET /kite/
[ log ] 127.0.0.1/kite/ [运行时间：0.006000s][吞吐率：166.67req/s] [内存消耗：174.58kb] [文件加载：11]
array (
  0 => 'D:\\wamp\\www\\kite\\index.php',
  1 => 'D:\\wamp\\www\\kite\\core\\Autoload.php',
  2 => 'D:\\wamp\\www\\kite\\core\\Common.php',
  3 => 'D:\\wamp\\www\\kite\\core\\Kite.php',
  4 => 'D:\\wamp\\www\\kite\\core\\Route.php',
  5 => 'D:\\wamp\\www\\kite\\project\\home\\index\\index.php',
  6 => 'D:\\wamp\\www\\kite\\core\\Template.php',
  7 => 'D:\\wamp\\www\\kite\\core\\Db.php',
  8 => 'D:\\wamp\\www\\kite\\Config.php',
  9 => 'D:\\wamp\\www\\kite\\core\\Log.php',
  10 => 'D:\\wamp\\www\\kite\\runtime\\cache\\fa05a7a87db183146b9692c488208210.php',
)
[ sql ] [ EXPLAIN : array (
  'id' => 1,
  'select_type' => 'SIMPLE',
  'table' => 'k_account',
  'type' => 'ALL',
  'possible_keys' => NULL,
  'key' => NULL,
  'key_len' => NULL,
  'ref' => NULL,
  'rows' => 1,
  'extra' => NULL,
) ]

---------------------------------------------------------------
[ 2017-10-26T06:04:22+00:00 ] 127.0.0.1 127.0.0.1 GET /kite/
[ log ] 127.0.0.1/kite/ [运行时间：0.007000s][吞吐率：142.86req/s] [内存消耗：174.58kb] [文件加载：11]
array (
  0 => 'D:\\wamp\\www\\kite\\index.php',
  1 => 'D:\\wamp\\www\\kite\\core\\Autoload.php',
  2 => 'D:\\wamp\\www\\kite\\core\\Common.php',
  3 => 'D:\\wamp\\www\\kite\\core\\Kite.php',
  4 => 'D:\\wamp\\www\\kite\\core\\Route.php',
  5 => 'D:\\wamp\\www\\kite\\project\\home\\index\\index.php',
  6 => 'D:\\wamp\\www\\kite\\core\\Template.php',
  7 => 'D:\\wamp\\www\\kite\\core\\Db.php',
  8 => 'D:\\wamp\\www\\kite\\Config.php',
  9 => 'D:\\wamp\\www\\kite\\core\\Log.php',
  10 => 'D:\\wamp\\www\\kite\\runtime\\cache\\fa05a7a87db183146b9692c488208210.php',
)
[ sql ] [ EXPLAIN : array (
  'id' => 1,
  'select_type' => 'SIMPLE',
  'table' => 'k_account',
  'type' => 'ALL',
  'possible_keys' => NULL,
  'key' => NULL,
  'key_len' => NULL,
  'ref' => NULL,
  'rows' => 1,
  'extra' => NULL,
) ]

---------------------------------------------------------------
[ 2017-10-26T06:04:22+00:00 ] 127.0.0.1 127.0.0.1 GET /kite/
[ log ] 127.0.0.1/kite/ [运行时间：0.006000s][吞吐率：166.67req/s] [内存消耗：174.58kb] [文件加载：11]
array (
  0 => 'D:\\wamp\\www\\kite\\index.php',
  1 => 'D:\\wamp\\www\\kite\\core\\Autoload.php',
  2 => 'D:\\wamp\\www\\kite\\core\\Common.php',
  3 => 'D:\\wamp\\www\\kite\\core\\Kite.php',
  4 => 'D:\\wamp\\www\\kite\\core\\Route.php',
  5 => 'D:\\wamp\\www\\kite\\project\\home\\index\\index.php',
  6 => 'D:\\wamp\\www\\kite\\core\\Template.php',
  7 => 'D:\\wamp\\www\\kite\\core\\Db.php',
  8 => 'D:\\wamp\\www\\kite\\Config.php',
  9 => 'D:\\wamp\\www\\kite\\core\\Log.php',
  10 => 'D:\\wamp\\www\\kite\\runtime\\cache\\fa05a7a87db183146b9692c488208210.php',
)
[ sql ] [ EXPLAIN : array (
  'id' => 1,
  'select_type' => 'SIMPLE',
  'table' => 'k_account',
  'type' => 'ALL',
  'possible_keys' => NULL,
  'key' => NULL,
  'key_len' => NULL,
  'ref' => NULL,
  'rows' => 1,
  'extra' => NULL,
) ]

---------------------------------------------------------------
[ 2017-10-26T06:05:42+00:00 ] 127.0.0.1 127.0.0.1 GET /kite/
[ log ] 127.0.0.1/kite/ [运行时间：0.005000s][吞吐率：200.00req/s] [内存消耗：112.84kb] [文件加载：9]
array (
  0 => 'D:\\wamp\\www\\kite\\index.php',
  1 => 'D:\\wamp\\www\\kite\\core\\Autoload.php',
  2 => 'D:\\wamp\\www\\kite\\core\\Common.php',
  3 => 'D:\\wamp\\www\\kite\\core\\Kite.php',
  4 => 'D:\\wamp\\www\\kite\\core\\Route.php',
  5 => 'D:\\wamp\\www\\kite\\project\\home\\index\\index.php',
  6 => 'D:\\wamp\\www\\kite\\core\\Template.php',
  7 => 'D:\\wamp\\www\\kite\\runtime\\cache\\fa05a7a87db183146b9692c488208210.php',
  8 => 'D:\\wamp\\www\\kite\\core\\Log.php',
)

---------------------------------------------------------------
[ 2017-10-26T06:05:58+00:00 ] 127.0.0.1 127.0.0.1 GET /kite/
[ log ] 127.0.0.1/kite/ [运行时间：0.004000s][吞吐率：250.00req/s] [内存消耗：112.84kb] [文件加载：9]
array (
  0 => 'D:\\wamp\\www\\kite\\index.php',
  1 => 'D:\\wamp\\www\\kite\\core\\Autoload.php',
  2 => 'D:\\wamp\\www\\kite\\core\\Common.php',
  3 => 'D:\\wamp\\www\\kite\\core\\Kite.php',
  4 => 'D:\\wamp\\www\\kite\\core\\Route.php',
  5 => 'D:\\wamp\\www\\kite\\project\\home\\index\\index.php',
  6 => 'D:\\wamp\\www\\kite\\core\\Template.php',
  7 => 'D:\\wamp\\www\\kite\\runtime\\cache\\fa05a7a87db183146b9692c488208210.php',
  8 => 'D:\\wamp\\www\\kite\\core\\Log.php',
)

---------------------------------------------------------------
[ 2017-10-26T06:06:24+00:00 ] 127.0.0.1 127.0.0.1 GET /kite/
[ log ] 127.0.0.1/kite/ [运行时间：0.008000s][吞吐率：125.00req/s] [内存消耗：174.58kb] [文件加载：11]
array (
  0 => 'D:\\wamp\\www\\kite\\index.php',
  1 => 'D:\\wamp\\www\\kite\\core\\Autoload.php',
  2 => 'D:\\wamp\\www\\kite\\core\\Common.php',
  3 => 'D:\\wamp\\www\\kite\\core\\Kite.php',
  4 => 'D:\\wamp\\www\\kite\\core\\Route.php',
  5 => 'D:\\wamp\\www\\kite\\project\\home\\index\\index.php',
  6 => 'D:\\wamp\\www\\kite\\core\\Template.php',
  7 => 'D:\\wamp\\www\\kite\\core\\Db.php',
  8 => 'D:\\wamp\\www\\kite\\Config.php',
  9 => 'D:\\wamp\\www\\kite\\core\\Log.php',
  10 => 'D:\\wamp\\www\\kite\\runtime\\cache\\fa05a7a87db183146b9692c488208210.php',
)
[ sql ] [ EXPLAIN : array (
  'id' => 1,
  'select_type' => 'SIMPLE',
  'table' => 'k_account',
  'type' => 'ALL',
  'possible_keys' => NULL,
  'key' => NULL,
  'key_len' => NULL,
  'ref' => NULL,
  'rows' => 1,
  'extra' => NULL,
) ]

---------------------------------------------------------------
