[ 2018-01-11T05:25:09+00:00 ] 127.0.0.1 127.0.0.1 GET /kite/
[ log ] 127.0.0.1/kite/ [运行时间：0.054000s][吞吐率：18.52req/s] [内存消耗：264.09kb] [文件加载：11]
array (
  0 => 'D:\\wamp\\www\\kite\\index.php',
  1 => 'D:\\wamp\\www\\kite\\core\\Autoload.php',
  2 => 'D:\\wamp\\www\\kite\\core\\Common.php',
  3 => 'D:\\wamp\\www\\kite\\core\\Kite.php',
  4 => 'D:\\wamp\\www\\kite\\core\\Route.php',
  5 => 'D:\\wamp\\www\\kite\\project\\home\\index\\index.php',
  6 => 'D:\\wamp\\www\\kite\\core\\Template.php',
  7 => 'D:\\wamp\\www\\kite\\core\\Db.php',
  8 => 'D:\\wamp\\www\\kite\\Config.php',
  9 => 'D:\\wamp\\www\\kite\\core\\Log.php',
  10 => 'D:\\wamp\\www\\kite\\runtime\\cache\\fa05a7a87db183146b9692c488208210.php',
)
[ sql ] [ EXPLAIN : array (
  'id' => 1,
  'select_type' => 'SIMPLE',
  'table' => NULL,
  'partitions' => NULL,
  'type' => NULL,
  'possible_keys' => NULL,
  'key' => NULL,
  'key_len' => NULL,
  'ref' => NULL,
  'rows' => NULL,
  'filtered' => NULL,
  'extra' => 'no matching row in const table',
) ]

---------------------------------------------------------------
[ 2018-01-11T05:25:13+00:00 ] 127.0.0.1 127.0.0.1 GET /kite/
[ log ] 127.0.0.1/kite/ [运行时间：0.014000s][吞吐率：71.43req/s] [内存消耗：264.23kb] [文件加载：11]
array (
  0 => 'D:\\wamp\\www\\kite\\index.php',
  1 => 'D:\\wamp\\www\\kite\\core\\Autoload.php',
  2 => 'D:\\wamp\\www\\kite\\core\\Common.php',
  3 => 'D:\\wamp\\www\\kite\\core\\Kite.php',
  4 => 'D:\\wamp\\www\\kite\\core\\Route.php',
  5 => 'D:\\wamp\\www\\kite\\project\\home\\index\\index.php',
  6 => 'D:\\wamp\\www\\kite\\core\\Template.php',
  7 => 'D:\\wamp\\www\\kite\\core\\Db.php',
  8 => 'D:\\wamp\\www\\kite\\Config.php',
  9 => 'D:\\wamp\\www\\kite\\core\\Log.php',
  10 => 'D:\\wamp\\www\\kite\\runtime\\cache\\fa05a7a87db183146b9692c488208210.php',
)
[ sql ] [ EXPLAIN : array (
  'id' => 1,
  'select_type' => 'SIMPLE',
  'table' => NULL,
  'partitions' => NULL,
  'type' => NULL,
  'possible_keys' => NULL,
  'key' => NULL,
  'key_len' => NULL,
  'ref' => NULL,
  'rows' => NULL,
  'filtered' => NULL,
  'extra' => 'no matching row in const table',
) ]

---------------------------------------------------------------
[ 2018-01-11T05:25:38+00:00 ] 127.0.0.1 127.0.0.1 GET /kite/
[ log ] 127.0.0.1/kite/ [运行时间：0.026000s][吞吐率：38.46req/s] [内存消耗：263.73kb] [文件加载：11]
array (
  0 => 'D:\\wamp\\www\\kite\\index.php',
  1 => 'D:\\wamp\\www\\kite\\core\\Autoload.php',
  2 => 'D:\\wamp\\www\\kite\\core\\Common.php',
  3 => 'D:\\wamp\\www\\kite\\core\\Kite.php',
  4 => 'D:\\wamp\\www\\kite\\core\\Route.php',
  5 => 'D:\\wamp\\www\\kite\\project\\home\\index\\index.php',
  6 => 'D:\\wamp\\www\\kite\\core\\Template.php',
  7 => 'D:\\wamp\\www\\kite\\core\\Db.php',
  8 => 'D:\\wamp\\www\\kite\\Config.php',
  9 => 'D:\\wamp\\www\\kite\\core\\Log.php',
  10 => 'D:\\wamp\\www\\kite\\runtime\\cache\\fa05a7a87db183146b9692c488208210.php',
)
[ sql ] [ EXPLAIN : array (
  'id' => 1,
  'select_type' => 'SIMPLE',
  'table' => NULL,
  'partitions' => NULL,
  'type' => NULL,
  'possible_keys' => NULL,
  'key' => NULL,
  'key_len' => NULL,
  'ref' => NULL,
  'rows' => NULL,
  'filtered' => NULL,
  'extra' => 'no matching row in const table',
) ]

---------------------------------------------------------------
[ 2018-01-11T05:25:39+00:00 ] 127.0.0.1 127.0.0.1 GET /kite/
[ log ] 127.0.0.1/kite/ [运行时间：0.016000s][吞吐率：62.50req/s] [内存消耗：263.73kb] [文件加载：11]
array (
  0 => 'D:\\wamp\\www\\kite\\index.php',
  1 => 'D:\\wamp\\www\\kite\\core\\Autoload.php',
  2 => 'D:\\wamp\\www\\kite\\core\\Common.php',
  3 => 'D:\\wamp\\www\\kite\\core\\Kite.php',
  4 => 'D:\\wamp\\www\\kite\\core\\Route.php',
  5 => 'D:\\wamp\\www\\kite\\project\\home\\index\\index.php',
  6 => 'D:\\wamp\\www\\kite\\core\\Template.php',
  7 => 'D:\\wamp\\www\\kite\\core\\Db.php',
  8 => 'D:\\wamp\\www\\kite\\Config.php',
  9 => 'D:\\wamp\\www\\kite\\core\\Log.php',
  10 => 'D:\\wamp\\www\\kite\\runtime\\cache\\fa05a7a87db183146b9692c488208210.php',
)
[ sql ] [ EXPLAIN : array (
  'id' => 1,
  'select_type' => 'SIMPLE',
  'table' => NULL,
  'partitions' => NULL,
  'type' => NULL,
  'possible_keys' => NULL,
  'key' => NULL,
  'key_len' => NULL,
  'ref' => NULL,
  'rows' => NULL,
  'filtered' => NULL,
  'extra' => 'no matching row in const table',
) ]

---------------------------------------------------------------
[ 2018-01-11T05:25:46+00:00 ] 127.0.0.1 127.0.0.1 GET /kite/
[ log ] 127.0.0.1/kite/ [运行时间：0.011000s][吞吐率：90.91req/s] [内存消耗：264.23kb] [文件加载：11]
array (
  0 => 'D:\\wamp\\www\\kite\\index.php',
  1 => 'D:\\wamp\\www\\kite\\core\\Autoload.php',
  2 => 'D:\\wamp\\www\\kite\\core\\Common.php',
  3 => 'D:\\wamp\\www\\kite\\core\\Kite.php',
  4 => 'D:\\wamp\\www\\kite\\core\\Route.php',
  5 => 'D:\\wamp\\www\\kite\\project\\home\\index\\index.php',
  6 => 'D:\\wamp\\www\\kite\\core\\Template.php',
  7 => 'D:\\wamp\\www\\kite\\core\\Db.php',
  8 => 'D:\\wamp\\www\\kite\\Config.php',
  9 => 'D:\\wamp\\www\\kite\\core\\Log.php',
  10 => 'D:\\wamp\\www\\kite\\runtime\\cache\\fa05a7a87db183146b9692c488208210.php',
)
[ sql ] [ EXPLAIN : array (
  'id' => 1,
  'select_type' => 'SIMPLE',
  'table' => NULL,
  'partitions' => NULL,
  'type' => NULL,
  'possible_keys' => NULL,
  'key' => NULL,
  'key_len' => NULL,
  'ref' => NULL,
  'rows' => NULL,
  'filtered' => NULL,
  'extra' => 'no matching row in const table',
) ]

---------------------------------------------------------------
[ 2018-01-11T05:26:19+00:00 ] 127.0.0.1 127.0.0.1 GET /kite/
[ log ] 127.0.0.1/kite/ [运行时间：0.023000s][吞吐率：43.48req/s] [内存消耗：265.31kb] [文件加载：11]
array (
  0 => 'D:\\wamp\\www\\kite\\index.php',
  1 => 'D:\\wamp\\www\\kite\\core\\Autoload.php',
  2 => 'D:\\wamp\\www\\kite\\core\\Common.php',
  3 => 'D:\\wamp\\www\\kite\\core\\Kite.php',
  4 => 'D:\\wamp\\www\\kite\\core\\Route.php',
  5 => 'D:\\wamp\\www\\kite\\project\\home\\index\\index.php',
  6 => 'D:\\wamp\\www\\kite\\core\\Template.php',
  7 => 'D:\\wamp\\www\\kite\\core\\Db.php',
  8 => 'D:\\wamp\\www\\kite\\Config.php',
  9 => 'D:\\wamp\\www\\kite\\core\\Log.php',
  10 => 'D:\\wamp\\www\\kite\\runtime\\cache\\fa05a7a87db183146b9692c488208210.php',
)
[ sql ] [ EXPLAIN : array (
  'id' => 1,
  'select_type' => 'SIMPLE',
  'table' => 'k_account',
  'partitions' => NULL,
  'type' => 'system',
  'possible_keys' => NULL,
  'key' => NULL,
  'key_len' => NULL,
  'ref' => NULL,
  'rows' => 1,
  'filtered' => 100,
  'extra' => NULL,
) ]

---------------------------------------------------------------
[ 2018-01-11T05:26:23+00:00 ] 127.0.0.1 127.0.0.1 GET /kite/
[ log ] 127.0.0.1/kite/ [运行时间：0.015000s][吞吐率：66.67req/s] [内存消耗：265.31kb] [文件加载：11]
array (
  0 => 'D:\\wamp\\www\\kite\\index.php',
  1 => 'D:\\wamp\\www\\kite\\core\\Autoload.php',
  2 => 'D:\\wamp\\www\\kite\\core\\Common.php',
  3 => 'D:\\wamp\\www\\kite\\core\\Kite.php',
  4 => 'D:\\wamp\\www\\kite\\core\\Route.php',
  5 => 'D:\\wamp\\www\\kite\\project\\home\\index\\index.php',
  6 => 'D:\\wamp\\www\\kite\\core\\Template.php',
  7 => 'D:\\wamp\\www\\kite\\core\\Db.php',
  8 => 'D:\\wamp\\www\\kite\\Config.php',
  9 => 'D:\\wamp\\www\\kite\\core\\Log.php',
  10 => 'D:\\wamp\\www\\kite\\runtime\\cache\\fa05a7a87db183146b9692c488208210.php',
)
[ sql ] [ EXPLAIN : array (
  'id' => 1,
  'select_type' => 'SIMPLE',
  'table' => 'k_account',
  'partitions' => NULL,
  'type' => 'system',
  'possible_keys' => NULL,
  'key' => NULL,
  'key_len' => NULL,
  'ref' => NULL,
  'rows' => 1,
  'filtered' => 100,
  'extra' => NULL,
) ]

---------------------------------------------------------------
[ 2018-01-11T05:27:53+00:00 ] 127.0.0.1 127.0.0.1 GET /kite/
[ log ] 127.0.0.1/kite/ [运行时间：0.010000s][吞吐率：100.00req/s] [内存消耗：265.31kb] [文件加载：11]
array (
  0 => 'D:\\wamp\\www\\kite\\index.php',
  1 => 'D:\\wamp\\www\\kite\\core\\Autoload.php',
  2 => 'D:\\wamp\\www\\kite\\core\\Common.php',
  3 => 'D:\\wamp\\www\\kite\\core\\Kite.php',
  4 => 'D:\\wamp\\www\\kite\\core\\Route.php',
  5 => 'D:\\wamp\\www\\kite\\project\\home\\index\\index.php',
  6 => 'D:\\wamp\\www\\kite\\core\\Template.php',
  7 => 'D:\\wamp\\www\\kite\\core\\Db.php',
  8 => 'D:\\wamp\\www\\kite\\Config.php',
  9 => 'D:\\wamp\\www\\kite\\core\\Log.php',
  10 => 'D:\\wamp\\www\\kite\\runtime\\cache\\fa05a7a87db183146b9692c488208210.php',
)
[ sql ] [ EXPLAIN : array (
  'id' => 1,
  'select_type' => 'SIMPLE',
  'table' => 'k_account',
  'partitions' => NULL,
  'type' => 'system',
  'possible_keys' => NULL,
  'key' => NULL,
  'key_len' => NULL,
  'ref' => NULL,
  'rows' => 1,
  'filtered' => 100,
  'extra' => NULL,
) ]

---------------------------------------------------------------
