[ 2019-05-05T10:15:59+08:00 ] 127.0.0.1 127.0.0.1 GET /
[ log ] www.kite.com/ [运行时间：0.007000s][吞吐率：142.86req/s] [内存消耗：120.76kb] [文件加载：10]
array (
  0 => 'D:\\wamp\\www\\kite\\index.php',
  1 => 'D:\\wamp\\www\\kite\\core\\Autoload.php',
  2 => 'D:\\wamp\\www\\kite\\core\\Common.php',
  3 => 'D:\\wamp\\www\\kite\\core\\Kite.php',
  4 => 'D:\\wamp\\www\\kite\\core\\Route.php',
  5 => 'D:\\wamp\\www\\kite\\Config.php',
  6 => 'D:\\wamp\\www\\kite\\project\\home\\Index.php',
  7 => 'D:\\wamp\\www\\kite\\core\\Template.php',
  8 => 'D:\\wamp\\www\\kite\\runtime\\cache\\6a992d5529f459a44fee58c733255e86.php',
  9 => 'D:\\wamp\\www\\kite\\core\\Log.php',
)

---------------------------------------------------------------
[ 2019-05-05T10:15:59+08:00 ] 127.0.0.1 127.0.0.1 GET /
[ log ] www.kite.com/ [运行时间：0.011001s][吞吐率：90.90req/s] [内存消耗：120.76kb] [文件加载：10]
array (
  0 => 'D:\\wamp\\www\\kite\\index.php',
  1 => 'D:\\wamp\\www\\kite\\core\\Autoload.php',
  2 => 'D:\\wamp\\www\\kite\\core\\Common.php',
  3 => 'D:\\wamp\\www\\kite\\core\\Kite.php',
  4 => 'D:\\wamp\\www\\kite\\core\\Route.php',
  5 => 'D:\\wamp\\www\\kite\\Config.php',
  6 => 'D:\\wamp\\www\\kite\\project\\home\\Index.php',
  7 => 'D:\\wamp\\www\\kite\\core\\Template.php',
  8 => 'D:\\wamp\\www\\kite\\runtime\\cache\\6a992d5529f459a44fee58c733255e86.php',
  9 => 'D:\\wamp\\www\\kite\\core\\Log.php',
)

---------------------------------------------------------------
[ 2019-05-05T10:16:00+08:00 ] 127.0.0.1 127.0.0.1 GET /
[ log ] www.kite.com/ [运行时间：0.010001s][吞吐率：99.99req/s] [内存消耗：120.76kb] [文件加载：10]
array (
  0 => 'D:\\wamp\\www\\kite\\index.php',
  1 => 'D:\\wamp\\www\\kite\\core\\Autoload.php',
  2 => 'D:\\wamp\\www\\kite\\core\\Common.php',
  3 => 'D:\\wamp\\www\\kite\\core\\Kite.php',
  4 => 'D:\\wamp\\www\\kite\\core\\Route.php',
  5 => 'D:\\wamp\\www\\kite\\Config.php',
  6 => 'D:\\wamp\\www\\kite\\project\\home\\Index.php',
  7 => 'D:\\wamp\\www\\kite\\core\\Template.php',
  8 => 'D:\\wamp\\www\\kite\\runtime\\cache\\6a992d5529f459a44fee58c733255e86.php',
  9 => 'D:\\wamp\\www\\kite\\core\\Log.php',
)

---------------------------------------------------------------
