[ 2018-02-09T01:33:02+00:00 ] 127.0.0.1 127.0.0.1 POST /kite/api.php
[ log ] 127.0.0.1/kite/api.php [运行时间：0.019000s][吞吐率：52.63req/s] [内存消耗：153.73kb] [文件加载：9]
array (
  0 => 'D:\\wamp\\www\\kite\\api.php',
  1 => 'D:\\wamp\\www\\kite\\core\\Autoload.php',
  2 => 'D:\\wamp\\www\\kite\\core\\Common.php',
  3 => 'D:\\wamp\\www\\kite\\core\\Input.php',
  4 => 'D:\\wamp\\www\\kite\\core\\Db.php',
  5 => 'D:\\wamp\\www\\kite\\Config.php',
  6 => 'D:\\wamp\\www\\kite\\project\\api\\static\\Method.php',
  7 => 'D:\\wamp\\www\\kite\\project\\api\\Account.php',
  8 => 'D:\\wamp\\www\\kite\\core\\Log.php',
)

---------------------------------------------------------------
[ 2018-02-09T01:34:07+00:00 ] 127.0.0.1 127.0.0.1 POST /kite/api.php
[ log ] 127.0.0.1/kite/api.php [运行时间：0.009000s][吞吐率：111.11req/s] [内存消耗：153.78kb] [文件加载：9]
array (
  0 => 'D:\\wamp\\www\\kite\\api.php',
  1 => 'D:\\wamp\\www\\kite\\core\\Autoload.php',
  2 => 'D:\\wamp\\www\\kite\\core\\Common.php',
  3 => 'D:\\wamp\\www\\kite\\core\\Input.php',
  4 => 'D:\\wamp\\www\\kite\\core\\Db.php',
  5 => 'D:\\wamp\\www\\kite\\Config.php',
  6 => 'D:\\wamp\\www\\kite\\project\\api\\static\\Method.php',
  7 => 'D:\\wamp\\www\\kite\\project\\api\\Account.php',
  8 => 'D:\\wamp\\www\\kite\\core\\Log.php',
)

---------------------------------------------------------------
[ 2018-02-09T01:43:32+00:00 ] 127.0.0.1 127.0.0.1 POST /kite/api.php
[ log ] 127.0.0.1/kite/api.php [运行时间：0.015000s][吞吐率：66.67req/s] [内存消耗：153.78kb] [文件加载：9]
array (
  0 => 'D:\\wamp\\www\\kite\\api.php',
  1 => 'D:\\wamp\\www\\kite\\core\\Autoload.php',
  2 => 'D:\\wamp\\www\\kite\\core\\Common.php',
  3 => 'D:\\wamp\\www\\kite\\core\\Input.php',
  4 => 'D:\\wamp\\www\\kite\\core\\Db.php',
  5 => 'D:\\wamp\\www\\kite\\Config.php',
  6 => 'D:\\wamp\\www\\kite\\project\\api\\static\\Method.php',
  7 => 'D:\\wamp\\www\\kite\\project\\api\\Account.php',
  8 => 'D:\\wamp\\www\\kite\\core\\Log.php',
)

---------------------------------------------------------------
[ 2018-02-09T03:31:20+00:00 ] 127.0.0.1 127.0.0.1 POST /kite/api.php
[ log ] 127.0.0.1/kite/api.php [运行时间：0.011000s][吞吐率：90.91req/s] [内存消耗：158.09kb] [文件加载：9]
array (
  0 => 'D:\\wamp\\www\\kite\\api.php',
  1 => 'D:\\wamp\\www\\kite\\core\\Autoload.php',
  2 => 'D:\\wamp\\www\\kite\\core\\Common.php',
  3 => 'D:\\wamp\\www\\kite\\core\\Input.php',
  4 => 'D:\\wamp\\www\\kite\\core\\Db.php',
  5 => 'D:\\wamp\\www\\kite\\Config.php',
  6 => 'D:\\wamp\\www\\kite\\project\\api\\static\\Method.php',
  7 => 'D:\\wamp\\www\\kite\\project\\api\\Account.php',
  8 => 'D:\\wamp\\www\\kite\\core\\Log.php',
)
[ sql ] [ EXPLAIN : array (
  'id' => 1,
  'select_type' => 'SIMPLE',
  'table' => NULL,
  'partitions' => NULL,
  'type' => NULL,
  'possible_keys' => NULL,
  'key' => NULL,
  'key_len' => NULL,
  'ref' => NULL,
  'rows' => NULL,
  'filtered' => NULL,
  'extra' => 'Impossible WHERE noticed after reading const tables',
) ]

---------------------------------------------------------------
[ 2018-02-09T03:31:53+00:00 ] 127.0.0.1 127.0.0.1 POST /kite/api.php
[ log ] 127.0.0.1/kite/api.php [运行时间：0.005000s][吞吐率：200.00req/s] [内存消耗：158.09kb] [文件加载：9]
array (
  0 => 'D:\\wamp\\www\\kite\\api.php',
  1 => 'D:\\wamp\\www\\kite\\core\\Autoload.php',
  2 => 'D:\\wamp\\www\\kite\\core\\Common.php',
  3 => 'D:\\wamp\\www\\kite\\core\\Input.php',
  4 => 'D:\\wamp\\www\\kite\\core\\Db.php',
  5 => 'D:\\wamp\\www\\kite\\Config.php',
  6 => 'D:\\wamp\\www\\kite\\project\\api\\static\\Method.php',
  7 => 'D:\\wamp\\www\\kite\\project\\api\\Account.php',
  8 => 'D:\\wamp\\www\\kite\\core\\Log.php',
)
[ sql ] [ EXPLAIN : array (
  'id' => 1,
  'select_type' => 'SIMPLE',
  'table' => NULL,
  'partitions' => NULL,
  'type' => NULL,
  'possible_keys' => NULL,
  'key' => NULL,
  'key_len' => NULL,
  'ref' => NULL,
  'rows' => NULL,
  'filtered' => NULL,
  'extra' => 'Impossible WHERE noticed after reading const tables',
) ]

---------------------------------------------------------------
[ 2018-02-09T05:22:59+00:00 ] 127.0.0.1 127.0.0.1 POST /kite/api.php
[ log ] 127.0.0.1/kite/api.php [运行时间：0.021000s][吞吐率：47.62req/s] [内存消耗：158.09kb] [文件加载：9]
array (
  0 => 'D:\\wamp\\www\\kite\\api.php',
  1 => 'D:\\wamp\\www\\kite\\core\\Autoload.php',
  2 => 'D:\\wamp\\www\\kite\\core\\Common.php',
  3 => 'D:\\wamp\\www\\kite\\core\\Input.php',
  4 => 'D:\\wamp\\www\\kite\\core\\Db.php',
  5 => 'D:\\wamp\\www\\kite\\Config.php',
  6 => 'D:\\wamp\\www\\kite\\project\\api\\static\\Method.php',
  7 => 'D:\\wamp\\www\\kite\\project\\api\\Account.php',
  8 => 'D:\\wamp\\www\\kite\\core\\Log.php',
)
[ sql ] [ EXPLAIN : array (
  'id' => 1,
  'select_type' => 'SIMPLE',
  'table' => NULL,
  'partitions' => NULL,
  'type' => NULL,
  'possible_keys' => NULL,
  'key' => NULL,
  'key_len' => NULL,
  'ref' => NULL,
  'rows' => NULL,
  'filtered' => NULL,
  'extra' => 'Impossible WHERE noticed after reading const tables',
) ]

---------------------------------------------------------------
[ 2018-02-09T05:30:01+00:00 ] 127.0.0.1 127.0.0.1 POST /kite/api.php
[ log ] 127.0.0.1/kite/api.php [运行时间：0.010000s][吞吐率：100.00req/s] [内存消耗：158.09kb] [文件加载：9]
array (
  0 => 'D:\\wamp\\www\\kite\\api.php',
  1 => 'D:\\wamp\\www\\kite\\core\\Autoload.php',
  2 => 'D:\\wamp\\www\\kite\\core\\Common.php',
  3 => 'D:\\wamp\\www\\kite\\core\\Input.php',
  4 => 'D:\\wamp\\www\\kite\\core\\Db.php',
  5 => 'D:\\wamp\\www\\kite\\Config.php',
  6 => 'D:\\wamp\\www\\kite\\project\\api\\static\\Method.php',
  7 => 'D:\\wamp\\www\\kite\\project\\api\\Account.php',
  8 => 'D:\\wamp\\www\\kite\\core\\Log.php',
)
[ sql ] [ EXPLAIN : array (
  'id' => 1,
  'select_type' => 'SIMPLE',
  'table' => NULL,
  'partitions' => NULL,
  'type' => NULL,
  'possible_keys' => NULL,
  'key' => NULL,
  'key_len' => NULL,
  'ref' => NULL,
  'rows' => NULL,
  'filtered' => NULL,
  'extra' => 'Impossible WHERE noticed after reading const tables',
) ]

---------------------------------------------------------------
[ 2018-02-09T05:31:39+00:00 ] 127.0.0.1 127.0.0.1 POST /kite/api.php
[ log ] 127.0.0.1/kite/api.php [运行时间：0.016000s][吞吐率：62.50req/s] [内存消耗：158.04kb] [文件加载：9]
array (
  0 => 'D:\\wamp\\www\\kite\\api.php',
  1 => 'D:\\wamp\\www\\kite\\core\\Autoload.php',
  2 => 'D:\\wamp\\www\\kite\\core\\Common.php',
  3 => 'D:\\wamp\\www\\kite\\core\\Input.php',
  4 => 'D:\\wamp\\www\\kite\\core\\Db.php',
  5 => 'D:\\wamp\\www\\kite\\Config.php',
  6 => 'D:\\wamp\\www\\kite\\project\\api\\static\\Method.php',
  7 => 'D:\\wamp\\www\\kite\\project\\api\\Account.php',
  8 => 'D:\\wamp\\www\\kite\\core\\Log.php',
)
[ sql ] [ EXPLAIN : array (
  'id' => 1,
  'select_type' => 'SIMPLE',
  'table' => NULL,
  'partitions' => NULL,
  'type' => NULL,
  'possible_keys' => NULL,
  'key' => NULL,
  'key_len' => NULL,
  'ref' => NULL,
  'rows' => NULL,
  'filtered' => NULL,
  'extra' => 'Impossible WHERE noticed after reading const tables',
) ]

---------------------------------------------------------------
[ 2018-02-09T05:32:04+00:00 ] 127.0.0.1 127.0.0.1 POST /kite/api.php
[ log ] 127.0.0.1/kite/api.php [运行时间：0.006000s][吞吐率：166.67req/s] [内存消耗：158.04kb] [文件加载：9]
array (
  0 => 'D:\\wamp\\www\\kite\\api.php',
  1 => 'D:\\wamp\\www\\kite\\core\\Autoload.php',
  2 => 'D:\\wamp\\www\\kite\\core\\Common.php',
  3 => 'D:\\wamp\\www\\kite\\core\\Input.php',
  4 => 'D:\\wamp\\www\\kite\\core\\Db.php',
  5 => 'D:\\wamp\\www\\kite\\Config.php',
  6 => 'D:\\wamp\\www\\kite\\project\\api\\static\\Method.php',
  7 => 'D:\\wamp\\www\\kite\\project\\api\\Account.php',
  8 => 'D:\\wamp\\www\\kite\\core\\Log.php',
)
[ sql ] [ EXPLAIN : array (
  'id' => 1,
  'select_type' => 'SIMPLE',
  'table' => NULL,
  'partitions' => NULL,
  'type' => NULL,
  'possible_keys' => NULL,
  'key' => NULL,
  'key_len' => NULL,
  'ref' => NULL,
  'rows' => NULL,
  'filtered' => NULL,
  'extra' => 'Impossible WHERE noticed after reading const tables',
) ]

---------------------------------------------------------------
[ 2018-02-09T05:33:03+00:00 ] 127.0.0.1 127.0.0.1 POST /kite/api.php
[ log ] 127.0.0.1/kite/api.php [运行时间：0.016000s][吞吐率：62.50req/s] [内存消耗：158.04kb] [文件加载：9]
array (
  0 => 'D:\\wamp\\www\\kite\\api.php',
  1 => 'D:\\wamp\\www\\kite\\core\\Autoload.php',
  2 => 'D:\\wamp\\www\\kite\\core\\Common.php',
  3 => 'D:\\wamp\\www\\kite\\core\\Input.php',
  4 => 'D:\\wamp\\www\\kite\\core\\Db.php',
  5 => 'D:\\wamp\\www\\kite\\Config.php',
  6 => 'D:\\wamp\\www\\kite\\project\\api\\static\\Method.php',
  7 => 'D:\\wamp\\www\\kite\\project\\api\\Account.php',
  8 => 'D:\\wamp\\www\\kite\\core\\Log.php',
)
[ sql ] [ EXPLAIN : array (
  'id' => 1,
  'select_type' => 'SIMPLE',
  'table' => NULL,
  'partitions' => NULL,
  'type' => NULL,
  'possible_keys' => NULL,
  'key' => NULL,
  'key_len' => NULL,
  'ref' => NULL,
  'rows' => NULL,
  'filtered' => NULL,
  'extra' => 'Impossible WHERE noticed after reading const tables',
) ]

---------------------------------------------------------------
[ 2018-02-09T05:34:23+00:00 ] 127.0.0.1 127.0.0.1 POST /kite/api.php
[ log ] 127.0.0.1/kite/api.php [运行时间：0.009000s][吞吐率：111.11req/s] [内存消耗：158.04kb] [文件加载：9]
array (
  0 => 'D:\\wamp\\www\\kite\\api.php',
  1 => 'D:\\wamp\\www\\kite\\core\\Autoload.php',
  2 => 'D:\\wamp\\www\\kite\\core\\Common.php',
  3 => 'D:\\wamp\\www\\kite\\core\\Input.php',
  4 => 'D:\\wamp\\www\\kite\\core\\Db.php',
  5 => 'D:\\wamp\\www\\kite\\Config.php',
  6 => 'D:\\wamp\\www\\kite\\project\\api\\static\\Method.php',
  7 => 'D:\\wamp\\www\\kite\\project\\api\\Account.php',
  8 => 'D:\\wamp\\www\\kite\\core\\Log.php',
)
[ sql ] [ EXPLAIN : array (
  'id' => 1,
  'select_type' => 'SIMPLE',
  'table' => NULL,
  'partitions' => NULL,
  'type' => NULL,
  'possible_keys' => NULL,
  'key' => NULL,
  'key_len' => NULL,
  'ref' => NULL,
  'rows' => NULL,
  'filtered' => NULL,
  'extra' => 'Impossible WHERE noticed after reading const tables',
) ]

---------------------------------------------------------------
[ 2018-02-09T05:34:43+00:00 ] 127.0.0.1 127.0.0.1 POST /kite/api.php
[ log ] 127.0.0.1/kite/api.php [运行时间：0.005000s][吞吐率：200.00req/s] [内存消耗：158.04kb] [文件加载：9]
array (
  0 => 'D:\\wamp\\www\\kite\\api.php',
  1 => 'D:\\wamp\\www\\kite\\core\\Autoload.php',
  2 => 'D:\\wamp\\www\\kite\\core\\Common.php',
  3 => 'D:\\wamp\\www\\kite\\core\\Input.php',
  4 => 'D:\\wamp\\www\\kite\\core\\Db.php',
  5 => 'D:\\wamp\\www\\kite\\Config.php',
  6 => 'D:\\wamp\\www\\kite\\project\\api\\static\\Method.php',
  7 => 'D:\\wamp\\www\\kite\\project\\api\\Account.php',
  8 => 'D:\\wamp\\www\\kite\\core\\Log.php',
)
[ sql ] [ EXPLAIN : array (
  'id' => 1,
  'select_type' => 'SIMPLE',
  'table' => NULL,
  'partitions' => NULL,
  'type' => NULL,
  'possible_keys' => NULL,
  'key' => NULL,
  'key_len' => NULL,
  'ref' => NULL,
  'rows' => NULL,
  'filtered' => NULL,
  'extra' => 'Impossible WHERE noticed after reading const tables',
) ]

---------------------------------------------------------------
[ 2018-02-09T05:35:31+00:00 ] 127.0.0.1 127.0.0.1 POST /kite/api.php
[ log ] 127.0.0.1/kite/api.php [运行时间：0.006000s][吞吐率：166.67req/s] [内存消耗：158.04kb] [文件加载：9]
array (
  0 => 'D:\\wamp\\www\\kite\\api.php',
  1 => 'D:\\wamp\\www\\kite\\core\\Autoload.php',
  2 => 'D:\\wamp\\www\\kite\\core\\Common.php',
  3 => 'D:\\wamp\\www\\kite\\core\\Input.php',
  4 => 'D:\\wamp\\www\\kite\\core\\Db.php',
  5 => 'D:\\wamp\\www\\kite\\Config.php',
  6 => 'D:\\wamp\\www\\kite\\project\\api\\static\\Method.php',
  7 => 'D:\\wamp\\www\\kite\\project\\api\\Account.php',
  8 => 'D:\\wamp\\www\\kite\\core\\Log.php',
)
[ sql ] [ EXPLAIN : array (
  'id' => 1,
  'select_type' => 'SIMPLE',
  'table' => NULL,
  'partitions' => NULL,
  'type' => NULL,
  'possible_keys' => NULL,
  'key' => NULL,
  'key_len' => NULL,
  'ref' => NULL,
  'rows' => NULL,
  'filtered' => NULL,
  'extra' => 'Impossible WHERE noticed after reading const tables',
) ]

---------------------------------------------------------------
[ 2018-02-09T06:04:14+00:00 ] 127.0.0.1 127.0.0.1 POST /kite/api.php
[ log ] 127.0.0.1/kite/api.php [运行时间：0.012000s][吞吐率：83.33req/s] [内存消耗：158.04kb] [文件加载：9]
array (
  0 => 'D:\\wamp\\www\\kite\\api.php',
  1 => 'D:\\wamp\\www\\kite\\core\\Autoload.php',
  2 => 'D:\\wamp\\www\\kite\\core\\Common.php',
  3 => 'D:\\wamp\\www\\kite\\core\\Input.php',
  4 => 'D:\\wamp\\www\\kite\\core\\Db.php',
  5 => 'D:\\wamp\\www\\kite\\Config.php',
  6 => 'D:\\wamp\\www\\kite\\project\\api\\static\\Method.php',
  7 => 'D:\\wamp\\www\\kite\\project\\api\\Account.php',
  8 => 'D:\\wamp\\www\\kite\\core\\Log.php',
)
[ sql ] [ EXPLAIN : array (
  'id' => 1,
  'select_type' => 'SIMPLE',
  'table' => NULL,
  'partitions' => NULL,
  'type' => NULL,
  'possible_keys' => NULL,
  'key' => NULL,
  'key_len' => NULL,
  'ref' => NULL,
  'rows' => NULL,
  'filtered' => NULL,
  'extra' => 'Impossible WHERE noticed after reading const tables',
) ]

---------------------------------------------------------------
[ 2018-02-09T06:07:28+00:00 ] 127.0.0.1 127.0.0.1 POST /kite/api.php
[ log ] 127.0.0.1/kite/api.php [运行时间：0.009000s][吞吐率：111.11req/s] [内存消耗：158.04kb] [文件加载：9]
array (
  0 => 'D:\\wamp\\www\\kite\\api.php',
  1 => 'D:\\wamp\\www\\kite\\core\\Autoload.php',
  2 => 'D:\\wamp\\www\\kite\\core\\Common.php',
  3 => 'D:\\wamp\\www\\kite\\core\\Input.php',
  4 => 'D:\\wamp\\www\\kite\\core\\Db.php',
  5 => 'D:\\wamp\\www\\kite\\Config.php',
  6 => 'D:\\wamp\\www\\kite\\project\\api\\static\\Method.php',
  7 => 'D:\\wamp\\www\\kite\\project\\api\\Account.php',
  8 => 'D:\\wamp\\www\\kite\\core\\Log.php',
)
[ sql ] [ EXPLAIN : array (
  'id' => 1,
  'select_type' => 'SIMPLE',
  'table' => NULL,
  'partitions' => NULL,
  'type' => NULL,
  'possible_keys' => NULL,
  'key' => NULL,
  'key_len' => NULL,
  'ref' => NULL,
  'rows' => NULL,
  'filtered' => NULL,
  'extra' => 'Impossible WHERE noticed after reading const tables',
) ]

---------------------------------------------------------------
[ 2018-02-09T06:07:43+00:00 ] 127.0.0.1 127.0.0.1 POST /kite/api.php
[ log ] 127.0.0.1/kite/api.php [运行时间：0.008000s][吞吐率：125.00req/s] [内存消耗：158.04kb] [文件加载：9]
array (
  0 => 'D:\\wamp\\www\\kite\\api.php',
  1 => 'D:\\wamp\\www\\kite\\core\\Autoload.php',
  2 => 'D:\\wamp\\www\\kite\\core\\Common.php',
  3 => 'D:\\wamp\\www\\kite\\core\\Input.php',
  4 => 'D:\\wamp\\www\\kite\\core\\Db.php',
  5 => 'D:\\wamp\\www\\kite\\Config.php',
  6 => 'D:\\wamp\\www\\kite\\project\\api\\static\\Method.php',
  7 => 'D:\\wamp\\www\\kite\\project\\api\\Account.php',
  8 => 'D:\\wamp\\www\\kite\\core\\Log.php',
)
[ sql ] [ EXPLAIN : array (
  'id' => 1,
  'select_type' => 'SIMPLE',
  'table' => NULL,
  'partitions' => NULL,
  'type' => NULL,
  'possible_keys' => NULL,
  'key' => NULL,
  'key_len' => NULL,
  'ref' => NULL,
  'rows' => NULL,
  'filtered' => NULL,
  'extra' => 'Impossible WHERE noticed after reading const tables',
) ]

---------------------------------------------------------------
[ 2018-02-09T06:08:28+00:00 ] 127.0.0.1 127.0.0.1 POST /kite/api.php
[ log ] 127.0.0.1/kite/api.php [运行时间：0.008000s][吞吐率：125.00req/s] [内存消耗：158.04kb] [文件加载：9]
array (
  0 => 'D:\\wamp\\www\\kite\\api.php',
  1 => 'D:\\wamp\\www\\kite\\core\\Autoload.php',
  2 => 'D:\\wamp\\www\\kite\\core\\Common.php',
  3 => 'D:\\wamp\\www\\kite\\core\\Input.php',
  4 => 'D:\\wamp\\www\\kite\\core\\Db.php',
  5 => 'D:\\wamp\\www\\kite\\Config.php',
  6 => 'D:\\wamp\\www\\kite\\project\\api\\static\\Method.php',
  7 => 'D:\\wamp\\www\\kite\\project\\api\\Account.php',
  8 => 'D:\\wamp\\www\\kite\\core\\Log.php',
)
[ sql ] [ EXPLAIN : array (
  'id' => 1,
  'select_type' => 'SIMPLE',
  'table' => NULL,
  'partitions' => NULL,
  'type' => NULL,
  'possible_keys' => NULL,
  'key' => NULL,
  'key_len' => NULL,
  'ref' => NULL,
  'rows' => NULL,
  'filtered' => NULL,
  'extra' => 'Impossible WHERE noticed after reading const tables',
) ]

---------------------------------------------------------------
[ 2018-02-09T06:08:45+00:00 ] 127.0.0.1 127.0.0.1 POST /kite/api.php
[ log ] 127.0.0.1/kite/api.php [运行时间：0.006000s][吞吐率：166.67req/s] [内存消耗：158.04kb] [文件加载：9]
array (
  0 => 'D:\\wamp\\www\\kite\\api.php',
  1 => 'D:\\wamp\\www\\kite\\core\\Autoload.php',
  2 => 'D:\\wamp\\www\\kite\\core\\Common.php',
  3 => 'D:\\wamp\\www\\kite\\core\\Input.php',
  4 => 'D:\\wamp\\www\\kite\\core\\Db.php',
  5 => 'D:\\wamp\\www\\kite\\Config.php',
  6 => 'D:\\wamp\\www\\kite\\project\\api\\static\\Method.php',
  7 => 'D:\\wamp\\www\\kite\\project\\api\\Account.php',
  8 => 'D:\\wamp\\www\\kite\\core\\Log.php',
)
[ sql ] [ EXPLAIN : array (
  'id' => 1,
  'select_type' => 'SIMPLE',
  'table' => NULL,
  'partitions' => NULL,
  'type' => NULL,
  'possible_keys' => NULL,
  'key' => NULL,
  'key_len' => NULL,
  'ref' => NULL,
  'rows' => NULL,
  'filtered' => NULL,
  'extra' => 'Impossible WHERE noticed after reading const tables',
) ]

---------------------------------------------------------------
[ 2018-02-09T06:08:49+00:00 ] 127.0.0.1 127.0.0.1 POST /kite/api.php
[ log ] 127.0.0.1/kite/api.php [运行时间：0.014000s][吞吐率：71.43req/s] [内存消耗：158.04kb] [文件加载：9]
array (
  0 => 'D:\\wamp\\www\\kite\\api.php',
  1 => 'D:\\wamp\\www\\kite\\core\\Autoload.php',
  2 => 'D:\\wamp\\www\\kite\\core\\Common.php',
  3 => 'D:\\wamp\\www\\kite\\core\\Input.php',
  4 => 'D:\\wamp\\www\\kite\\core\\Db.php',
  5 => 'D:\\wamp\\www\\kite\\Config.php',
  6 => 'D:\\wamp\\www\\kite\\project\\api\\static\\Method.php',
  7 => 'D:\\wamp\\www\\kite\\project\\api\\Account.php',
  8 => 'D:\\wamp\\www\\kite\\core\\Log.php',
)
[ sql ] [ EXPLAIN : array (
  'id' => 1,
  'select_type' => 'SIMPLE',
  'table' => NULL,
  'partitions' => NULL,
  'type' => NULL,
  'possible_keys' => NULL,
  'key' => NULL,
  'key_len' => NULL,
  'ref' => NULL,
  'rows' => NULL,
  'filtered' => NULL,
  'extra' => 'Impossible WHERE noticed after reading const tables',
) ]

---------------------------------------------------------------
[ 2018-02-09T06:08:50+00:00 ] 127.0.0.1 127.0.0.1 POST /kite/api.php
[ log ] 127.0.0.1/kite/api.php [运行时间：0.006000s][吞吐率：166.67req/s] [内存消耗：158.04kb] [文件加载：9]
array (
  0 => 'D:\\wamp\\www\\kite\\api.php',
  1 => 'D:\\wamp\\www\\kite\\core\\Autoload.php',
  2 => 'D:\\wamp\\www\\kite\\core\\Common.php',
  3 => 'D:\\wamp\\www\\kite\\core\\Input.php',
  4 => 'D:\\wamp\\www\\kite\\core\\Db.php',
  5 => 'D:\\wamp\\www\\kite\\Config.php',
  6 => 'D:\\wamp\\www\\kite\\project\\api\\static\\Method.php',
  7 => 'D:\\wamp\\www\\kite\\project\\api\\Account.php',
  8 => 'D:\\wamp\\www\\kite\\core\\Log.php',
)
[ sql ] [ EXPLAIN : array (
  'id' => 1,
  'select_type' => 'SIMPLE',
  'table' => NULL,
  'partitions' => NULL,
  'type' => NULL,
  'possible_keys' => NULL,
  'key' => NULL,
  'key_len' => NULL,
  'ref' => NULL,
  'rows' => NULL,
  'filtered' => NULL,
  'extra' => 'Impossible WHERE noticed after reading const tables',
) ]

---------------------------------------------------------------
[ 2018-02-09T06:08:50+00:00 ] 127.0.0.1 127.0.0.1 POST /kite/api.php
[ log ] 127.0.0.1/kite/api.php [运行时间：0.006000s][吞吐率：166.67req/s] [内存消耗：158.04kb] [文件加载：9]
array (
  0 => 'D:\\wamp\\www\\kite\\api.php',
  1 => 'D:\\wamp\\www\\kite\\core\\Autoload.php',
  2 => 'D:\\wamp\\www\\kite\\core\\Common.php',
  3 => 'D:\\wamp\\www\\kite\\core\\Input.php',
  4 => 'D:\\wamp\\www\\kite\\core\\Db.php',
  5 => 'D:\\wamp\\www\\kite\\Config.php',
  6 => 'D:\\wamp\\www\\kite\\project\\api\\static\\Method.php',
  7 => 'D:\\wamp\\www\\kite\\project\\api\\Account.php',
  8 => 'D:\\wamp\\www\\kite\\core\\Log.php',
)
[ sql ] [ EXPLAIN : array (
  'id' => 1,
  'select_type' => 'SIMPLE',
  'table' => NULL,
  'partitions' => NULL,
  'type' => NULL,
  'possible_keys' => NULL,
  'key' => NULL,
  'key_len' => NULL,
  'ref' => NULL,
  'rows' => NULL,
  'filtered' => NULL,
  'extra' => 'Impossible WHERE noticed after reading const tables',
) ]

---------------------------------------------------------------
[ 2018-02-09T06:08:50+00:00 ] 127.0.0.1 127.0.0.1 POST /kite/api.php
[ log ] 127.0.0.1/kite/api.php [运行时间：0.008000s][吞吐率：125.00req/s] [内存消耗：158.04kb] [文件加载：9]
array (
  0 => 'D:\\wamp\\www\\kite\\api.php',
  1 => 'D:\\wamp\\www\\kite\\core\\Autoload.php',
  2 => 'D:\\wamp\\www\\kite\\core\\Common.php',
  3 => 'D:\\wamp\\www\\kite\\core\\Input.php',
  4 => 'D:\\wamp\\www\\kite\\core\\Db.php',
  5 => 'D:\\wamp\\www\\kite\\Config.php',
  6 => 'D:\\wamp\\www\\kite\\project\\api\\static\\Method.php',
  7 => 'D:\\wamp\\www\\kite\\project\\api\\Account.php',
  8 => 'D:\\wamp\\www\\kite\\core\\Log.php',
)
[ sql ] [ EXPLAIN : array (
  'id' => 1,
  'select_type' => 'SIMPLE',
  'table' => NULL,
  'partitions' => NULL,
  'type' => NULL,
  'possible_keys' => NULL,
  'key' => NULL,
  'key_len' => NULL,
  'ref' => NULL,
  'rows' => NULL,
  'filtered' => NULL,
  'extra' => 'Impossible WHERE noticed after reading const tables',
) ]

---------------------------------------------------------------
[ 2018-02-09T06:08:50+00:00 ] 127.0.0.1 127.0.0.1 POST /kite/api.php
[ log ] 127.0.0.1/kite/api.php [运行时间：0.010000s][吞吐率：100.00req/s] [内存消耗：158.04kb] [文件加载：9]
array (
  0 => 'D:\\wamp\\www\\kite\\api.php',
  1 => 'D:\\wamp\\www\\kite\\core\\Autoload.php',
  2 => 'D:\\wamp\\www\\kite\\core\\Common.php',
  3 => 'D:\\wamp\\www\\kite\\core\\Input.php',
  4 => 'D:\\wamp\\www\\kite\\core\\Db.php',
  5 => 'D:\\wamp\\www\\kite\\Config.php',
  6 => 'D:\\wamp\\www\\kite\\project\\api\\static\\Method.php',
  7 => 'D:\\wamp\\www\\kite\\project\\api\\Account.php',
  8 => 'D:\\wamp\\www\\kite\\core\\Log.php',
)
[ sql ] [ EXPLAIN : array (
  'id' => 1,
  'select_type' => 'SIMPLE',
  'table' => NULL,
  'partitions' => NULL,
  'type' => NULL,
  'possible_keys' => NULL,
  'key' => NULL,
  'key_len' => NULL,
  'ref' => NULL,
  'rows' => NULL,
  'filtered' => NULL,
  'extra' => 'Impossible WHERE noticed after reading const tables',
) ]

---------------------------------------------------------------
[ 2018-02-09T06:08:51+00:00 ] 127.0.0.1 127.0.0.1 POST /kite/api.php
[ log ] 127.0.0.1/kite/api.php [运行时间：0.017000s][吞吐率：58.82req/s] [内存消耗：158.04kb] [文件加载：9]
array (
  0 => 'D:\\wamp\\www\\kite\\api.php',
  1 => 'D:\\wamp\\www\\kite\\core\\Autoload.php',
  2 => 'D:\\wamp\\www\\kite\\core\\Common.php',
  3 => 'D:\\wamp\\www\\kite\\core\\Input.php',
  4 => 'D:\\wamp\\www\\kite\\core\\Db.php',
  5 => 'D:\\wamp\\www\\kite\\Config.php',
  6 => 'D:\\wamp\\www\\kite\\project\\api\\static\\Method.php',
  7 => 'D:\\wamp\\www\\kite\\project\\api\\Account.php',
  8 => 'D:\\wamp\\www\\kite\\core\\Log.php',
)
[ sql ] [ EXPLAIN : array (
  'id' => 1,
  'select_type' => 'SIMPLE',
  'table' => NULL,
  'partitions' => NULL,
  'type' => NULL,
  'possible_keys' => NULL,
  'key' => NULL,
  'key_len' => NULL,
  'ref' => NULL,
  'rows' => NULL,
  'filtered' => NULL,
  'extra' => 'Impossible WHERE noticed after reading const tables',
) ]

---------------------------------------------------------------
