[ 2018-02-03T05:59:03+00:00 ] 127.0.0.1 127.0.0.1 GET /kite/
[ log ] 127.0.0.1/kite/ [运行时间：0.006000s][吞吐率：166.67req/s] [内存消耗：168.10kb] [文件加载：10]
array (
  0 => 'D:\\wamp\\www\\kite\\index.php',
  1 => 'D:\\wamp\\www\\kite\\core\\Autoload.php',
  2 => 'D:\\wamp\\www\\kite\\core\\Common.php',
  3 => 'D:\\wamp\\www\\kite\\core\\Kite.php',
  4 => 'D:\\wamp\\www\\kite\\core\\Route.php',
  5 => 'D:\\wamp\\www\\kite\\Config.php',
  6 => 'D:\\wamp\\www\\kite\\project\\home\\error.php',
  7 => 'D:\\wamp\\www\\kite\\core\\Template.php',
  8 => 'D:\\wamp\\www\\kite\\runtime\\cache\\1c13b3f40269ccc2b9e565766f981962.php',
  9 => 'D:\\wamp\\www\\kite\\core\\Log.php',
)

---------------------------------------------------------------
[ 2018-02-03T05:59:13+00:00 ] 127.0.0.1 127.0.0.1 GET /kite/
[ log ] 127.0.0.1/kite/ [运行时间：0.006000s][吞吐率：166.67req/s] [内存消耗：168.08kb] [文件加载：10]
array (
  0 => 'D:\\wamp\\www\\kite\\index.php',
  1 => 'D:\\wamp\\www\\kite\\core\\Autoload.php',
  2 => 'D:\\wamp\\www\\kite\\core\\Common.php',
  3 => 'D:\\wamp\\www\\kite\\core\\Kite.php',
  4 => 'D:\\wamp\\www\\kite\\core\\Route.php',
  5 => 'D:\\wamp\\www\\kite\\Config.php',
  6 => 'D:\\wamp\\www\\kite\\project\\home\\error.php',
  7 => 'D:\\wamp\\www\\kite\\core\\Template.php',
  8 => 'D:\\wamp\\www\\kite\\runtime\\cache\\1c13b3f40269ccc2b9e565766f981962.php',
  9 => 'D:\\wamp\\www\\kite\\core\\Log.php',
)

---------------------------------------------------------------
[ 2018-02-03T05:59:18+00:00 ] 127.0.0.1 127.0.0.1 GET /kite/index
[ log ] 127.0.0.1/kite/index [运行时间：0.004000s][吞吐率：250.00req/s] [内存消耗：168.04kb] [文件加载：10]
array (
  0 => 'D:\\wamp\\www\\kite\\index.php',
  1 => 'D:\\wamp\\www\\kite\\core\\Autoload.php',
  2 => 'D:\\wamp\\www\\kite\\core\\Common.php',
  3 => 'D:\\wamp\\www\\kite\\core\\Kite.php',
  4 => 'D:\\wamp\\www\\kite\\core\\Route.php',
  5 => 'D:\\wamp\\www\\kite\\Config.php',
  6 => 'D:\\wamp\\www\\kite\\project\\home\\error.php',
  7 => 'D:\\wamp\\www\\kite\\core\\Template.php',
  8 => 'D:\\wamp\\www\\kite\\runtime\\cache\\1c13b3f40269ccc2b9e565766f981962.php',
  9 => 'D:\\wamp\\www\\kite\\core\\Log.php',
)

---------------------------------------------------------------
[ 2018-02-03T05:59:27+00:00 ] 127.0.0.1 127.0.0.1 GET /kite/
[ log ] 127.0.0.1/kite/ [运行时间：0.002000s][吞吐率：500.04req/s] [内存消耗：168.03kb] [文件加载：10]
array (
  0 => 'D:\\wamp\\www\\kite\\index.php',
  1 => 'D:\\wamp\\www\\kite\\core\\Autoload.php',
  2 => 'D:\\wamp\\www\\kite\\core\\Common.php',
  3 => 'D:\\wamp\\www\\kite\\core\\Kite.php',
  4 => 'D:\\wamp\\www\\kite\\core\\Route.php',
  5 => 'D:\\wamp\\www\\kite\\Config.php',
  6 => 'D:\\wamp\\www\\kite\\project\\home\\error.php',
  7 => 'D:\\wamp\\www\\kite\\core\\Template.php',
  8 => 'D:\\wamp\\www\\kite\\runtime\\cache\\1c13b3f40269ccc2b9e565766f981962.php',
  9 => 'D:\\wamp\\www\\kite\\core\\Log.php',
)

---------------------------------------------------------------
[ 2018-02-03T06:00:02+00:00 ] 127.0.0.1 127.0.0.1 GET /kite/
[ log ] 127.0.0.1/kite/ [运行时间：0.009000s][吞吐率：111.11req/s] [内存消耗：168.52kb] [文件加载：10]
array (
  0 => 'D:\\wamp\\www\\kite\\index.php',
  1 => 'D:\\wamp\\www\\kite\\core\\Autoload.php',
  2 => 'D:\\wamp\\www\\kite\\core\\Common.php',
  3 => 'D:\\wamp\\www\\kite\\core\\Kite.php',
  4 => 'D:\\wamp\\www\\kite\\core\\Route.php',
  5 => 'D:\\wamp\\www\\kite\\Config.php',
  6 => 'D:\\wamp\\www\\kite\\project\\home\\error.php',
  7 => 'D:\\wamp\\www\\kite\\core\\Template.php',
  8 => 'D:\\wamp\\www\\kite\\runtime\\cache\\1c13b3f40269ccc2b9e565766f981962.php',
  9 => 'D:\\wamp\\www\\kite\\core\\Log.php',
)

---------------------------------------------------------------
[ 2018-02-03T06:00:24+00:00 ] 127.0.0.1 127.0.0.1 GET /kite/
[ log ] 127.0.0.1/kite/ [运行时间：0.020000s][吞吐率：50.00req/s] [内存消耗：263.39kb] [文件加载：11]
array (
  0 => 'D:\\wamp\\www\\kite\\index.php',
  1 => 'D:\\wamp\\www\\kite\\core\\Autoload.php',
  2 => 'D:\\wamp\\www\\kite\\core\\Common.php',
  3 => 'D:\\wamp\\www\\kite\\core\\Kite.php',
  4 => 'D:\\wamp\\www\\kite\\core\\Route.php',
  5 => 'D:\\wamp\\www\\kite\\Config.php',
  6 => 'D:\\wamp\\www\\kite\\project\\home\\index.php',
  7 => 'D:\\wamp\\www\\kite\\core\\Template.php',
  8 => 'D:\\wamp\\www\\kite\\core\\Db.php',
  9 => 'D:\\wamp\\www\\kite\\core\\Log.php',
  10 => 'D:\\wamp\\www\\kite\\runtime\\cache\\6d77ca6a643ef94d0b65ff25414584ec.php',
)
[ sql ] [ EXPLAIN : array (
  'id' => 1,
  'select_type' => 'SIMPLE',
  'table' => 'k_account',
  'partitions' => NULL,
  'type' => 'system',
  'possible_keys' => NULL,
  'key' => NULL,
  'key_len' => NULL,
  'ref' => NULL,
  'rows' => 1,
  'filtered' => 100,
  'extra' => NULL,
) ]

---------------------------------------------------------------
[ 2018-02-03T06:13:37+00:00 ] 127.0.0.1 127.0.0.1 GET /kite/
[ log ] 127.0.0.1/kite/ [运行时间：0.019000s][吞吐率：52.63req/s] [内存消耗：263.39kb] [文件加载：11]
array (
  0 => 'D:\\wamp\\www\\kite\\index.php',
  1 => 'D:\\wamp\\www\\kite\\core\\Autoload.php',
  2 => 'D:\\wamp\\www\\kite\\core\\Common.php',
  3 => 'D:\\wamp\\www\\kite\\core\\Kite.php',
  4 => 'D:\\wamp\\www\\kite\\core\\Route.php',
  5 => 'D:\\wamp\\www\\kite\\Config.php',
  6 => 'D:\\wamp\\www\\kite\\project\\home\\index.php',
  7 => 'D:\\wamp\\www\\kite\\core\\Template.php',
  8 => 'D:\\wamp\\www\\kite\\core\\Db.php',
  9 => 'D:\\wamp\\www\\kite\\core\\Log.php',
  10 => 'D:\\wamp\\www\\kite\\runtime\\cache\\6d77ca6a643ef94d0b65ff25414584ec.php',
)
[ sql ] [ EXPLAIN : array (
  'id' => 1,
  'select_type' => 'SIMPLE',
  'table' => 'k_account',
  'partitions' => NULL,
  'type' => 'system',
  'possible_keys' => NULL,
  'key' => NULL,
  'key_len' => NULL,
  'ref' => NULL,
  'rows' => 1,
  'filtered' => 100,
  'extra' => NULL,
) ]

---------------------------------------------------------------
[ 2018-02-03T06:14:39+00:00 ] 127.0.0.1 127.0.0.1 GET /kite/
[ log ] 127.0.0.1/kite/ [运行时间：0.019000s][吞吐率：52.63req/s] [内存消耗：263.33kb] [文件加载：11]
array (
  0 => 'D:\\wamp\\www\\kite\\index.php',
  1 => 'D:\\wamp\\www\\kite\\core\\Autoload.php',
  2 => 'D:\\wamp\\www\\kite\\core\\Common.php',
  3 => 'D:\\wamp\\www\\kite\\core\\Kite.php',
  4 => 'D:\\wamp\\www\\kite\\core\\Route.php',
  5 => 'D:\\wamp\\www\\kite\\Config.php',
  6 => 'D:\\wamp\\www\\kite\\project\\home\\index.php',
  7 => 'D:\\wamp\\www\\kite\\core\\Template.php',
  8 => 'D:\\wamp\\www\\kite\\core\\Db.php',
  9 => 'D:\\wamp\\www\\kite\\core\\Log.php',
  10 => 'D:\\wamp\\www\\kite\\runtime\\cache\\c316f354d217edbd54f30d521644f59a.php',
)
[ sql ] [ EXPLAIN : array (
  'id' => 1,
  'select_type' => 'SIMPLE',
  'table' => 'k_account',
  'partitions' => NULL,
  'type' => 'system',
  'possible_keys' => NULL,
  'key' => NULL,
  'key_len' => NULL,
  'ref' => NULL,
  'rows' => 1,
  'filtered' => 100,
  'extra' => NULL,
) ]

---------------------------------------------------------------
[ 2018-02-03T06:41:37+00:00 ] 127.0.0.1 127.0.0.1 GET /kite/
[ log ] 127.0.0.1/kite/ [运行时间：0.009000s][吞吐率：111.11req/s] [内存消耗：263.39kb] [文件加载：11]
array (
  0 => 'D:\\wamp\\www\\kite\\index.php',
  1 => 'D:\\wamp\\www\\kite\\core\\Autoload.php',
  2 => 'D:\\wamp\\www\\kite\\core\\Common.php',
  3 => 'D:\\wamp\\www\\kite\\core\\Kite.php',
  4 => 'D:\\wamp\\www\\kite\\core\\Route.php',
  5 => 'D:\\wamp\\www\\kite\\Config.php',
  6 => 'D:\\wamp\\www\\kite\\project\\home\\index.php',
  7 => 'D:\\wamp\\www\\kite\\core\\Template.php',
  8 => 'D:\\wamp\\www\\kite\\core\\Db.php',
  9 => 'D:\\wamp\\www\\kite\\core\\Log.php',
  10 => 'D:\\wamp\\www\\kite\\runtime\\cache\\c316f354d217edbd54f30d521644f59a.php',
)
[ sql ] [ EXPLAIN : array (
  'id' => 1,
  'select_type' => 'SIMPLE',
  'table' => 'k_account',
  'partitions' => NULL,
  'type' => 'system',
  'possible_keys' => NULL,
  'key' => NULL,
  'key_len' => NULL,
  'ref' => NULL,
  'rows' => 1,
  'filtered' => 100,
  'extra' => NULL,
) ]

---------------------------------------------------------------
[ 2018-02-03T06:41:37+00:00 ] 127.0.0.1 127.0.0.1 GET /kite/
[ log ] 127.0.0.1/kite/ [运行时间：0.008000s][吞吐率：125.00req/s] [内存消耗：263.39kb] [文件加载：11]
array (
  0 => 'D:\\wamp\\www\\kite\\index.php',
  1 => 'D:\\wamp\\www\\kite\\core\\Autoload.php',
  2 => 'D:\\wamp\\www\\kite\\core\\Common.php',
  3 => 'D:\\wamp\\www\\kite\\core\\Kite.php',
  4 => 'D:\\wamp\\www\\kite\\core\\Route.php',
  5 => 'D:\\wamp\\www\\kite\\Config.php',
  6 => 'D:\\wamp\\www\\kite\\project\\home\\index.php',
  7 => 'D:\\wamp\\www\\kite\\core\\Template.php',
  8 => 'D:\\wamp\\www\\kite\\core\\Db.php',
  9 => 'D:\\wamp\\www\\kite\\core\\Log.php',
  10 => 'D:\\wamp\\www\\kite\\runtime\\cache\\c316f354d217edbd54f30d521644f59a.php',
)
[ sql ] [ EXPLAIN : array (
  'id' => 1,
  'select_type' => 'SIMPLE',
  'table' => 'k_account',
  'partitions' => NULL,
  'type' => 'system',
  'possible_keys' => NULL,
  'key' => NULL,
  'key_len' => NULL,
  'ref' => NULL,
  'rows' => 1,
  'filtered' => 100,
  'extra' => NULL,
) ]

---------------------------------------------------------------
[ 2018-02-03T07:11:12+00:00 ] 127.0.0.1 127.0.0.1 GET /kite/
[ log ] 127.0.0.1/kite/ [运行时间：0.011000s][吞吐率：90.91req/s] [内存消耗：263.39kb] [文件加载：11]
array (
  0 => 'D:\\wamp\\www\\kite\\index.php',
  1 => 'D:\\wamp\\www\\kite\\core\\Autoload.php',
  2 => 'D:\\wamp\\www\\kite\\core\\Common.php',
  3 => 'D:\\wamp\\www\\kite\\core\\Kite.php',
  4 => 'D:\\wamp\\www\\kite\\core\\Route.php',
  5 => 'D:\\wamp\\www\\kite\\Config.php',
  6 => 'D:\\wamp\\www\\kite\\project\\home\\index.php',
  7 => 'D:\\wamp\\www\\kite\\core\\Template.php',
  8 => 'D:\\wamp\\www\\kite\\core\\Db.php',
  9 => 'D:\\wamp\\www\\kite\\core\\Log.php',
  10 => 'D:\\wamp\\www\\kite\\runtime\\cache\\c316f354d217edbd54f30d521644f59a.php',
)
[ sql ] [ EXPLAIN : array (
  'id' => 1,
  'select_type' => 'SIMPLE',
  'table' => 'k_account',
  'partitions' => NULL,
  'type' => 'system',
  'possible_keys' => NULL,
  'key' => NULL,
  'key_len' => NULL,
  'ref' => NULL,
  'rows' => 1,
  'filtered' => 100,
  'extra' => NULL,
) ]

---------------------------------------------------------------
[ 2018-02-03T07:11:13+00:00 ] 127.0.0.1 127.0.0.1 GET /kite/
[ log ] 127.0.0.1/kite/ [运行时间：0.014000s][吞吐率：71.43req/s] [内存消耗：263.39kb] [文件加载：11]
array (
  0 => 'D:\\wamp\\www\\kite\\index.php',
  1 => 'D:\\wamp\\www\\kite\\core\\Autoload.php',
  2 => 'D:\\wamp\\www\\kite\\core\\Common.php',
  3 => 'D:\\wamp\\www\\kite\\core\\Kite.php',
  4 => 'D:\\wamp\\www\\kite\\core\\Route.php',
  5 => 'D:\\wamp\\www\\kite\\Config.php',
  6 => 'D:\\wamp\\www\\kite\\project\\home\\index.php',
  7 => 'D:\\wamp\\www\\kite\\core\\Template.php',
  8 => 'D:\\wamp\\www\\kite\\core\\Db.php',
  9 => 'D:\\wamp\\www\\kite\\core\\Log.php',
  10 => 'D:\\wamp\\www\\kite\\runtime\\cache\\c316f354d217edbd54f30d521644f59a.php',
)
[ sql ] [ EXPLAIN : array (
  'id' => 1,
  'select_type' => 'SIMPLE',
  'table' => 'k_account',
  'partitions' => NULL,
  'type' => 'system',
  'possible_keys' => NULL,
  'key' => NULL,
  'key_len' => NULL,
  'ref' => NULL,
  'rows' => 1,
  'filtered' => 100,
  'extra' => NULL,
) ]

---------------------------------------------------------------
[ 2018-02-03T07:11:13+00:00 ] 127.0.0.1 127.0.0.1 GET /kite/
[ log ] 127.0.0.1/kite/ [运行时间：0.006000s][吞吐率：166.67req/s] [内存消耗：263.39kb] [文件加载：11]
array (
  0 => 'D:\\wamp\\www\\kite\\index.php',
  1 => 'D:\\wamp\\www\\kite\\core\\Autoload.php',
  2 => 'D:\\wamp\\www\\kite\\core\\Common.php',
  3 => 'D:\\wamp\\www\\kite\\core\\Kite.php',
  4 => 'D:\\wamp\\www\\kite\\core\\Route.php',
  5 => 'D:\\wamp\\www\\kite\\Config.php',
  6 => 'D:\\wamp\\www\\kite\\project\\home\\index.php',
  7 => 'D:\\wamp\\www\\kite\\core\\Template.php',
  8 => 'D:\\wamp\\www\\kite\\core\\Db.php',
  9 => 'D:\\wamp\\www\\kite\\core\\Log.php',
  10 => 'D:\\wamp\\www\\kite\\runtime\\cache\\c316f354d217edbd54f30d521644f59a.php',
)
[ sql ] [ EXPLAIN : array (
  'id' => 1,
  'select_type' => 'SIMPLE',
  'table' => 'k_account',
  'partitions' => NULL,
  'type' => 'system',
  'possible_keys' => NULL,
  'key' => NULL,
  'key_len' => NULL,
  'ref' => NULL,
  'rows' => 1,
  'filtered' => 100,
  'extra' => NULL,
) ]

---------------------------------------------------------------
[ 2018-02-03T07:24:37+00:00 ] 127.0.0.1 127.0.0.1 GET /kite/
[ log ] 127.0.0.1/kite/ [运行时间：0.007000s][吞吐率：142.85req/s] [内存消耗：264.04kb] [文件加载：11]
array (
  0 => 'D:\\wamp\\www\\kite\\index.php',
  1 => 'D:\\wamp\\www\\kite\\core\\Autoload.php',
  2 => 'D:\\wamp\\www\\kite\\core\\Common.php',
  3 => 'D:\\wamp\\www\\kite\\core\\Kite.php',
  4 => 'D:\\wamp\\www\\kite\\core\\Route.php',
  5 => 'D:\\wamp\\www\\kite\\Config.php',
  6 => 'D:\\wamp\\www\\kite\\project\\home\\index.php',
  7 => 'D:\\wamp\\www\\kite\\core\\Template.php',
  8 => 'D:\\wamp\\www\\kite\\core\\Db.php',
  9 => 'D:\\wamp\\www\\kite\\core\\Log.php',
  10 => 'D:\\wamp\\www\\kite\\runtime\\cache\\6a992d5529f459a44fee58c733255e86.php',
)
[ sql ] [ EXPLAIN : array (
  'id' => 1,
  'select_type' => 'SIMPLE',
  'table' => 'k_account',
  'partitions' => NULL,
  'type' => 'system',
  'possible_keys' => NULL,
  'key' => NULL,
  'key_len' => NULL,
  'ref' => NULL,
  'rows' => 1,
  'filtered' => 100,
  'extra' => NULL,
) ]

---------------------------------------------------------------
[ 2018-02-03T07:24:48+00:00 ] 127.0.0.1 127.0.0.1 GET /kite/
[ log ] 127.0.0.1/kite/ [运行时间：0.015000s][吞吐率：66.67req/s] [内存消耗：264.10kb] [文件加载：11]
array (
  0 => 'D:\\wamp\\www\\kite\\index.php',
  1 => 'D:\\wamp\\www\\kite\\core\\Autoload.php',
  2 => 'D:\\wamp\\www\\kite\\core\\Common.php',
  3 => 'D:\\wamp\\www\\kite\\core\\Kite.php',
  4 => 'D:\\wamp\\www\\kite\\core\\Route.php',
  5 => 'D:\\wamp\\www\\kite\\Config.php',
  6 => 'D:\\wamp\\www\\kite\\project\\home\\index.php',
  7 => 'D:\\wamp\\www\\kite\\core\\Template.php',
  8 => 'D:\\wamp\\www\\kite\\core\\Db.php',
  9 => 'D:\\wamp\\www\\kite\\core\\Log.php',
  10 => 'D:\\wamp\\www\\kite\\runtime\\cache\\6a992d5529f459a44fee58c733255e86.php',
)
[ sql ] [ EXPLAIN : array (
  'id' => 1,
  'select_type' => 'SIMPLE',
  'table' => 'k_account',
  'partitions' => NULL,
  'type' => 'system',
  'possible_keys' => NULL,
  'key' => NULL,
  'key_len' => NULL,
  'ref' => NULL,
  'rows' => 1,
  'filtered' => 100,
  'extra' => NULL,
) ]

---------------------------------------------------------------
[ 2018-02-03T07:53:25+00:00 ] 127.0.0.1 127.0.0.1 GET /kite/
[ log ] 127.0.0.1/kite/ [运行时间：0.017000s][吞吐率：58.82req/s] [内存消耗：264.48kb] [文件加载：11]
array (
  0 => 'D:\\wamp\\www\\kite\\index.php',
  1 => 'D:\\wamp\\www\\kite\\core\\Autoload.php',
  2 => 'D:\\wamp\\www\\kite\\core\\Common.php',
  3 => 'D:\\wamp\\www\\kite\\core\\Kite.php',
  4 => 'D:\\wamp\\www\\kite\\core\\Route.php',
  5 => 'D:\\wamp\\www\\kite\\Config.php',
  6 => 'D:\\wamp\\www\\kite\\project\\home\\index.php',
  7 => 'D:\\wamp\\www\\kite\\core\\Template.php',
  8 => 'D:\\wamp\\www\\kite\\core\\Db.php',
  9 => 'D:\\wamp\\www\\kite\\core\\Log.php',
  10 => 'D:\\wamp\\www\\kite\\runtime\\cache\\6a992d5529f459a44fee58c733255e86.php',
)
[ sql ] [ EXPLAIN : array (
  'id' => 1,
  'select_type' => 'SIMPLE',
  'table' => 'k_account',
  'partitions' => NULL,
  'type' => 'system',
  'possible_keys' => NULL,
  'key' => NULL,
  'key_len' => NULL,
  'ref' => NULL,
  'rows' => 1,
  'filtered' => 100,
  'extra' => NULL,
) ]

---------------------------------------------------------------
[ 2018-02-03T07:53:25+00:00 ] 127.0.0.1 127.0.0.1 GET /kite/
[ log ] 127.0.0.1/kite/ [运行时间：0.006000s][吞吐率：166.67req/s] [内存消耗：264.48kb] [文件加载：11]
array (
  0 => 'D:\\wamp\\www\\kite\\index.php',
  1 => 'D:\\wamp\\www\\kite\\core\\Autoload.php',
  2 => 'D:\\wamp\\www\\kite\\core\\Common.php',
  3 => 'D:\\wamp\\www\\kite\\core\\Kite.php',
  4 => 'D:\\wamp\\www\\kite\\core\\Route.php',
  5 => 'D:\\wamp\\www\\kite\\Config.php',
  6 => 'D:\\wamp\\www\\kite\\project\\home\\index.php',
  7 => 'D:\\wamp\\www\\kite\\core\\Template.php',
  8 => 'D:\\wamp\\www\\kite\\core\\Db.php',
  9 => 'D:\\wamp\\www\\kite\\core\\Log.php',
  10 => 'D:\\wamp\\www\\kite\\runtime\\cache\\6a992d5529f459a44fee58c733255e86.php',
)
[ sql ] [ EXPLAIN : array (
  'id' => 1,
  'select_type' => 'SIMPLE',
  'table' => 'k_account',
  'partitions' => NULL,
  'type' => 'system',
  'possible_keys' => NULL,
  'key' => NULL,
  'key_len' => NULL,
  'ref' => NULL,
  'rows' => 1,
  'filtered' => 100,
  'extra' => NULL,
) ]

---------------------------------------------------------------
[ 2018-02-03T07:53:26+00:00 ] 127.0.0.1 127.0.0.1 GET /kite/
[ log ] 127.0.0.1/kite/ [运行时间：0.008000s][吞吐率：125.00req/s] [内存消耗：264.48kb] [文件加载：11]
array (
  0 => 'D:\\wamp\\www\\kite\\index.php',
  1 => 'D:\\wamp\\www\\kite\\core\\Autoload.php',
  2 => 'D:\\wamp\\www\\kite\\core\\Common.php',
  3 => 'D:\\wamp\\www\\kite\\core\\Kite.php',
  4 => 'D:\\wamp\\www\\kite\\core\\Route.php',
  5 => 'D:\\wamp\\www\\kite\\Config.php',
  6 => 'D:\\wamp\\www\\kite\\project\\home\\index.php',
  7 => 'D:\\wamp\\www\\kite\\core\\Template.php',
  8 => 'D:\\wamp\\www\\kite\\core\\Db.php',
  9 => 'D:\\wamp\\www\\kite\\core\\Log.php',
  10 => 'D:\\wamp\\www\\kite\\runtime\\cache\\6a992d5529f459a44fee58c733255e86.php',
)
[ sql ] [ EXPLAIN : array (
  'id' => 1,
  'select_type' => 'SIMPLE',
  'table' => 'k_account',
  'partitions' => NULL,
  'type' => 'system',
  'possible_keys' => NULL,
  'key' => NULL,
  'key_len' => NULL,
  'ref' => NULL,
  'rows' => 1,
  'filtered' => 100,
  'extra' => NULL,
) ]

---------------------------------------------------------------
[ 2018-02-03T07:53:51+00:00 ] 127.0.0.1 127.0.0.1 GET /kite/home/index
[ log ] 127.0.0.1/kite/home/index [运行时间：0.011000s][吞吐率：90.91req/s] [内存消耗：264.39kb] [文件加载：11]
array (
  0 => 'D:\\wamp\\www\\kite\\index.php',
  1 => 'D:\\wamp\\www\\kite\\core\\Autoload.php',
  2 => 'D:\\wamp\\www\\kite\\core\\Common.php',
  3 => 'D:\\wamp\\www\\kite\\core\\Kite.php',
  4 => 'D:\\wamp\\www\\kite\\core\\Route.php',
  5 => 'D:\\wamp\\www\\kite\\Config.php',
  6 => 'D:\\wamp\\www\\kite\\project\\home\\index.php',
  7 => 'D:\\wamp\\www\\kite\\core\\Template.php',
  8 => 'D:\\wamp\\www\\kite\\core\\Db.php',
  9 => 'D:\\wamp\\www\\kite\\core\\Log.php',
  10 => 'D:\\wamp\\www\\kite\\runtime\\cache\\6a992d5529f459a44fee58c733255e86.php',
)
[ sql ] [ EXPLAIN : array (
  'id' => 1,
  'select_type' => 'SIMPLE',
  'table' => 'k_account',
  'partitions' => NULL,
  'type' => 'system',
  'possible_keys' => NULL,
  'key' => NULL,
  'key_len' => NULL,
  'ref' => NULL,
  'rows' => 1,
  'filtered' => 100,
  'extra' => NULL,
) ]

---------------------------------------------------------------
[ 2018-02-03T07:58:54+00:00 ] 127.0.0.1 127.0.0.1 GET /kite/admin/index
[ log ] 127.0.0.1/kite/admin/index [运行时间：0.011000s][吞吐率：90.91req/s] [内存消耗：270.13kb] [文件加载：11]
array (
  0 => 'D:\\wamp\\www\\kite\\index.php',
  1 => 'D:\\wamp\\www\\kite\\core\\Autoload.php',
  2 => 'D:\\wamp\\www\\kite\\core\\Common.php',
  3 => 'D:\\wamp\\www\\kite\\core\\Kite.php',
  4 => 'D:\\wamp\\www\\kite\\core\\Route.php',
  5 => 'D:\\wamp\\www\\kite\\Config.php',
  6 => 'D:\\wamp\\www\\kite\\project\\admin\\index.php',
  7 => 'D:\\wamp\\www\\kite\\core\\Template.php',
  8 => 'D:\\wamp\\www\\kite\\core\\Db.php',
  9 => 'D:\\wamp\\www\\kite\\core\\Log.php',
  10 => 'D:\\wamp\\www\\kite\\runtime\\cache\\5fcc857194416e8d32bee124bd24b919.php',
)
[ sql ] [ EXPLAIN : array (
  'id' => 1,
  'select_type' => 'SIMPLE',
  'table' => 'k_account',
  'partitions' => NULL,
  'type' => 'system',
  'possible_keys' => NULL,
  'key' => NULL,
  'key_len' => NULL,
  'ref' => NULL,
  'rows' => 1,
  'filtered' => 100,
  'extra' => NULL,
) ]

---------------------------------------------------------------
[ 2018-02-03T07:59:19+00:00 ] 127.0.0.1 127.0.0.1 GET /kite/admin/index
[ log ] 127.0.0.1/kite/admin/index [运行时间：0.013000s][吞吐率：76.92req/s] [内存消耗：270.12kb] [文件加载：11]
array (
  0 => 'D:\\wamp\\www\\kite\\index.php',
  1 => 'D:\\wamp\\www\\kite\\core\\Autoload.php',
  2 => 'D:\\wamp\\www\\kite\\core\\Common.php',
  3 => 'D:\\wamp\\www\\kite\\core\\Kite.php',
  4 => 'D:\\wamp\\www\\kite\\core\\Route.php',
  5 => 'D:\\wamp\\www\\kite\\Config.php',
  6 => 'D:\\wamp\\www\\kite\\project\\admin\\index.php',
  7 => 'D:\\wamp\\www\\kite\\core\\Template.php',
  8 => 'D:\\wamp\\www\\kite\\core\\Db.php',
  9 => 'D:\\wamp\\www\\kite\\core\\Log.php',
  10 => 'D:\\wamp\\www\\kite\\runtime\\cache\\5fcc857194416e8d32bee124bd24b919.php',
)
[ sql ] [ EXPLAIN : array (
  'id' => 1,
  'select_type' => 'SIMPLE',
  'table' => 'k_account',
  'partitions' => NULL,
  'type' => 'system',
  'possible_keys' => NULL,
  'key' => NULL,
  'key_len' => NULL,
  'ref' => NULL,
  'rows' => 1,
  'filtered' => 100,
  'extra' => NULL,
) ]

---------------------------------------------------------------
[ 2018-02-03T08:01:11+00:00 ] 127.0.0.1 127.0.0.1 GET /kite/
[ log ] 127.0.0.1/kite/ [运行时间：0.008000s][吞吐率：125.00req/s] [内存消耗：266.64kb] [文件加载：11]
array (
  0 => 'D:\\wamp\\www\\kite\\index.php',
  1 => 'D:\\wamp\\www\\kite\\core\\Autoload.php',
  2 => 'D:\\wamp\\www\\kite\\core\\Common.php',
  3 => 'D:\\wamp\\www\\kite\\core\\Kite.php',
  4 => 'D:\\wamp\\www\\kite\\core\\Route.php',
  5 => 'D:\\wamp\\www\\kite\\Config.php',
  6 => 'D:\\wamp\\www\\kite\\project\\home\\index.php',
  7 => 'D:\\wamp\\www\\kite\\core\\Template.php',
  8 => 'D:\\wamp\\www\\kite\\core\\Db.php',
  9 => 'D:\\wamp\\www\\kite\\core\\Log.php',
  10 => 'D:\\wamp\\www\\kite\\runtime\\cache\\6a992d5529f459a44fee58c733255e86.php',
)
[ sql ] [ EXPLAIN : array (
  'id' => 1,
  'select_type' => 'SIMPLE',
  'table' => 'k_account',
  'partitions' => NULL,
  'type' => 'system',
  'possible_keys' => NULL,
  'key' => NULL,
  'key_len' => NULL,
  'ref' => NULL,
  'rows' => 1,
  'filtered' => 100,
  'extra' => NULL,
) ]

---------------------------------------------------------------
[ 2018-02-03T08:03:40+00:00 ] 127.0.0.1 127.0.0.1 GET /kite/
[ log ] 127.0.0.1/kite/ [运行时间：0.009000s][吞吐率：111.11req/s] [内存消耗：267.70kb] [文件加载：11]
array (
  0 => 'D:\\wamp\\www\\kite\\index.php',
  1 => 'D:\\wamp\\www\\kite\\core\\Autoload.php',
  2 => 'D:\\wamp\\www\\kite\\core\\Common.php',
  3 => 'D:\\wamp\\www\\kite\\core\\Kite.php',
  4 => 'D:\\wamp\\www\\kite\\core\\Route.php',
  5 => 'D:\\wamp\\www\\kite\\Config.php',
  6 => 'D:\\wamp\\www\\kite\\project\\home\\index.php',
  7 => 'D:\\wamp\\www\\kite\\core\\Template.php',
  8 => 'D:\\wamp\\www\\kite\\core\\Db.php',
  9 => 'D:\\wamp\\www\\kite\\core\\Log.php',
  10 => 'D:\\wamp\\www\\kite\\runtime\\cache\\6a992d5529f459a44fee58c733255e86.php',
)
[ sql ] [ EXPLAIN : array (
  'id' => 1,
  'select_type' => 'SIMPLE',
  'table' => 'k_account',
  'partitions' => NULL,
  'type' => 'system',
  'possible_keys' => NULL,
  'key' => NULL,
  'key_len' => NULL,
  'ref' => NULL,
  'rows' => 1,
  'filtered' => 100,
  'extra' => NULL,
) ]

---------------------------------------------------------------
[ 2018-02-03T08:03:44+00:00 ] 127.0.0.1 127.0.0.1 GET /kite/home/
[ log ] 127.0.0.1/kite/home/ [运行时间：0.015000s][吞吐率：66.67req/s] [内存消耗：267.64kb] [文件加载：11]
array (
  0 => 'D:\\wamp\\www\\kite\\index.php',
  1 => 'D:\\wamp\\www\\kite\\core\\Autoload.php',
  2 => 'D:\\wamp\\www\\kite\\core\\Common.php',
  3 => 'D:\\wamp\\www\\kite\\core\\Kite.php',
  4 => 'D:\\wamp\\www\\kite\\core\\Route.php',
  5 => 'D:\\wamp\\www\\kite\\Config.php',
  6 => 'D:\\wamp\\www\\kite\\project\\home\\index.php',
  7 => 'D:\\wamp\\www\\kite\\core\\Template.php',
  8 => 'D:\\wamp\\www\\kite\\core\\Db.php',
  9 => 'D:\\wamp\\www\\kite\\core\\Log.php',
  10 => 'D:\\wamp\\www\\kite\\runtime\\cache\\6a992d5529f459a44fee58c733255e86.php',
)
[ sql ] [ EXPLAIN : array (
  'id' => 1,
  'select_type' => 'SIMPLE',
  'table' => 'k_account',
  'partitions' => NULL,
  'type' => 'system',
  'possible_keys' => NULL,
  'key' => NULL,
  'key_len' => NULL,
  'ref' => NULL,
  'rows' => 1,
  'filtered' => 100,
  'extra' => NULL,
) ]

---------------------------------------------------------------
[ 2018-02-03T08:05:16+00:00 ] 127.0.0.1 127.0.0.1 GET /kite/home//
[ log ] 127.0.0.1/kite/home// [运行时间：0.007000s][吞吐率：142.85req/s] [内存消耗：269.46kb] [文件加载：11]
array (
  0 => 'D:\\wamp\\www\\kite\\index.php',
  1 => 'D:\\wamp\\www\\kite\\core\\Autoload.php',
  2 => 'D:\\wamp\\www\\kite\\core\\Common.php',
  3 => 'D:\\wamp\\www\\kite\\core\\Kite.php',
  4 => 'D:\\wamp\\www\\kite\\core\\Route.php',
  5 => 'D:\\wamp\\www\\kite\\Config.php',
  6 => 'D:\\wamp\\www\\kite\\project\\home\\index.php',
  7 => 'D:\\wamp\\www\\kite\\core\\Template.php',
  8 => 'D:\\wamp\\www\\kite\\core\\Db.php',
  9 => 'D:\\wamp\\www\\kite\\core\\Log.php',
  10 => 'D:\\wamp\\www\\kite\\runtime\\cache\\6a992d5529f459a44fee58c733255e86.php',
)
[ sql ] [ EXPLAIN : array (
  'id' => 1,
  'select_type' => 'SIMPLE',
  'table' => 'k_account',
  'partitions' => NULL,
  'type' => 'system',
  'possible_keys' => NULL,
  'key' => NULL,
  'key_len' => NULL,
  'ref' => NULL,
  'rows' => 1,
  'filtered' => 100,
  'extra' => NULL,
) ]

---------------------------------------------------------------
[ 2018-02-03T08:05:52+00:00 ] 127.0.0.1 127.0.0.1 GET /kite/home/
[ log ] 127.0.0.1/kite/home/ [运行时间：0.009000s][吞吐率：111.11req/s] [内存消耗：268.48kb] [文件加载：11]
array (
  0 => 'D:\\wamp\\www\\kite\\index.php',
  1 => 'D:\\wamp\\www\\kite\\core\\Autoload.php',
  2 => 'D:\\wamp\\www\\kite\\core\\Common.php',
  3 => 'D:\\wamp\\www\\kite\\core\\Kite.php',
  4 => 'D:\\wamp\\www\\kite\\core\\Route.php',
  5 => 'D:\\wamp\\www\\kite\\Config.php',
  6 => 'D:\\wamp\\www\\kite\\project\\home\\index.php',
  7 => 'D:\\wamp\\www\\kite\\core\\Template.php',
  8 => 'D:\\wamp\\www\\kite\\core\\Db.php',
  9 => 'D:\\wamp\\www\\kite\\core\\Log.php',
  10 => 'D:\\wamp\\www\\kite\\runtime\\cache\\6a992d5529f459a44fee58c733255e86.php',
)
[ sql ] [ EXPLAIN : array (
  'id' => 1,
  'select_type' => 'SIMPLE',
  'table' => 'k_account',
  'partitions' => NULL,
  'type' => 'system',
  'possible_keys' => NULL,
  'key' => NULL,
  'key_len' => NULL,
  'ref' => NULL,
  'rows' => 1,
  'filtered' => 100,
  'extra' => NULL,
) ]

---------------------------------------------------------------
[ 2018-02-03T08:06:01+00:00 ] 127.0.0.1 127.0.0.1 GET /kite/home/
[ log ] 127.0.0.1/kite/home/ [运行时间：0.009000s][吞吐率：111.11req/s] [内存消耗：268.48kb] [文件加载：11]
array (
  0 => 'D:\\wamp\\www\\kite\\index.php',
  1 => 'D:\\wamp\\www\\kite\\core\\Autoload.php',
  2 => 'D:\\wamp\\www\\kite\\core\\Common.php',
  3 => 'D:\\wamp\\www\\kite\\core\\Kite.php',
  4 => 'D:\\wamp\\www\\kite\\core\\Route.php',
  5 => 'D:\\wamp\\www\\kite\\Config.php',
  6 => 'D:\\wamp\\www\\kite\\project\\home\\index.php',
  7 => 'D:\\wamp\\www\\kite\\core\\Template.php',
  8 => 'D:\\wamp\\www\\kite\\core\\Db.php',
  9 => 'D:\\wamp\\www\\kite\\core\\Log.php',
  10 => 'D:\\wamp\\www\\kite\\runtime\\cache\\6a992d5529f459a44fee58c733255e86.php',
)
[ sql ] [ EXPLAIN : array (
  'id' => 1,
  'select_type' => 'SIMPLE',
  'table' => 'k_account',
  'partitions' => NULL,
  'type' => 'system',
  'possible_keys' => NULL,
  'key' => NULL,
  'key_len' => NULL,
  'ref' => NULL,
  'rows' => 1,
  'filtered' => 100,
  'extra' => NULL,
) ]

---------------------------------------------------------------
[ 2018-02-03T08:06:04+00:00 ] 127.0.0.1 127.0.0.1 GET /kite/home/index
[ log ] 127.0.0.1/kite/home/index [运行时间：0.008000s][吞吐率：125.00req/s] [内存消耗：268.40kb] [文件加载：11]
array (
  0 => 'D:\\wamp\\www\\kite\\index.php',
  1 => 'D:\\wamp\\www\\kite\\core\\Autoload.php',
  2 => 'D:\\wamp\\www\\kite\\core\\Common.php',
  3 => 'D:\\wamp\\www\\kite\\core\\Kite.php',
  4 => 'D:\\wamp\\www\\kite\\core\\Route.php',
  5 => 'D:\\wamp\\www\\kite\\Config.php',
  6 => 'D:\\wamp\\www\\kite\\project\\home\\index.php',
  7 => 'D:\\wamp\\www\\kite\\core\\Template.php',
  8 => 'D:\\wamp\\www\\kite\\core\\Db.php',
  9 => 'D:\\wamp\\www\\kite\\core\\Log.php',
  10 => 'D:\\wamp\\www\\kite\\runtime\\cache\\6a992d5529f459a44fee58c733255e86.php',
)
[ sql ] [ EXPLAIN : array (
  'id' => 1,
  'select_type' => 'SIMPLE',
  'table' => 'k_account',
  'partitions' => NULL,
  'type' => 'system',
  'possible_keys' => NULL,
  'key' => NULL,
  'key_len' => NULL,
  'ref' => NULL,
  'rows' => 1,
  'filtered' => 100,
  'extra' => NULL,
) ]

---------------------------------------------------------------
[ 2018-02-03T08:06:32+00:00 ] 127.0.0.1 127.0.0.1 GET /kite/home/index.html
[ log ] 127.0.0.1/kite/home/index.html [运行时间：0.008000s][吞吐率：125.00req/s] [内存消耗：274.93kb] [文件加载：11]
array (
  0 => 'D:\\wamp\\www\\kite\\index.php',
  1 => 'D:\\wamp\\www\\kite\\core\\Autoload.php',
  2 => 'D:\\wamp\\www\\kite\\core\\Common.php',
  3 => 'D:\\wamp\\www\\kite\\core\\Kite.php',
  4 => 'D:\\wamp\\www\\kite\\core\\Route.php',
  5 => 'D:\\wamp\\www\\kite\\Config.php',
  6 => 'D:\\wamp\\www\\kite\\project\\home\\index.php',
  7 => 'D:\\wamp\\www\\kite\\core\\Template.php',
  8 => 'D:\\wamp\\www\\kite\\core\\Db.php',
  9 => 'D:\\wamp\\www\\kite\\core\\Log.php',
  10 => 'D:\\wamp\\www\\kite\\runtime\\cache\\6a992d5529f459a44fee58c733255e86.php',
)
[ sql ] [ EXPLAIN : array (
  'id' => 1,
  'select_type' => 'SIMPLE',
  'table' => 'k_account',
  'partitions' => NULL,
  'type' => 'system',
  'possible_keys' => NULL,
  'key' => NULL,
  'key_len' => NULL,
  'ref' => NULL,
  'rows' => 1,
  'filtered' => 100,
  'extra' => NULL,
) ]

---------------------------------------------------------------
[ 2018-02-03T08:06:38+00:00 ] 127.0.0.1 127.0.0.1 GET /kite/admin
[ log ] 127.0.0.1/kite/admin [运行时间：0.017000s][吞吐率：58.82req/s] [内存消耗：276.28kb] [文件加载：11]
array (
  0 => 'D:\\wamp\\www\\kite\\index.php',
  1 => 'D:\\wamp\\www\\kite\\core\\Autoload.php',
  2 => 'D:\\wamp\\www\\kite\\core\\Common.php',
  3 => 'D:\\wamp\\www\\kite\\core\\Kite.php',
  4 => 'D:\\wamp\\www\\kite\\core\\Route.php',
  5 => 'D:\\wamp\\www\\kite\\Config.php',
  6 => 'D:\\wamp\\www\\kite\\project\\admin\\index.php',
  7 => 'D:\\wamp\\www\\kite\\core\\Template.php',
  8 => 'D:\\wamp\\www\\kite\\core\\Db.php',
  9 => 'D:\\wamp\\www\\kite\\core\\Log.php',
  10 => 'D:\\wamp\\www\\kite\\runtime\\cache\\5fcc857194416e8d32bee124bd24b919.php',
)
[ sql ] [ EXPLAIN : array (
  'id' => 1,
  'select_type' => 'SIMPLE',
  'table' => 'k_account',
  'partitions' => NULL,
  'type' => 'system',
  'possible_keys' => NULL,
  'key' => NULL,
  'key_len' => NULL,
  'ref' => NULL,
  'rows' => 1,
  'filtered' => 100,
  'extra' => NULL,
) ]

---------------------------------------------------------------
[ 2018-02-03T08:06:43+00:00 ] 127.0.0.1 127.0.0.1 GET /kite/admin/index
[ log ] 127.0.0.1/kite/admin/index [运行时间：0.006000s][吞吐率：166.67req/s] [内存消耗：276.24kb] [文件加载：11]
array (
  0 => 'D:\\wamp\\www\\kite\\index.php',
  1 => 'D:\\wamp\\www\\kite\\core\\Autoload.php',
  2 => 'D:\\wamp\\www\\kite\\core\\Common.php',
  3 => 'D:\\wamp\\www\\kite\\core\\Kite.php',
  4 => 'D:\\wamp\\www\\kite\\core\\Route.php',
  5 => 'D:\\wamp\\www\\kite\\Config.php',
  6 => 'D:\\wamp\\www\\kite\\project\\admin\\index.php',
  7 => 'D:\\wamp\\www\\kite\\core\\Template.php',
  8 => 'D:\\wamp\\www\\kite\\core\\Db.php',
  9 => 'D:\\wamp\\www\\kite\\core\\Log.php',
  10 => 'D:\\wamp\\www\\kite\\runtime\\cache\\5fcc857194416e8d32bee124bd24b919.php',
)
[ sql ] [ EXPLAIN : array (
  'id' => 1,
  'select_type' => 'SIMPLE',
  'table' => 'k_account',
  'partitions' => NULL,
  'type' => 'system',
  'possible_keys' => NULL,
  'key' => NULL,
  'key_len' => NULL,
  'ref' => NULL,
  'rows' => 1,
  'filtered' => 100,
  'extra' => NULL,
) ]

---------------------------------------------------------------
[ 2018-02-03T08:06:47+00:00 ] 127.0.0.1 127.0.0.1 GET /kite/admin/index.html
[ log ] 127.0.0.1/kite/admin/index.html [运行时间：0.008000s][吞吐率：125.00req/s] [内存消耗：280.70kb] [文件加载：11]
array (
  0 => 'D:\\wamp\\www\\kite\\index.php',
  1 => 'D:\\wamp\\www\\kite\\core\\Autoload.php',
  2 => 'D:\\wamp\\www\\kite\\core\\Common.php',
  3 => 'D:\\wamp\\www\\kite\\core\\Kite.php',
  4 => 'D:\\wamp\\www\\kite\\core\\Route.php',
  5 => 'D:\\wamp\\www\\kite\\Config.php',
  6 => 'D:\\wamp\\www\\kite\\project\\admin\\index.php',
  7 => 'D:\\wamp\\www\\kite\\core\\Template.php',
  8 => 'D:\\wamp\\www\\kite\\core\\Db.php',
  9 => 'D:\\wamp\\www\\kite\\core\\Log.php',
  10 => 'D:\\wamp\\www\\kite\\runtime\\cache\\5fcc857194416e8d32bee124bd24b919.php',
)
[ sql ] [ EXPLAIN : array (
  'id' => 1,
  'select_type' => 'SIMPLE',
  'table' => 'k_account',
  'partitions' => NULL,
  'type' => 'system',
  'possible_keys' => NULL,
  'key' => NULL,
  'key_len' => NULL,
  'ref' => NULL,
  'rows' => 1,
  'filtered' => 100,
  'extra' => NULL,
) ]

---------------------------------------------------------------
[ 2018-02-03T08:07:26+00:00 ] 127.0.0.1 127.0.0.1 GET /kite/home/index.html
[ log ] 127.0.0.1/kite/home/index.html [运行时间：0.020000s][吞吐率：50.00req/s] [内存消耗：274.93kb] [文件加载：11]
array (
  0 => 'D:\\wamp\\www\\kite\\index.php',
  1 => 'D:\\wamp\\www\\kite\\core\\Autoload.php',
  2 => 'D:\\wamp\\www\\kite\\core\\Common.php',
  3 => 'D:\\wamp\\www\\kite\\core\\Kite.php',
  4 => 'D:\\wamp\\www\\kite\\core\\Route.php',
  5 => 'D:\\wamp\\www\\kite\\Config.php',
  6 => 'D:\\wamp\\www\\kite\\project\\home\\index.php',
  7 => 'D:\\wamp\\www\\kite\\core\\Template.php',
  8 => 'D:\\wamp\\www\\kite\\core\\Db.php',
  9 => 'D:\\wamp\\www\\kite\\core\\Log.php',
  10 => 'D:\\wamp\\www\\kite\\runtime\\cache\\6a992d5529f459a44fee58c733255e86.php',
)
[ sql ] [ EXPLAIN : array (
  'id' => 1,
  'select_type' => 'SIMPLE',
  'table' => 'k_account',
  'partitions' => NULL,
  'type' => 'system',
  'possible_keys' => NULL,
  'key' => NULL,
  'key_len' => NULL,
  'ref' => NULL,
  'rows' => 1,
  'filtered' => 100,
  'extra' => NULL,
) ]

---------------------------------------------------------------
[ 2018-02-03T08:07:27+00:00 ] 127.0.0.1 127.0.0.1 GET /kite/home/index.html
[ log ] 127.0.0.1/kite/home/index.html [运行时间：0.007000s][吞吐率：142.86req/s] [内存消耗：274.93kb] [文件加载：11]
array (
  0 => 'D:\\wamp\\www\\kite\\index.php',
  1 => 'D:\\wamp\\www\\kite\\core\\Autoload.php',
  2 => 'D:\\wamp\\www\\kite\\core\\Common.php',
  3 => 'D:\\wamp\\www\\kite\\core\\Kite.php',
  4 => 'D:\\wamp\\www\\kite\\core\\Route.php',
  5 => 'D:\\wamp\\www\\kite\\Config.php',
  6 => 'D:\\wamp\\www\\kite\\project\\home\\index.php',
  7 => 'D:\\wamp\\www\\kite\\core\\Template.php',
  8 => 'D:\\wamp\\www\\kite\\core\\Db.php',
  9 => 'D:\\wamp\\www\\kite\\core\\Log.php',
  10 => 'D:\\wamp\\www\\kite\\runtime\\cache\\6a992d5529f459a44fee58c733255e86.php',
)
[ sql ] [ EXPLAIN : array (
  'id' => 1,
  'select_type' => 'SIMPLE',
  'table' => 'k_account',
  'partitions' => NULL,
  'type' => 'system',
  'possible_keys' => NULL,
  'key' => NULL,
  'key_len' => NULL,
  'ref' => NULL,
  'rows' => 1,
  'filtered' => 100,
  'extra' => NULL,
) ]

---------------------------------------------------------------
[ 2018-02-03T08:07:29+00:00 ] 127.0.0.1 127.0.0.1 GET /kite/home/
[ log ] 127.0.0.1/kite/home/ [运行时间：0.007000s][吞吐率：142.86req/s] [内存消耗：270.56kb] [文件加载：11]
array (
  0 => 'D:\\wamp\\www\\kite\\index.php',
  1 => 'D:\\wamp\\www\\kite\\core\\Autoload.php',
  2 => 'D:\\wamp\\www\\kite\\core\\Common.php',
  3 => 'D:\\wamp\\www\\kite\\core\\Kite.php',
  4 => 'D:\\wamp\\www\\kite\\core\\Route.php',
  5 => 'D:\\wamp\\www\\kite\\Config.php',
  6 => 'D:\\wamp\\www\\kite\\project\\home\\index.php',
  7 => 'D:\\wamp\\www\\kite\\core\\Template.php',
  8 => 'D:\\wamp\\www\\kite\\core\\Db.php',
  9 => 'D:\\wamp\\www\\kite\\core\\Log.php',
  10 => 'D:\\wamp\\www\\kite\\runtime\\cache\\6a992d5529f459a44fee58c733255e86.php',
)
[ sql ] [ EXPLAIN : array (
  'id' => 1,
  'select_type' => 'SIMPLE',
  'table' => 'k_account',
  'partitions' => NULL,
  'type' => 'system',
  'possible_keys' => NULL,
  'key' => NULL,
  'key_len' => NULL,
  'ref' => NULL,
  'rows' => 1,
  'filtered' => 100,
  'extra' => NULL,
) ]

---------------------------------------------------------------
[ 2018-02-03T08:07:31+00:00 ] 127.0.0.1 127.0.0.1 GET /kite/
[ log ] 127.0.0.1/kite/ [运行时间：0.010000s][吞吐率：100.00req/s] [内存消耗：270.49kb] [文件加载：11]
array (
  0 => 'D:\\wamp\\www\\kite\\index.php',
  1 => 'D:\\wamp\\www\\kite\\core\\Autoload.php',
  2 => 'D:\\wamp\\www\\kite\\core\\Common.php',
  3 => 'D:\\wamp\\www\\kite\\core\\Kite.php',
  4 => 'D:\\wamp\\www\\kite\\core\\Route.php',
  5 => 'D:\\wamp\\www\\kite\\Config.php',
  6 => 'D:\\wamp\\www\\kite\\project\\home\\index.php',
  7 => 'D:\\wamp\\www\\kite\\core\\Template.php',
  8 => 'D:\\wamp\\www\\kite\\core\\Db.php',
  9 => 'D:\\wamp\\www\\kite\\core\\Log.php',
  10 => 'D:\\wamp\\www\\kite\\runtime\\cache\\6a992d5529f459a44fee58c733255e86.php',
)
[ sql ] [ EXPLAIN : array (
  'id' => 1,
  'select_type' => 'SIMPLE',
  'table' => 'k_account',
  'partitions' => NULL,
  'type' => 'system',
  'possible_keys' => NULL,
  'key' => NULL,
  'key_len' => NULL,
  'ref' => NULL,
  'rows' => 1,
  'filtered' => 100,
  'extra' => NULL,
) ]

---------------------------------------------------------------
[ 2018-02-03T08:08:22+00:00 ] 127.0.0.1 127.0.0.1 GET /kite/ss
[ log ] 127.0.0.1/kite/ss [运行时间：0.011000s][吞吐率：90.91req/s] [内存消耗：176.06kb] [文件加载：10]
array (
  0 => 'D:\\wamp\\www\\kite\\index.php',
  1 => 'D:\\wamp\\www\\kite\\core\\Autoload.php',
  2 => 'D:\\wamp\\www\\kite\\core\\Common.php',
  3 => 'D:\\wamp\\www\\kite\\core\\Kite.php',
  4 => 'D:\\wamp\\www\\kite\\core\\Route.php',
  5 => 'D:\\wamp\\www\\kite\\Config.php',
  6 => 'D:\\wamp\\www\\kite\\project\\home\\error.php',
  7 => 'D:\\wamp\\www\\kite\\core\\Template.php',
  8 => 'D:\\wamp\\www\\kite\\runtime\\cache\\cb5e100e5a9a3e7f6d1fd97512215282.php',
  9 => 'D:\\wamp\\www\\kite\\core\\Log.php',
)

---------------------------------------------------------------
[ 2018-02-03T08:10:08+00:00 ] 127.0.0.1 127.0.0.1 GET /kite/ss
[ log ] 127.0.0.1/kite/ss [运行时间：0.002000s][吞吐率：499.98req/s] [内存消耗：176.13kb] [文件加载：10]
array (
  0 => 'D:\\wamp\\www\\kite\\index.php',
  1 => 'D:\\wamp\\www\\kite\\core\\Autoload.php',
  2 => 'D:\\wamp\\www\\kite\\core\\Common.php',
  3 => 'D:\\wamp\\www\\kite\\core\\Kite.php',
  4 => 'D:\\wamp\\www\\kite\\core\\Route.php',
  5 => 'D:\\wamp\\www\\kite\\Config.php',
  6 => 'D:\\wamp\\www\\kite\\project\\home\\error.php',
  7 => 'D:\\wamp\\www\\kite\\core\\Template.php',
  8 => 'D:\\wamp\\www\\kite\\runtime\\cache\\cb5e100e5a9a3e7f6d1fd97512215282.php',
  9 => 'D:\\wamp\\www\\kite\\core\\Log.php',
)

---------------------------------------------------------------
[ 2018-02-03T08:14:20+00:00 ] 127.0.0.1 127.0.0.1 GET /kite/ss
[ log ] 127.0.0.1/kite/ss [运行时间：0.005000s][吞吐率：200.00req/s] [内存消耗：176.13kb] [文件加载：10]
array (
  0 => 'D:\\wamp\\www\\kite\\index.php',
  1 => 'D:\\wamp\\www\\kite\\core\\Autoload.php',
  2 => 'D:\\wamp\\www\\kite\\core\\Common.php',
  3 => 'D:\\wamp\\www\\kite\\core\\Kite.php',
  4 => 'D:\\wamp\\www\\kite\\core\\Route.php',
  5 => 'D:\\wamp\\www\\kite\\Config.php',
  6 => 'D:\\wamp\\www\\kite\\project\\home\\error.php',
  7 => 'D:\\wamp\\www\\kite\\core\\Template.php',
  8 => 'D:\\wamp\\www\\kite\\runtime\\cache\\cb5e100e5a9a3e7f6d1fd97512215282.php',
  9 => 'D:\\wamp\\www\\kite\\core\\Log.php',
)

---------------------------------------------------------------
[ 2018-02-03T08:14:23+00:00 ] 127.0.0.1 127.0.0.1 GET /kite/
[ log ] 127.0.0.1/kite/ [运行时间：0.010000s][吞吐率：100.00req/s] [内存消耗：271.06kb] [文件加载：11]
array (
  0 => 'D:\\wamp\\www\\kite\\index.php',
  1 => 'D:\\wamp\\www\\kite\\core\\Autoload.php',
  2 => 'D:\\wamp\\www\\kite\\core\\Common.php',
  3 => 'D:\\wamp\\www\\kite\\core\\Kite.php',
  4 => 'D:\\wamp\\www\\kite\\core\\Route.php',
  5 => 'D:\\wamp\\www\\kite\\Config.php',
  6 => 'D:\\wamp\\www\\kite\\project\\home\\index.php',
  7 => 'D:\\wamp\\www\\kite\\core\\Template.php',
  8 => 'D:\\wamp\\www\\kite\\core\\Db.php',
  9 => 'D:\\wamp\\www\\kite\\core\\Log.php',
  10 => 'D:\\wamp\\www\\kite\\runtime\\cache\\6a992d5529f459a44fee58c733255e86.php',
)
[ sql ] [ EXPLAIN : array (
  'id' => 1,
  'select_type' => 'SIMPLE',
  'table' => 'k_account',
  'partitions' => NULL,
  'type' => 'system',
  'possible_keys' => NULL,
  'key' => NULL,
  'key_len' => NULL,
  'ref' => NULL,
  'rows' => 1,
  'filtered' => 100,
  'extra' => NULL,
) ]

---------------------------------------------------------------
[ 2018-02-03T08:14:27+00:00 ] 127.0.0.1 127.0.0.1 GET /kite/home/
[ log ] 127.0.0.1/kite/home/ [运行时间：0.006000s][吞吐率：166.67req/s] [内存消耗：271.02kb] [文件加载：11]
array (
  0 => 'D:\\wamp\\www\\kite\\index.php',
  1 => 'D:\\wamp\\www\\kite\\core\\Autoload.php',
  2 => 'D:\\wamp\\www\\kite\\core\\Common.php',
  3 => 'D:\\wamp\\www\\kite\\core\\Kite.php',
  4 => 'D:\\wamp\\www\\kite\\core\\Route.php',
  5 => 'D:\\wamp\\www\\kite\\Config.php',
  6 => 'D:\\wamp\\www\\kite\\project\\home\\index.php',
  7 => 'D:\\wamp\\www\\kite\\core\\Template.php',
  8 => 'D:\\wamp\\www\\kite\\core\\Db.php',
  9 => 'D:\\wamp\\www\\kite\\core\\Log.php',
  10 => 'D:\\wamp\\www\\kite\\runtime\\cache\\6a992d5529f459a44fee58c733255e86.php',
)
[ sql ] [ EXPLAIN : array (
  'id' => 1,
  'select_type' => 'SIMPLE',
  'table' => 'k_account',
  'partitions' => NULL,
  'type' => 'system',
  'possible_keys' => NULL,
  'key' => NULL,
  'key_len' => NULL,
  'ref' => NULL,
  'rows' => 1,
  'filtered' => 100,
  'extra' => NULL,
) ]

---------------------------------------------------------------
