[ 2018-02-09T01:28:57+00:00 ] 127.0.0.1 127.0.0.1 GET /kite/admin/index.html
[ log ] 127.0.0.1/kite/admin/index.html [运行时间：0.046000s][吞吐率：21.74req/s] [内存消耗：281.16kb] [文件加载：11]
array (
  0 => 'D:\\wamp\\www\\kite\\index.php',
  1 => 'D:\\wamp\\www\\kite\\core\\Autoload.php',
  2 => 'D:\\wamp\\www\\kite\\core\\Common.php',
  3 => 'D:\\wamp\\www\\kite\\core\\Kite.php',
  4 => 'D:\\wamp\\www\\kite\\core\\Route.php',
  5 => 'D:\\wamp\\www\\kite\\Config.php',
  6 => 'D:\\wamp\\www\\kite\\project\\admin\\index.php',
  7 => 'D:\\wamp\\www\\kite\\core\\Template.php',
  8 => 'D:\\wamp\\www\\kite\\core\\Db.php',
  9 => 'D:\\wamp\\www\\kite\\core\\Log.php',
  10 => 'D:\\wamp\\www\\kite\\runtime\\cache\\5fcc857194416e8d32bee124bd24b919.php',
)
[ sql ] [ EXPLAIN : array (
  'id' => 1,
  'select_type' => 'SIMPLE',
  'table' => 'k_account',
  'partitions' => NULL,
  'type' => 'system',
  'possible_keys' => NULL,
  'key' => NULL,
  'key_len' => NULL,
  'ref' => NULL,
  'rows' => 1,
  'filtered' => 100,
  'extra' => NULL,
) ]

---------------------------------------------------------------
[ 2018-02-09T01:33:57+00:00 ] 127.0.0.1 127.0.0.1 GET /kite/admin/index.html
[ log ] 127.0.0.1/kite/admin/index.html [运行时间：0.006000s][吞吐率：166.67req/s] [内存消耗：281.24kb] [文件加载：11]
array (
  0 => 'D:\\wamp\\www\\kite\\index.php',
  1 => 'D:\\wamp\\www\\kite\\core\\Autoload.php',
  2 => 'D:\\wamp\\www\\kite\\core\\Common.php',
  3 => 'D:\\wamp\\www\\kite\\core\\Kite.php',
  4 => 'D:\\wamp\\www\\kite\\core\\Route.php',
  5 => 'D:\\wamp\\www\\kite\\Config.php',
  6 => 'D:\\wamp\\www\\kite\\project\\admin\\index.php',
  7 => 'D:\\wamp\\www\\kite\\core\\Template.php',
  8 => 'D:\\wamp\\www\\kite\\core\\Db.php',
  9 => 'D:\\wamp\\www\\kite\\core\\Log.php',
  10 => 'D:\\wamp\\www\\kite\\runtime\\cache\\5fcc857194416e8d32bee124bd24b919.php',
)
[ sql ] [ EXPLAIN : array (
  'id' => 1,
  'select_type' => 'SIMPLE',
  'table' => 'k_account',
  'partitions' => NULL,
  'type' => 'system',
  'possible_keys' => NULL,
  'key' => NULL,
  'key_len' => NULL,
  'ref' => NULL,
  'rows' => 1,
  'filtered' => 100,
  'extra' => NULL,
) ]

---------------------------------------------------------------
[ 2018-02-09T01:43:21+00:00 ] 127.0.0.1 127.0.0.1 GET /kite/admin/index.html
[ log ] 127.0.0.1/kite/admin/index.html [运行时间：0.006000s][吞吐率：166.67req/s] [内存消耗：281.24kb] [文件加载：11]
array (
  0 => 'D:\\wamp\\www\\kite\\index.php',
  1 => 'D:\\wamp\\www\\kite\\core\\Autoload.php',
  2 => 'D:\\wamp\\www\\kite\\core\\Common.php',
  3 => 'D:\\wamp\\www\\kite\\core\\Kite.php',
  4 => 'D:\\wamp\\www\\kite\\core\\Route.php',
  5 => 'D:\\wamp\\www\\kite\\Config.php',
  6 => 'D:\\wamp\\www\\kite\\project\\admin\\index.php',
  7 => 'D:\\wamp\\www\\kite\\core\\Template.php',
  8 => 'D:\\wamp\\www\\kite\\core\\Db.php',
  9 => 'D:\\wamp\\www\\kite\\core\\Log.php',
  10 => 'D:\\wamp\\www\\kite\\runtime\\cache\\5fcc857194416e8d32bee124bd24b919.php',
)
[ sql ] [ EXPLAIN : array (
  'id' => 1,
  'select_type' => 'SIMPLE',
  'table' => 'k_account',
  'partitions' => NULL,
  'type' => 'system',
  'possible_keys' => NULL,
  'key' => NULL,
  'key_len' => NULL,
  'ref' => NULL,
  'rows' => 1,
  'filtered' => 100,
  'extra' => NULL,
) ]

---------------------------------------------------------------
[ 2018-02-09T03:31:06+00:00 ] 127.0.0.1 127.0.0.1 GET /kite/admin/index.html
[ log ] 127.0.0.1/kite/admin/index.html [运行时间：0.013000s][吞吐率：76.92req/s] [内存消耗：281.24kb] [文件加载：11]
array (
  0 => 'D:\\wamp\\www\\kite\\index.php',
  1 => 'D:\\wamp\\www\\kite\\core\\Autoload.php',
  2 => 'D:\\wamp\\www\\kite\\core\\Common.php',
  3 => 'D:\\wamp\\www\\kite\\core\\Kite.php',
  4 => 'D:\\wamp\\www\\kite\\core\\Route.php',
  5 => 'D:\\wamp\\www\\kite\\Config.php',
  6 => 'D:\\wamp\\www\\kite\\project\\admin\\index.php',
  7 => 'D:\\wamp\\www\\kite\\core\\Template.php',
  8 => 'D:\\wamp\\www\\kite\\core\\Db.php',
  9 => 'D:\\wamp\\www\\kite\\core\\Log.php',
  10 => 'D:\\wamp\\www\\kite\\runtime\\cache\\5fcc857194416e8d32bee124bd24b919.php',
)
[ sql ] [ EXPLAIN : array (
  'id' => 1,
  'select_type' => 'SIMPLE',
  'table' => 'k_account',
  'partitions' => NULL,
  'type' => 'system',
  'possible_keys' => NULL,
  'key' => NULL,
  'key_len' => NULL,
  'ref' => NULL,
  'rows' => 1,
  'filtered' => 100,
  'extra' => NULL,
) ]

---------------------------------------------------------------
[ 2018-02-09T05:22:44+00:00 ] 127.0.0.1 127.0.0.1 GET /kite/admin/index.html
[ log ] 127.0.0.1/kite/admin/index.html [运行时间：0.009000s][吞吐率：111.11req/s] [内存消耗：281.24kb] [文件加载：11]
array (
  0 => 'D:\\wamp\\www\\kite\\index.php',
  1 => 'D:\\wamp\\www\\kite\\core\\Autoload.php',
  2 => 'D:\\wamp\\www\\kite\\core\\Common.php',
  3 => 'D:\\wamp\\www\\kite\\core\\Kite.php',
  4 => 'D:\\wamp\\www\\kite\\core\\Route.php',
  5 => 'D:\\wamp\\www\\kite\\Config.php',
  6 => 'D:\\wamp\\www\\kite\\project\\admin\\index.php',
  7 => 'D:\\wamp\\www\\kite\\core\\Template.php',
  8 => 'D:\\wamp\\www\\kite\\core\\Db.php',
  9 => 'D:\\wamp\\www\\kite\\core\\Log.php',
  10 => 'D:\\wamp\\www\\kite\\runtime\\cache\\5fcc857194416e8d32bee124bd24b919.php',
)
[ sql ] [ EXPLAIN : array (
  'id' => 1,
  'select_type' => 'SIMPLE',
  'table' => 'k_account',
  'partitions' => NULL,
  'type' => 'system',
  'possible_keys' => NULL,
  'key' => NULL,
  'key_len' => NULL,
  'ref' => NULL,
  'rows' => 1,
  'filtered' => 100,
  'extra' => NULL,
) ]

---------------------------------------------------------------
[ 2018-02-09T05:22:46+00:00 ] 127.0.0.1 127.0.0.1 GET /kite/admin/index.html
[ log ] 127.0.0.1/kite/admin/index.html [运行时间：0.014000s][吞吐率：71.43req/s] [内存消耗：281.25kb] [文件加载：11]
array (
  0 => 'D:\\wamp\\www\\kite\\index.php',
  1 => 'D:\\wamp\\www\\kite\\core\\Autoload.php',
  2 => 'D:\\wamp\\www\\kite\\core\\Common.php',
  3 => 'D:\\wamp\\www\\kite\\core\\Kite.php',
  4 => 'D:\\wamp\\www\\kite\\core\\Route.php',
  5 => 'D:\\wamp\\www\\kite\\Config.php',
  6 => 'D:\\wamp\\www\\kite\\project\\admin\\index.php',
  7 => 'D:\\wamp\\www\\kite\\core\\Template.php',
  8 => 'D:\\wamp\\www\\kite\\core\\Db.php',
  9 => 'D:\\wamp\\www\\kite\\core\\Log.php',
  10 => 'D:\\wamp\\www\\kite\\runtime\\cache\\5fcc857194416e8d32bee124bd24b919.php',
)
[ sql ] [ EXPLAIN : array (
  'id' => 1,
  'select_type' => 'SIMPLE',
  'table' => 'k_account',
  'partitions' => NULL,
  'type' => 'system',
  'possible_keys' => NULL,
  'key' => NULL,
  'key_len' => NULL,
  'ref' => NULL,
  'rows' => 1,
  'filtered' => 100,
  'extra' => NULL,
) ]

---------------------------------------------------------------
[ 2018-02-09T06:25:12+00:00 ] 127.0.0.1 127.0.0.1 POST /kite/project/admin/page/login/api.php
[ log ] 127.0.0.1/kite/project/admin/page/login/api.php [运行时间：0.003000s][吞吐率：333.33req/s] [内存消耗：176.12kb] [文件加载：10]
array (
  0 => 'D:\\wamp\\www\\kite\\index.php',
  1 => 'D:\\wamp\\www\\kite\\core\\Autoload.php',
  2 => 'D:\\wamp\\www\\kite\\core\\Common.php',
  3 => 'D:\\wamp\\www\\kite\\core\\Kite.php',
  4 => 'D:\\wamp\\www\\kite\\core\\Route.php',
  5 => 'D:\\wamp\\www\\kite\\Config.php',
  6 => 'D:\\wamp\\www\\kite\\project\\home\\error.php',
  7 => 'D:\\wamp\\www\\kite\\core\\Template.php',
  8 => 'D:\\wamp\\www\\kite\\runtime\\cache\\cb5e100e5a9a3e7f6d1fd97512215282.php',
  9 => 'D:\\wamp\\www\\kite\\core\\Log.php',
)

---------------------------------------------------------------
[ 2018-02-09T06:31:49+00:00 ] 127.0.0.1 127.0.0.1 POST /kite/project/admin/page/login/api.php
[ log ] 127.0.0.1/kite/project/admin/page/login/api.php [运行时间：0.006000s][吞吐率：166.67req/s] [内存消耗：176.13kb] [文件加载：10]
array (
  0 => 'D:\\wamp\\www\\kite\\index.php',
  1 => 'D:\\wamp\\www\\kite\\core\\Autoload.php',
  2 => 'D:\\wamp\\www\\kite\\core\\Common.php',
  3 => 'D:\\wamp\\www\\kite\\core\\Kite.php',
  4 => 'D:\\wamp\\www\\kite\\core\\Route.php',
  5 => 'D:\\wamp\\www\\kite\\Config.php',
  6 => 'D:\\wamp\\www\\kite\\project\\home\\error.php',
  7 => 'D:\\wamp\\www\\kite\\core\\Template.php',
  8 => 'D:\\wamp\\www\\kite\\runtime\\cache\\cb5e100e5a9a3e7f6d1fd97512215282.php',
  9 => 'D:\\wamp\\www\\kite\\core\\Log.php',
)

---------------------------------------------------------------
[ 2018-02-09T06:32:21+00:00 ] 127.0.0.1 127.0.0.1 POST /kite/project/admin/page/login/api.php
[ log ] 127.0.0.1/kite/project/admin/page/login/api.php [运行时间：0.003000s][吞吐率：333.33req/s] [内存消耗：176.13kb] [文件加载：10]
array (
  0 => 'D:\\wamp\\www\\kite\\index.php',
  1 => 'D:\\wamp\\www\\kite\\core\\Autoload.php',
  2 => 'D:\\wamp\\www\\kite\\core\\Common.php',
  3 => 'D:\\wamp\\www\\kite\\core\\Kite.php',
  4 => 'D:\\wamp\\www\\kite\\core\\Route.php',
  5 => 'D:\\wamp\\www\\kite\\Config.php',
  6 => 'D:\\wamp\\www\\kite\\project\\home\\error.php',
  7 => 'D:\\wamp\\www\\kite\\core\\Template.php',
  8 => 'D:\\wamp\\www\\kite\\runtime\\cache\\cb5e100e5a9a3e7f6d1fd97512215282.php',
  9 => 'D:\\wamp\\www\\kite\\core\\Log.php',
)

---------------------------------------------------------------
