[ 2017-11-08T01:02:17+00:00 ] 127.0.0.1 127.0.0.1 GET /kite/
[ log ] 127.0.0.1/kite/ [运行时间：0.062000s][吞吐率：16.13req/s] [内存消耗：176.42kb] [文件加载：11]
array (
  0 => 'D:\\wamp\\www\\kite\\index.php',
  1 => 'D:\\wamp\\www\\kite\\core\\Autoload.php',
  2 => 'D:\\wamp\\www\\kite\\core\\Common.php',
  3 => 'D:\\wamp\\www\\kite\\core\\Kite.php',
  4 => 'D:\\wamp\\www\\kite\\core\\Route.php',
  5 => 'D:\\wamp\\www\\kite\\project\\home\\index\\index.php',
  6 => 'D:\\wamp\\www\\kite\\core\\Template.php',
  7 => 'D:\\wamp\\www\\kite\\core\\Db.php',
  8 => 'D:\\wamp\\www\\kite\\Config.php',
  9 => 'D:\\wamp\\www\\kite\\core\\Log.php',
  10 => 'D:\\wamp\\www\\kite\\runtime\\cache\\fa05a7a87db183146b9692c488208210.php',
)
[ sql ] [ EXPLAIN : array (
  'id' => 1,
  'select_type' => 'SIMPLE',
  'table' => 'k_account',
  'type' => 'ALL',
  'possible_keys' => NULL,
  'key' => NULL,
  'key_len' => NULL,
  'ref' => NULL,
  'rows' => 1,
  'extra' => NULL,
) ]

---------------------------------------------------------------
[ 2017-11-08T01:03:55+00:00 ] 127.0.0.1 127.0.0.1 GET /kite/
[ log ] 127.0.0.1/kite/ [运行时间：0.010000s][吞吐率：100.00req/s] [内存消耗：175.88kb] [文件加载：11]
array (
  0 => 'D:\\wamp\\www\\kite\\index.php',
  1 => 'D:\\wamp\\www\\kite\\core\\Autoload.php',
  2 => 'D:\\wamp\\www\\kite\\core\\Common.php',
  3 => 'D:\\wamp\\www\\kite\\core\\Kite.php',
  4 => 'D:\\wamp\\www\\kite\\core\\Route.php',
  5 => 'D:\\wamp\\www\\kite\\project\\home\\index\\index.php',
  6 => 'D:\\wamp\\www\\kite\\core\\Template.php',
  7 => 'D:\\wamp\\www\\kite\\core\\Db.php',
  8 => 'D:\\wamp\\www\\kite\\Config.php',
  9 => 'D:\\wamp\\www\\kite\\core\\Log.php',
  10 => 'D:\\wamp\\www\\kite\\runtime\\cache\\fa05a7a87db183146b9692c488208210.php',
)
[ sql ] [ EXPLAIN : array (
  'id' => 1,
  'select_type' => 'SIMPLE',
  'table' => 'k_account',
  'type' => 'ALL',
  'possible_keys' => NULL,
  'key' => NULL,
  'key_len' => NULL,
  'ref' => NULL,
  'rows' => 1,
  'extra' => NULL,
) ]

---------------------------------------------------------------
[ 2017-11-08T01:04:17+00:00 ] 127.0.0.1 127.0.0.1 GET /kite/
[ log ] 127.0.0.1/kite/ [运行时间：0.011000s][吞吐率：90.91req/s] [内存消耗：175.88kb] [文件加载：11]
array (
  0 => 'D:\\wamp\\www\\kite\\index.php',
  1 => 'D:\\wamp\\www\\kite\\core\\Autoload.php',
  2 => 'D:\\wamp\\www\\kite\\core\\Common.php',
  3 => 'D:\\wamp\\www\\kite\\core\\Kite.php',
  4 => 'D:\\wamp\\www\\kite\\core\\Route.php',
  5 => 'D:\\wamp\\www\\kite\\project\\home\\index\\index.php',
  6 => 'D:\\wamp\\www\\kite\\core\\Template.php',
  7 => 'D:\\wamp\\www\\kite\\core\\Db.php',
  8 => 'D:\\wamp\\www\\kite\\Config.php',
  9 => 'D:\\wamp\\www\\kite\\core\\Log.php',
  10 => 'D:\\wamp\\www\\kite\\runtime\\cache\\fa05a7a87db183146b9692c488208210.php',
)
[ sql ] [ EXPLAIN : array (
  'id' => 1,
  'select_type' => 'SIMPLE',
  'table' => 'k_account',
  'type' => 'ALL',
  'possible_keys' => NULL,
  'key' => NULL,
  'key_len' => NULL,
  'ref' => NULL,
  'rows' => 1,
  'extra' => NULL,
) ]

---------------------------------------------------------------
[ 2017-11-08T01:36:25+00:00 ] 127.0.0.1 127.0.0.1 GET /kite/
[ log ] 127.0.0.1/kite/ [运行时间：0.011000s][吞吐率：90.91req/s] [内存消耗：197.58kb] [文件加载：12]
array (
  0 => 'D:\\wamp\\www\\kite\\index.php',
  1 => 'D:\\wamp\\www\\kite\\core\\Autoload.php',
  2 => 'D:\\wamp\\www\\kite\\core\\Common.php',
  3 => 'D:\\wamp\\www\\kite\\core\\Kite.php',
  4 => 'D:\\wamp\\www\\kite\\core\\Route.php',
  5 => 'D:\\wamp\\www\\kite\\project\\home\\index\\index.php',
  6 => 'D:\\wamp\\www\\kite\\core\\Template.php',
  7 => 'D:\\wamp\\www\\kite\\core\\tpcl\\GetClientIP\\GetClientIp.php',
  8 => 'D:\\wamp\\www\\kite\\core\\Db.php',
  9 => 'D:\\wamp\\www\\kite\\Config.php',
  10 => 'D:\\wamp\\www\\kite\\core\\Log.php',
  11 => 'D:\\wamp\\www\\kite\\runtime\\cache\\fa05a7a87db183146b9692c488208210.php',
)
[ sql ] [ EXPLAIN : array (
  'id' => 1,
  'select_type' => 'SIMPLE',
  'table' => 'k_account',
  'type' => 'ALL',
  'possible_keys' => NULL,
  'key' => NULL,
  'key_len' => NULL,
  'ref' => NULL,
  'rows' => 1,
  'extra' => NULL,
) ]

---------------------------------------------------------------
[ 2017-11-08T01:36:28+00:00 ] 127.0.0.1 127.0.0.1 GET /kite/
[ log ] 127.0.0.1/kite/ [运行时间：0.016000s][吞吐率：62.50req/s] [内存消耗：197.58kb] [文件加载：12]
array (
  0 => 'D:\\wamp\\www\\kite\\index.php',
  1 => 'D:\\wamp\\www\\kite\\core\\Autoload.php',
  2 => 'D:\\wamp\\www\\kite\\core\\Common.php',
  3 => 'D:\\wamp\\www\\kite\\core\\Kite.php',
  4 => 'D:\\wamp\\www\\kite\\core\\Route.php',
  5 => 'D:\\wamp\\www\\kite\\project\\home\\index\\index.php',
  6 => 'D:\\wamp\\www\\kite\\core\\Template.php',
  7 => 'D:\\wamp\\www\\kite\\core\\tpcl\\GetClientIP\\GetClientIp.php',
  8 => 'D:\\wamp\\www\\kite\\core\\Db.php',
  9 => 'D:\\wamp\\www\\kite\\Config.php',
  10 => 'D:\\wamp\\www\\kite\\core\\Log.php',
  11 => 'D:\\wamp\\www\\kite\\runtime\\cache\\fa05a7a87db183146b9692c488208210.php',
)
[ sql ] [ EXPLAIN : array (
  'id' => 1,
  'select_type' => 'SIMPLE',
  'table' => 'k_account',
  'type' => 'ALL',
  'possible_keys' => NULL,
  'key' => NULL,
  'key_len' => NULL,
  'ref' => NULL,
  'rows' => 1,
  'extra' => NULL,
) ]

---------------------------------------------------------------
[ 2017-11-08T01:37:09+00:00 ] 127.0.0.1 127.0.0.1 GET /kite/
[ log ] 127.0.0.1/kite/ [运行时间：0.008000s][吞吐率：125.00req/s] [内存消耗：197.73kb] [文件加载：12]
array (
  0 => 'D:\\wamp\\www\\kite\\index.php',
  1 => 'D:\\wamp\\www\\kite\\core\\Autoload.php',
  2 => 'D:\\wamp\\www\\kite\\core\\Common.php',
  3 => 'D:\\wamp\\www\\kite\\core\\Kite.php',
  4 => 'D:\\wamp\\www\\kite\\core\\Route.php',
  5 => 'D:\\wamp\\www\\kite\\project\\home\\index\\index.php',
  6 => 'D:\\wamp\\www\\kite\\core\\Template.php',
  7 => 'D:\\wamp\\www\\kite\\core\\tpcl\\GetClientIP\\GetClientIp.php',
  8 => 'D:\\wamp\\www\\kite\\core\\Db.php',
  9 => 'D:\\wamp\\www\\kite\\Config.php',
  10 => 'D:\\wamp\\www\\kite\\core\\Log.php',
  11 => 'D:\\wamp\\www\\kite\\runtime\\cache\\fa05a7a87db183146b9692c488208210.php',
)
[ sql ] [ EXPLAIN : array (
  'id' => 1,
  'select_type' => 'SIMPLE',
  'table' => 'k_account',
  'type' => 'ALL',
  'possible_keys' => NULL,
  'key' => NULL,
  'key_len' => NULL,
  'ref' => NULL,
  'rows' => 1,
  'extra' => NULL,
) ]

---------------------------------------------------------------
[ 2017-11-08T01:41:42+00:00 ] 127.0.0.1 127.0.0.1 GET /kite/
[ log ] 127.0.0.1/kite/ [运行时间：0.016000s][吞吐率：62.50req/s] [内存消耗：198.61kb] [文件加载：12]
array (
  0 => 'D:\\wamp\\www\\kite\\index.php',
  1 => 'D:\\wamp\\www\\kite\\core\\Autoload.php',
  2 => 'D:\\wamp\\www\\kite\\core\\Common.php',
  3 => 'D:\\wamp\\www\\kite\\core\\Kite.php',
  4 => 'D:\\wamp\\www\\kite\\core\\Route.php',
  5 => 'D:\\wamp\\www\\kite\\project\\home\\index\\index.php',
  6 => 'D:\\wamp\\www\\kite\\core\\Template.php',
  7 => 'D:\\wamp\\www\\kite\\core\\tpcl\\GetClientIP\\GetClientIp.php',
  8 => 'D:\\wamp\\www\\kite\\core\\Db.php',
  9 => 'D:\\wamp\\www\\kite\\Config.php',
  10 => 'D:\\wamp\\www\\kite\\core\\Log.php',
  11 => 'D:\\wamp\\www\\kite\\runtime\\cache\\fa05a7a87db183146b9692c488208210.php',
)
[ sql ] [ EXPLAIN : array (
  'id' => 1,
  'select_type' => 'SIMPLE',
  'table' => 'k_account',
  'type' => 'ALL',
  'possible_keys' => NULL,
  'key' => NULL,
  'key_len' => NULL,
  'ref' => NULL,
  'rows' => 1,
  'extra' => NULL,
) ]

---------------------------------------------------------------
[ 2017-11-08T01:42:15+00:00 ] 127.0.0.1 127.0.0.1 GET /kite/
[ log ] 127.0.0.1/kite/ [运行时间：0.008000s][吞吐率：125.00req/s] [内存消耗：199.13kb] [文件加载：12]
array (
  0 => 'D:\\wamp\\www\\kite\\index.php',
  1 => 'D:\\wamp\\www\\kite\\core\\Autoload.php',
  2 => 'D:\\wamp\\www\\kite\\core\\Common.php',
  3 => 'D:\\wamp\\www\\kite\\core\\Kite.php',
  4 => 'D:\\wamp\\www\\kite\\core\\Route.php',
  5 => 'D:\\wamp\\www\\kite\\project\\home\\index\\index.php',
  6 => 'D:\\wamp\\www\\kite\\core\\Template.php',
  7 => 'D:\\wamp\\www\\kite\\core\\tpcl\\GetClientIP\\GetClientIp.php',
  8 => 'D:\\wamp\\www\\kite\\core\\Db.php',
  9 => 'D:\\wamp\\www\\kite\\Config.php',
  10 => 'D:\\wamp\\www\\kite\\core\\Log.php',
  11 => 'D:\\wamp\\www\\kite\\runtime\\cache\\fa05a7a87db183146b9692c488208210.php',
)
[ sql ] [ EXPLAIN : array (
  'id' => 1,
  'select_type' => 'SIMPLE',
  'table' => 'k_account',
  'type' => 'ALL',
  'possible_keys' => NULL,
  'key' => NULL,
  'key_len' => NULL,
  'ref' => NULL,
  'rows' => 1,
  'extra' => NULL,
) ]

---------------------------------------------------------------
[ 2017-11-08T01:45:50+00:00 ] 127.0.0.1 127.0.0.1 GET /kite/
[ log ] 127.0.0.1/kite/ [运行时间：0.843000s][吞吐率：1.19req/s] [内存消耗：215.41kb] [文件加载：12]
array (
  0 => 'D:\\wamp\\www\\kite\\index.php',
  1 => 'D:\\wamp\\www\\kite\\core\\Autoload.php',
  2 => 'D:\\wamp\\www\\kite\\core\\Common.php',
  3 => 'D:\\wamp\\www\\kite\\core\\Kite.php',
  4 => 'D:\\wamp\\www\\kite\\core\\Route.php',
  5 => 'D:\\wamp\\www\\kite\\project\\home\\index\\index.php',
  6 => 'D:\\wamp\\www\\kite\\core\\Template.php',
  7 => 'D:\\wamp\\www\\kite\\core\\tpcl\\UserInfo\\UserInfo.php',
  8 => 'D:\\wamp\\www\\kite\\core\\Db.php',
  9 => 'D:\\wamp\\www\\kite\\Config.php',
  10 => 'D:\\wamp\\www\\kite\\core\\Log.php',
  11 => 'D:\\wamp\\www\\kite\\runtime\\cache\\fa05a7a87db183146b9692c488208210.php',
)
[ sql ] [ EXPLAIN : array (
  'id' => 1,
  'select_type' => 'SIMPLE',
  'table' => 'k_account',
  'type' => 'ALL',
  'possible_keys' => NULL,
  'key' => NULL,
  'key_len' => NULL,
  'ref' => NULL,
  'rows' => 1,
  'extra' => NULL,
) ]

---------------------------------------------------------------
[ 2017-11-08T01:56:17+00:00 ] 127.0.0.1 127.0.0.1 GET /kite/
[ log ] 127.0.0.1/kite/ [运行时间：0.014000s][吞吐率：71.43req/s] [内存消耗：205.22kb] [文件加载：12]
array (
  0 => 'D:\\wamp\\www\\kite\\index.php',
  1 => 'D:\\wamp\\www\\kite\\core\\Autoload.php',
  2 => 'D:\\wamp\\www\\kite\\core\\Common.php',
  3 => 'D:\\wamp\\www\\kite\\core\\Kite.php',
  4 => 'D:\\wamp\\www\\kite\\core\\Route.php',
  5 => 'D:\\wamp\\www\\kite\\project\\home\\index\\index.php',
  6 => 'D:\\wamp\\www\\kite\\core\\Template.php',
  7 => 'D:\\wamp\\www\\kite\\core\\tpcl\\UserInfo\\UserInfo.php',
  8 => 'D:\\wamp\\www\\kite\\core\\Db.php',
  9 => 'D:\\wamp\\www\\kite\\Config.php',
  10 => 'D:\\wamp\\www\\kite\\core\\Log.php',
  11 => 'D:\\wamp\\www\\kite\\runtime\\cache\\fa05a7a87db183146b9692c488208210.php',
)
[ sql ] [ EXPLAIN : array (
  'id' => 1,
  'select_type' => 'SIMPLE',
  'table' => 'k_account',
  'type' => 'ALL',
  'possible_keys' => NULL,
  'key' => NULL,
  'key_len' => NULL,
  'ref' => NULL,
  'rows' => 1,
  'extra' => NULL,
) ]

---------------------------------------------------------------
[ 2017-11-08T01:57:07+00:00 ] 127.0.0.1 127.0.0.1 GET /kite/
[ log ] 127.0.0.1/kite/ [运行时间：0.020000s][吞吐率：50.00req/s] [内存消耗：206.27kb] [文件加载：12]
array (
  0 => 'D:\\wamp\\www\\kite\\index.php',
  1 => 'D:\\wamp\\www\\kite\\core\\Autoload.php',
  2 => 'D:\\wamp\\www\\kite\\core\\Common.php',
  3 => 'D:\\wamp\\www\\kite\\core\\Kite.php',
  4 => 'D:\\wamp\\www\\kite\\core\\Route.php',
  5 => 'D:\\wamp\\www\\kite\\project\\home\\index\\index.php',
  6 => 'D:\\wamp\\www\\kite\\core\\Template.php',
  7 => 'D:\\wamp\\www\\kite\\core\\tpcl\\UserInfo\\UserInfo.php',
  8 => 'D:\\wamp\\www\\kite\\core\\Db.php',
  9 => 'D:\\wamp\\www\\kite\\Config.php',
  10 => 'D:\\wamp\\www\\kite\\core\\Log.php',
  11 => 'D:\\wamp\\www\\kite\\runtime\\cache\\fa05a7a87db183146b9692c488208210.php',
)
[ sql ] [ EXPLAIN : array (
  'id' => 1,
  'select_type' => 'SIMPLE',
  'table' => 'k_account',
  'type' => 'ALL',
  'possible_keys' => NULL,
  'key' => NULL,
  'key_len' => NULL,
  'ref' => NULL,
  'rows' => 1,
  'extra' => NULL,
) ]

---------------------------------------------------------------
[ 2017-11-08T01:58:46+00:00 ] 127.0.0.1 127.0.0.1 GET /kite/
[ log ] 127.0.0.1/kite/ [运行时间：0.008000s][吞吐率：125.00req/s] [内存消耗：201.61kb] [文件加载：12]
array (
  0 => 'D:\\wamp\\www\\kite\\index.php',
  1 => 'D:\\wamp\\www\\kite\\core\\Autoload.php',
  2 => 'D:\\wamp\\www\\kite\\core\\Common.php',
  3 => 'D:\\wamp\\www\\kite\\core\\Kite.php',
  4 => 'D:\\wamp\\www\\kite\\core\\Route.php',
  5 => 'D:\\wamp\\www\\kite\\project\\home\\index\\index.php',
  6 => 'D:\\wamp\\www\\kite\\core\\Template.php',
  7 => 'D:\\wamp\\www\\kite\\core\\tpcl\\UserInfo\\UserInfo.php',
  8 => 'D:\\wamp\\www\\kite\\core\\Db.php',
  9 => 'D:\\wamp\\www\\kite\\Config.php',
  10 => 'D:\\wamp\\www\\kite\\core\\Log.php',
  11 => 'D:\\wamp\\www\\kite\\runtime\\cache\\fa05a7a87db183146b9692c488208210.php',
)
[ sql ] [ EXPLAIN : array (
  'id' => 1,
  'select_type' => 'SIMPLE',
  'table' => 'k_account',
  'type' => 'ALL',
  'possible_keys' => NULL,
  'key' => NULL,
  'key_len' => NULL,
  'ref' => NULL,
  'rows' => 1,
  'extra' => NULL,
) ]

---------------------------------------------------------------
[ 2017-11-08T01:59:24+00:00 ] 127.0.0.1 127.0.0.1 GET /kite/
[ log ] 127.0.0.1/kite/ [运行时间：0.009000s][吞吐率：111.11req/s] [内存消耗：171.09kb] [文件加载：11]
array (
  0 => 'D:\\wamp\\www\\kite\\index.php',
  1 => 'D:\\wamp\\www\\kite\\core\\Autoload.php',
  2 => 'D:\\wamp\\www\\kite\\core\\Common.php',
  3 => 'D:\\wamp\\www\\kite\\core\\Kite.php',
  4 => 'D:\\wamp\\www\\kite\\core\\Route.php',
  5 => 'D:\\wamp\\www\\kite\\project\\home\\index\\index.php',
  6 => 'D:\\wamp\\www\\kite\\core\\Template.php',
  7 => 'D:\\wamp\\www\\kite\\core\\Db.php',
  8 => 'D:\\wamp\\www\\kite\\Config.php',
  9 => 'D:\\wamp\\www\\kite\\core\\Log.php',
  10 => 'D:\\wamp\\www\\kite\\runtime\\cache\\fa05a7a87db183146b9692c488208210.php',
)
[ sql ] [ EXPLAIN : array (
  'id' => 1,
  'select_type' => 'SIMPLE',
  'table' => 'k_account',
  'type' => 'ALL',
  'possible_keys' => NULL,
  'key' => NULL,
  'key_len' => NULL,
  'ref' => NULL,
  'rows' => 1,
  'extra' => NULL,
) ]

---------------------------------------------------------------
