[ 2017-11-10T01:45:10+00:00 ] 127.0.0.1 127.0.0.1 GET /kite/
[ log ] 127.0.0.1/kite/ [运行时间：0.022000s][吞吐率：45.45req/s] [内存消耗：171.08kb] [文件加载：11]
array (
  0 => 'D:\\wamp\\www\\kite\\index.php',
  1 => 'D:\\wamp\\www\\kite\\core\\Autoload.php',
  2 => 'D:\\wamp\\www\\kite\\core\\Common.php',
  3 => 'D:\\wamp\\www\\kite\\core\\Kite.php',
  4 => 'D:\\wamp\\www\\kite\\core\\Route.php',
  5 => 'D:\\wamp\\www\\kite\\project\\home\\index\\index.php',
  6 => 'D:\\wamp\\www\\kite\\core\\Template.php',
  7 => 'D:\\wamp\\www\\kite\\core\\Db.php',
  8 => 'D:\\wamp\\www\\kite\\Config.php',
  9 => 'D:\\wamp\\www\\kite\\core\\Log.php',
  10 => 'D:\\wamp\\www\\kite\\runtime\\cache\\fa05a7a87db183146b9692c488208210.php',
)
[ sql ] [ EXPLAIN : array (
  'id' => 1,
  'select_type' => 'SIMPLE',
  'table' => 'k_account',
  'type' => 'ALL',
  'possible_keys' => NULL,
  'key' => NULL,
  'key_len' => NULL,
  'ref' => NULL,
  'rows' => 1,
  'extra' => NULL,
) ]

---------------------------------------------------------------
[ 2017-11-10T01:46:11+00:00 ] 127.0.0.1 127.0.0.1 GET /kite/
[ log ] 127.0.0.1/kite/ [运行时间：0.005000s][吞吐率：200.00req/s] [内存消耗：109.29kb] [文件加载：9]
array (
  0 => 'D:\\wamp\\www\\kite\\index.php',
  1 => 'D:\\wamp\\www\\kite\\core\\Autoload.php',
  2 => 'D:\\wamp\\www\\kite\\core\\Common.php',
  3 => 'D:\\wamp\\www\\kite\\core\\Kite.php',
  4 => 'D:\\wamp\\www\\kite\\core\\Route.php',
  5 => 'D:\\wamp\\www\\kite\\project\\home\\index\\index.php',
  6 => 'D:\\wamp\\www\\kite\\core\\Template.php',
  7 => 'D:\\wamp\\www\\kite\\runtime\\cache\\fa05a7a87db183146b9692c488208210.php',
  8 => 'D:\\wamp\\www\\kite\\core\\Log.php',
)

---------------------------------------------------------------
[ 2017-11-10T01:46:35+00:00 ] 127.0.0.1 127.0.0.1 GET /kite/
[ log ] 127.0.0.1/kite/ [运行时间：0.003000s][吞吐率：333.33req/s] [内存消耗：109.29kb] [文件加载：9]
array (
  0 => 'D:\\wamp\\www\\kite\\index.php',
  1 => 'D:\\wamp\\www\\kite\\core\\Autoload.php',
  2 => 'D:\\wamp\\www\\kite\\core\\Common.php',
  3 => 'D:\\wamp\\www\\kite\\core\\Kite.php',
  4 => 'D:\\wamp\\www\\kite\\core\\Route.php',
  5 => 'D:\\wamp\\www\\kite\\project\\home\\index\\index.php',
  6 => 'D:\\wamp\\www\\kite\\core\\Template.php',
  7 => 'D:\\wamp\\www\\kite\\runtime\\cache\\fa05a7a87db183146b9692c488208210.php',
  8 => 'D:\\wamp\\www\\kite\\core\\Log.php',
)

---------------------------------------------------------------
[ 2017-11-10T01:47:06+00:00 ] 127.0.0.1 127.0.0.1 GET /kite/
[ log ] 127.0.0.1/kite/ [运行时间：0.007000s][吞吐率：142.86req/s] [内存消耗：171.09kb] [文件加载：11]
array (
  0 => 'D:\\wamp\\www\\kite\\index.php',
  1 => 'D:\\wamp\\www\\kite\\core\\Autoload.php',
  2 => 'D:\\wamp\\www\\kite\\core\\Common.php',
  3 => 'D:\\wamp\\www\\kite\\core\\Kite.php',
  4 => 'D:\\wamp\\www\\kite\\core\\Route.php',
  5 => 'D:\\wamp\\www\\kite\\project\\home\\index\\index.php',
  6 => 'D:\\wamp\\www\\kite\\core\\Template.php',
  7 => 'D:\\wamp\\www\\kite\\core\\Db.php',
  8 => 'D:\\wamp\\www\\kite\\Config.php',
  9 => 'D:\\wamp\\www\\kite\\core\\Log.php',
  10 => 'D:\\wamp\\www\\kite\\runtime\\cache\\fa05a7a87db183146b9692c488208210.php',
)
[ sql ] [ EXPLAIN : array (
  'id' => 1,
  'select_type' => 'SIMPLE',
  'table' => 'k_account',
  'type' => 'ALL',
  'possible_keys' => NULL,
  'key' => NULL,
  'key_len' => NULL,
  'ref' => NULL,
  'rows' => 1,
  'extra' => NULL,
) ]

---------------------------------------------------------------
