[ 2018-03-20T02:58:03+00:00 ] 127.0.0.1 127.0.0.1 GET /kite/
[ log ] 127.0.0.1/kite/ [运行时间：0.007923s][吞吐率：126.22req/s] [内存消耗：176.61kb] [文件加载：10]
array (
  0 => 'D:\\wamp64\\www\\kite\\index.php',
  1 => 'D:\\wamp64\\www\\kite\\core\\Autoload.php',
  2 => 'D:\\wamp64\\www\\kite\\core\\Common.php',
  3 => 'D:\\wamp64\\www\\kite\\core\\Kite.php',
  4 => 'D:\\wamp64\\www\\kite\\core\\Route.php',
  5 => 'D:\\wamp64\\www\\kite\\Config.php',
  6 => 'D:\\wamp64\\www\\kite\\project\\home\\index.php',
  7 => 'D:\\wamp64\\www\\kite\\core\\Template.php',
  8 => 'D:\\wamp64\\www\\kite\\runtime\\cache\\6a992d5529f459a44fee58c733255e86.php',
  9 => 'D:\\wamp64\\www\\kite\\core\\Log.php',
)

---------------------------------------------------------------
[ 2018-03-20T02:58:56+00:00 ] 127.0.0.1 127.0.0.1 GET /kite/
[ log ] 127.0.0.1/kite/ [运行时间：0.014409s][吞吐率：69.40req/s] [内存消耗：176.67kb] [文件加载：10]
array (
  0 => 'D:\\wamp64\\www\\kite\\index.php',
  1 => 'D:\\wamp64\\www\\kite\\core\\Autoload.php',
  2 => 'D:\\wamp64\\www\\kite\\core\\Common.php',
  3 => 'D:\\wamp64\\www\\kite\\core\\Kite.php',
  4 => 'D:\\wamp64\\www\\kite\\core\\Route.php',
  5 => 'D:\\wamp64\\www\\kite\\Config.php',
  6 => 'D:\\wamp64\\www\\kite\\project\\home\\index.php',
  7 => 'D:\\wamp64\\www\\kite\\core\\Template.php',
  8 => 'D:\\wamp64\\www\\kite\\runtime\\cache\\6a992d5529f459a44fee58c733255e86.php',
  9 => 'D:\\wamp64\\www\\kite\\core\\Log.php',
)

---------------------------------------------------------------
[ 2018-03-20T03:01:29+00:00 ] 127.0.0.1 127.0.0.1 GET /kite/
[ log ] 127.0.0.1/kite/ [运行时间：0.007672s][吞吐率：130.34req/s] [内存消耗：176.66kb] [文件加载：10]
array (
  0 => 'D:\\wamp64\\www\\kite\\index.php',
  1 => 'D:\\wamp64\\www\\kite\\core\\Autoload.php',
  2 => 'D:\\wamp64\\www\\kite\\core\\Common.php',
  3 => 'D:\\wamp64\\www\\kite\\core\\Kite.php',
  4 => 'D:\\wamp64\\www\\kite\\core\\Route.php',
  5 => 'D:\\wamp64\\www\\kite\\Config.php',
  6 => 'D:\\wamp64\\www\\kite\\project\\home\\index.php',
  7 => 'D:\\wamp64\\www\\kite\\core\\Template.php',
  8 => 'D:\\wamp64\\www\\kite\\runtime\\cache\\6a992d5529f459a44fee58c733255e86.php',
  9 => 'D:\\wamp64\\www\\kite\\core\\Log.php',
)

---------------------------------------------------------------
