[ 2019-08-05T10:21:15+08:00 ] 127.0.0.1 127.0.0.1 GET /
[ log ] www.kite.com/ [运行时间：0.047003s][吞吐率：21.28req/s] [内存消耗：120.76kb] [文件加载：10]
array (
  0 => 'D:\\wamp\\www\\kite\\index.php',
  1 => 'D:\\wamp\\www\\kite\\core\\Autoload.php',
  2 => 'D:\\wamp\\www\\kite\\core\\Common.php',
  3 => 'D:\\wamp\\www\\kite\\core\\Kite.php',
  4 => 'D:\\wamp\\www\\kite\\core\\Route.php',
  5 => 'D:\\wamp\\www\\kite\\Config.php',
  6 => 'D:\\wamp\\www\\kite\\project\\home\\Index.php',
  7 => 'D:\\wamp\\www\\kite\\core\\Template.php',
  8 => 'D:\\wamp\\www\\kite\\runtime\\cache\\6a992d5529f459a44fee58c733255e86.php',
  9 => 'D:\\wamp\\www\\kite\\core\\Log.php',
)

---------------------------------------------------------------
[ 2019-08-05T10:23:00+08:00 ] 127.0.0.1 127.0.0.1 GET /
[ log ] www.kite.com/ [运行时间：0.007001s][吞吐率：142.84req/s] [内存消耗：120.79kb] [文件加载：10]
array (
  0 => 'D:\\wamp\\www\\kite\\index.php',
  1 => 'D:\\wamp\\www\\kite\\core\\Autoload.php',
  2 => 'D:\\wamp\\www\\kite\\core\\Common.php',
  3 => 'D:\\wamp\\www\\kite\\core\\Kite.php',
  4 => 'D:\\wamp\\www\\kite\\core\\Route.php',
  5 => 'D:\\wamp\\www\\kite\\Config.php',
  6 => 'D:\\wamp\\www\\kite\\project\\home\\Index.php',
  7 => 'D:\\wamp\\www\\kite\\core\\Template.php',
  8 => 'D:\\wamp\\www\\kite\\runtime\\cache\\6a992d5529f459a44fee58c733255e86.php',
  9 => 'D:\\wamp\\www\\kite\\core\\Log.php',
)

---------------------------------------------------------------
[ 2019-08-05T10:23:01+08:00 ] 127.0.0.1 127.0.0.1 GET /
[ log ] www.kite.com/ [运行时间：0.003000s][吞吐率：333.33req/s] [内存消耗：120.76kb] [文件加载：10]
array (
  0 => 'D:\\wamp\\www\\kite\\index.php',
  1 => 'D:\\wamp\\www\\kite\\core\\Autoload.php',
  2 => 'D:\\wamp\\www\\kite\\core\\Common.php',
  3 => 'D:\\wamp\\www\\kite\\core\\Kite.php',
  4 => 'D:\\wamp\\www\\kite\\core\\Route.php',
  5 => 'D:\\wamp\\www\\kite\\Config.php',
  6 => 'D:\\wamp\\www\\kite\\project\\home\\Index.php',
  7 => 'D:\\wamp\\www\\kite\\core\\Template.php',
  8 => 'D:\\wamp\\www\\kite\\runtime\\cache\\6a992d5529f459a44fee58c733255e86.php',
  9 => 'D:\\wamp\\www\\kite\\core\\Log.php',
)

---------------------------------------------------------------
[ 2019-08-05T10:23:03+08:00 ] 127.0.0.1 127.0.0.1 GET /
[ log ] www.kite.com/ [运行时间：0.003000s][吞吐率：333.33req/s] [内存消耗：120.76kb] [文件加载：10]
array (
  0 => 'D:\\wamp\\www\\kite\\index.php',
  1 => 'D:\\wamp\\www\\kite\\core\\Autoload.php',
  2 => 'D:\\wamp\\www\\kite\\core\\Common.php',
  3 => 'D:\\wamp\\www\\kite\\core\\Kite.php',
  4 => 'D:\\wamp\\www\\kite\\core\\Route.php',
  5 => 'D:\\wamp\\www\\kite\\Config.php',
  6 => 'D:\\wamp\\www\\kite\\project\\home\\Index.php',
  7 => 'D:\\wamp\\www\\kite\\core\\Template.php',
  8 => 'D:\\wamp\\www\\kite\\runtime\\cache\\6a992d5529f459a44fee58c733255e86.php',
  9 => 'D:\\wamp\\www\\kite\\core\\Log.php',
)

---------------------------------------------------------------
[ 2019-08-05T10:23:03+08:00 ] 127.0.0.1 127.0.0.1 GET /
[ log ] www.kite.com/ [运行时间：0.005001s][吞吐率：199.97req/s] [内存消耗：120.76kb] [文件加载：10]
array (
  0 => 'D:\\wamp\\www\\kite\\index.php',
  1 => 'D:\\wamp\\www\\kite\\core\\Autoload.php',
  2 => 'D:\\wamp\\www\\kite\\core\\Common.php',
  3 => 'D:\\wamp\\www\\kite\\core\\Kite.php',
  4 => 'D:\\wamp\\www\\kite\\core\\Route.php',
  5 => 'D:\\wamp\\www\\kite\\Config.php',
  6 => 'D:\\wamp\\www\\kite\\project\\home\\Index.php',
  7 => 'D:\\wamp\\www\\kite\\core\\Template.php',
  8 => 'D:\\wamp\\www\\kite\\runtime\\cache\\6a992d5529f459a44fee58c733255e86.php',
  9 => 'D:\\wamp\\www\\kite\\core\\Log.php',
)

---------------------------------------------------------------
[ 2019-08-05T10:23:03+08:00 ] 127.0.0.1 127.0.0.1 GET /
[ log ] www.kite.com/ [运行时间：0.006000s][吞吐率：166.67req/s] [内存消耗：120.76kb] [文件加载：10]
array (
  0 => 'D:\\wamp\\www\\kite\\index.php',
  1 => 'D:\\wamp\\www\\kite\\core\\Autoload.php',
  2 => 'D:\\wamp\\www\\kite\\core\\Common.php',
  3 => 'D:\\wamp\\www\\kite\\core\\Kite.php',
  4 => 'D:\\wamp\\www\\kite\\core\\Route.php',
  5 => 'D:\\wamp\\www\\kite\\Config.php',
  6 => 'D:\\wamp\\www\\kite\\project\\home\\Index.php',
  7 => 'D:\\wamp\\www\\kite\\core\\Template.php',
  8 => 'D:\\wamp\\www\\kite\\runtime\\cache\\6a992d5529f459a44fee58c733255e86.php',
  9 => 'D:\\wamp\\www\\kite\\core\\Log.php',
)

---------------------------------------------------------------
[ 2019-08-05T10:46:28+08:00 ] 127.0.0.1 127.0.0.1 GET /
[ log ] www.kite.com/ [运行时间：0.012001s][吞吐率：83.33req/s] [内存消耗：120.76kb] [文件加载：10]
array (
  0 => 'D:\\wamp\\www\\kite\\index.php',
  1 => 'D:\\wamp\\www\\kite\\core\\Autoload.php',
  2 => 'D:\\wamp\\www\\kite\\core\\Common.php',
  3 => 'D:\\wamp\\www\\kite\\core\\Kite.php',
  4 => 'D:\\wamp\\www\\kite\\core\\Route.php',
  5 => 'D:\\wamp\\www\\kite\\Config.php',
  6 => 'D:\\wamp\\www\\kite\\project\\home\\Index.php',
  7 => 'D:\\wamp\\www\\kite\\core\\Template.php',
  8 => 'D:\\wamp\\www\\kite\\runtime\\cache\\6a992d5529f459a44fee58c733255e86.php',
  9 => 'D:\\wamp\\www\\kite\\core\\Log.php',
)

---------------------------------------------------------------
[ 2019-08-05T10:46:51+08:00 ] 127.0.0.1 127.0.0.1 GET /
[ log ] www.kite.com/ [运行时间：0.012000s][吞吐率：83.33req/s] [内存消耗：120.77kb] [文件加载：10]
array (
  0 => 'D:\\wamp\\www\\kite\\index.php',
  1 => 'D:\\wamp\\www\\kite\\core\\Autoload.php',
  2 => 'D:\\wamp\\www\\kite\\core\\Common.php',
  3 => 'D:\\wamp\\www\\kite\\core\\Kite.php',
  4 => 'D:\\wamp\\www\\kite\\core\\Route.php',
  5 => 'D:\\wamp\\www\\kite\\Config.php',
  6 => 'D:\\wamp\\www\\kite\\project\\home\\Index.php',
  7 => 'D:\\wamp\\www\\kite\\core\\Template.php',
  8 => 'D:\\wamp\\www\\kite\\runtime\\cache\\6a992d5529f459a44fee58c733255e86.php',
  9 => 'D:\\wamp\\www\\kite\\core\\Log.php',
)

---------------------------------------------------------------
[ 2019-08-05T10:46:53+08:00 ] 127.0.0.1 127.0.0.1 GET /
[ log ] www.kite.com/ [运行时间：0.008000s][吞吐率：125.00req/s] [内存消耗：120.76kb] [文件加载：10]
array (
  0 => 'D:\\wamp\\www\\kite\\index.php',
  1 => 'D:\\wamp\\www\\kite\\core\\Autoload.php',
  2 => 'D:\\wamp\\www\\kite\\core\\Common.php',
  3 => 'D:\\wamp\\www\\kite\\core\\Kite.php',
  4 => 'D:\\wamp\\www\\kite\\core\\Route.php',
  5 => 'D:\\wamp\\www\\kite\\Config.php',
  6 => 'D:\\wamp\\www\\kite\\project\\home\\Index.php',
  7 => 'D:\\wamp\\www\\kite\\core\\Template.php',
  8 => 'D:\\wamp\\www\\kite\\runtime\\cache\\6a992d5529f459a44fee58c733255e86.php',
  9 => 'D:\\wamp\\www\\kite\\core\\Log.php',
)

---------------------------------------------------------------
[ 2019-08-05T16:01:19+08:00 ] 127.0.0.1 127.0.0.1 GET /
[ log ] www.kite.com/ [运行时间：0.077004s][吞吐率：12.99req/s] [内存消耗：120.76kb] [文件加载：10]
array (
  0 => 'D:\\wamp\\www\\kite\\index.php',
  1 => 'D:\\wamp\\www\\kite\\core\\Autoload.php',
  2 => 'D:\\wamp\\www\\kite\\core\\Common.php',
  3 => 'D:\\wamp\\www\\kite\\core\\Kite.php',
  4 => 'D:\\wamp\\www\\kite\\core\\Route.php',
  5 => 'D:\\wamp\\www\\kite\\Config.php',
  6 => 'D:\\wamp\\www\\kite\\project\\home\\Index.php',
  7 => 'D:\\wamp\\www\\kite\\core\\Template.php',
  8 => 'D:\\wamp\\www\\kite\\runtime\\cache\\6a992d5529f459a44fee58c733255e86.php',
  9 => 'D:\\wamp\\www\\kite\\core\\Log.php',
)

---------------------------------------------------------------
